{"contracts/Hub.sol":{"l":{"59":1,"66":0,"67":0,"69":0,"77":0,"78":0,"80":0,"92":0,"93":0,"94":0,"97":0,"98":0,"99":0,"102":0,"105":0,"106":0,"108":0,"121":0,"122":0,"134":0,"136":0,"139":0,"140":0,"143":0,"144":0,"147":0,"149":0,"161":0,"162":0,"173":0,"174":0,"175":0,"176":0,"178":0,"192":0,"193":0,"205":0,"206":0,"219":0,"220":0,"233":0,"234":0,"235":0,"238":0,"239":0,"240":0,"241":0,"244":0,"256":0,"257":0,"258":0,"271":0,"272":0,"273":0,"282":0,"290":0,"298":0,"307":0,"308":0,"309":0,"310":0,"312":0,"313":0,"315":0,"317":0,"320":0,"331":0,"340":0,"349":0,"362":0,"363":0,"364":0,"366":0,"388":0,"404":0,"408":0,"409":0,"413":0,"415":0,"422":0,"424":0,"432":0,"433":0,"434":0,"437":0,"438":0,"439":0,"440":0,"443":0,"464":0,"472":0},"path":"/Users/samb/workspace/desamtralized/local-money/contracts/evm/contracts/Hub.sol","s":{"1":1,"2":0,"3":0,"4":0,"5":0,"6":0,"7":0,"8":0,"9":0,"10":0,"11":0,"12":0,"13":0,"14":0,"15":0,"16":0,"17":0,"18":0,"19":0,"20":0,"21":0,"22":0,"23":0,"24":0,"25":0,"26":0,"27":0,"28":0,"29":0,"30":0,"31":0,"32":0,"33":0,"34":0,"35":0,"36":0,"37":0,"38":0,"39":0,"40":0,"41":0,"42":0,"43":0,"44":0,"45":0,"46":0,"47":0,"48":0,"49":0,"50":0,"51":0,"52":0,"53":0,"54":0,"55":0,"56":0,"57":0,"58":0,"59":0,"60":0,"61":0,"62":0,"63":0,"64":0,"65":0,"66":0},"b":{"1":[0,0],"2":[0,0],"3":[0,0],"4":[0,0],"5":[0,0],"6":[0,0],"7":[0,0],"8":[0,0],"9":[0,0],"10":[0,0],"11":[0,0],"12":[0,0],"13":[0,0],"14":[0,0],"15":[0,0],"16":[0,0],"17":[0,0],"18":[0,0],"19":[0,0],"20":[0,0],"21":[0,0],"22":[0,0],"23":[0,0],"24":[0,0],"25":[0,0],"26":[0,0],"27":[0,0],"28":[0,0],"29":[0,0],"30":[0,0],"31":[0,0],"32":[0,0],"33":[0,0],"34":[0,0],"35":[0,0],"36":[0,0],"37":[0,0]},"f":{"1":1,"2":0,"3":0,"4":0,"5":0,"6":0,"7":0,"8":0,"9":0,"10":0,"11":0,"12":0,"13":0,"14":0,"15":0,"16":0,"17":0,"18":0,"19":0,"20":0,"21":0,"22":0,"23":0,"24":0,"25":0,"26":0,"27":0},"fnMap":{"1":{"name":"constructor","line":58,"loc":{"start":{"line":58,"column":4},"end":{"line":60,"column":4}}},"2":{"name":"whenNotPaused","line":65,"loc":{"start":{"line":65,"column":4},"end":{"line":70,"column":4}}},"3":{"name":"whenNotPausedByType","line":76,"loc":{"start":{"line":76,"column":4},"end":{"line":81,"column":4}}},"4":{"name":"initialize","line":90,"loc":{"start":{"line":88,"column":4},"end":{"line":109,"column":4}}},"5":{"name":"updateConfig","line":119,"loc":{"start":{"line":116,"column":4},"end":{"line":123,"column":4}}},"6":{"name":"updateAdmin","line":132,"loc":{"start":{"line":130,"column":4},"end":{"line":150,"column":4}}},"7":{"name":"emergencyPause","line":159,"loc":{"start":{"line":157,"column":4},"end":{"line":163,"column":4}}},"8":{"name":"resume","line":171,"loc":{"start":{"line":169,"column":4},"end":{"line":179,"column":4}}},"9":{"name":"pauseOperation","line":190,"loc":{"start":{"line":188,"column":4},"end":{"line":194,"column":4}}},"10":{"name":"unpauseOperation","line":203,"loc":{"start":{"line":201,"column":4},"end":{"line":207,"column":4}}},"11":{"name":"pauseContract","line":217,"loc":{"start":{"line":215,"column":4},"end":{"line":221,"column":4}}},"12":{"name":"enhancedEmergencyPause","line":231,"loc":{"start":{"line":229,"column":4},"end":{"line":245,"column":4}}},"13":{"name":"batchPauseOperations","line":254,"loc":{"start":{"line":252,"column":4},"end":{"line":260,"column":4}}},"14":{"name":"batchUnpauseOperations","line":269,"loc":{"start":{"line":267,"column":4},"end":{"line":275,"column":4}}},"15":{"name":"getConfig","line":281,"loc":{"start":{"line":281,"column":4},"end":{"line":283,"column":4}}},"16":{"name":"getAdmin","line":289,"loc":{"start":{"line":289,"column":4},"end":{"line":291,"column":4}}},"17":{"name":"isPaused","line":297,"loc":{"start":{"line":297,"column":4},"end":{"line":299,"column":4}}},"18":{"name":"isPausedByType","line":306,"loc":{"start":{"line":306,"column":4},"end":{"line":321,"column":4}}},"19":{"name":"isOperationPaused","line":330,"loc":{"start":{"line":330,"column":4},"end":{"line":332,"column":4}}},"20":{"name":"isContractPaused","line":339,"loc":{"start":{"line":339,"column":4},"end":{"line":341,"column":4}}},"21":{"name":"getLastEmergencyPauseInfo","line":348,"loc":{"start":{"line":348,"column":4},"end":{"line":350,"column":4}}},"22":{"name":"batchCheckOperationsPaused","line":357,"loc":{"start":{"line":357,"column":4},"end":{"line":367,"column":4}}},"23":{"name":"getCircuitBreakerStatus","line":377,"loc":{"start":{"line":377,"column":4},"end":{"line":395,"column":4}}},"24":{"name":"_validateAndSetConfig","line":402,"loc":{"start":{"line":402,"column":4},"end":{"line":444,"column":4}}},"25":{"name":"_authorizeUpgrade","line":454,"loc":{"start":{"line":451,"column":4},"end":{"line":457,"column":4}}},"26":{"name":"version","line":463,"loc":{"start":{"line":463,"column":4},"end":{"line":465,"column":4}}},"27":{"name":"isInitialized","line":471,"loc":{"start":{"line":471,"column":4},"end":{"line":473,"column":4}}}},"statementMap":{"1":{"start":{"line":59,"column":8},"end":{"line":59,"column":29}},"2":{"start":{"line":66,"column":8},"end":{"line":66,"column":2605}},"3":{"start":{"line":77,"column":8},"end":{"line":77,"column":2887}},"4":{"start":{"line":92,"column":8},"end":{"line":92,"column":31}},"5":{"start":{"line":93,"column":8},"end":{"line":93,"column":29}},"6":{"start":{"line":94,"column":8},"end":{"line":94,"column":31}},"7":{"start":{"line":97,"column":8},"end":{"line":97,"column":49}},"8":{"start":{"line":98,"column":8},"end":{"line":98,"column":41}},"9":{"start":{"line":99,"column":8},"end":{"line":99,"column":45}},"10":{"start":{"line":105,"column":8},"end":{"line":105,"column":44}},"11":{"start":{"line":108,"column":8},"end":{"line":108,"column":42}},"12":{"start":{"line":121,"column":8},"end":{"line":121,"column":40}},"13":{"start":{"line":122,"column":8},"end":{"line":122,"column":38}},"14":{"start":{"line":134,"column":8},"end":{"line":134,"column":64}},"15":{"start":{"line":136,"column":8},"end":{"line":136,"column":33}},"16":{"start":{"line":139,"column":8},"end":{"line":139,"column":40}},"17":{"start":{"line":140,"column":8},"end":{"line":140,"column":48}},"18":{"start":{"line":143,"column":8},"end":{"line":143,"column":40}},"19":{"start":{"line":144,"column":8},"end":{"line":144,"column":48}},"20":{"start":{"line":149,"column":8},"end":{"line":149,"column":46}},"21":{"start":{"line":162,"column":8},"end":{"line":162,"column":56}},"22":{"start":{"line":178,"column":8},"end":{"line":178,"column":50}},"23":{"start":{"line":193,"column":8},"end":{"line":193,"column":52}},"24":{"start":{"line":206,"column":8},"end":{"line":206,"column":54}},"25":{"start":{"line":220,"column":8},"end":{"line":220,"column":66}},"26":{"start":{"line":238,"column":8},"end":{"line":238,"column":7546}},"27":{"start":{"line":239,"column":12},"end":{"line":239,"column":57}},"28":{"start":{"line":241,"column":12},"end":{"line":241,"column":89}},"29":{"start":{"line":244,"column":8},"end":{"line":244,"column":57}},"30":{"start":{"line":256,"column":8},"end":{"line":256,"column":8209}},"31":{"start":{"line":258,"column":12},"end":{"line":258,"column":60}},"32":{"start":{"line":271,"column":8},"end":{"line":271,"column":8722}},"33":{"start":{"line":273,"column":12},"end":{"line":273,"column":62}},"34":{"start":{"line":282,"column":8},"end":{"line":282,"column":22}},"35":{"start":{"line":290,"column":8},"end":{"line":290,"column":21}},"36":{"start":{"line":298,"column":8},"end":{"line":298,"column":34}},"37":{"start":{"line":307,"column":8},"end":{"line":307,"column":55}},"38":{"start":{"line":308,"column":8},"end":{"line":308,"column":55}},"39":{"start":{"line":309,"column":8},"end":{"line":309,"column":59}},"40":{"start":{"line":310,"column":8},"end":{"line":310,"column":65}},"41":{"start":{"line":312,"column":8},"end":{"line":312,"column":10004}},"42":{"start":{"line":313,"column":12},"end":{"line":313,"column":64}},"43":{"start":{"line":314,"column":15},"end":{"line":314,"column":10116}},"44":{"start":{"line":315,"column":12},"end":{"line":315,"column":63}},"45":{"start":{"line":316,"column":15},"end":{"line":316,"column":10229}},"46":{"start":{"line":317,"column":12},"end":{"line":317,"column":66}},"47":{"start":{"line":320,"column":8},"end":{"line":320,"column":34}},"48":{"start":{"line":331,"column":8},"end":{"line":331,"column":65}},"49":{"start":{"line":340,"column":8},"end":{"line":340,"column":63}},"50":{"start":{"line":349,"column":8},"end":{"line":349,"column":56}},"51":{"start":{"line":363,"column":8},"end":{"line":363,"column":11834}},"52":{"start":{"line":366,"column":8},"end":{"line":366,"column":23}},"53":{"start":{"line":388,"column":8},"end":{"line":388,"column":12642}},"54":{"start":{"line":404,"column":8},"end":{"line":404,"column":13207}},"55":{"start":{"line":408,"column":8},"end":{"line":408,"column":13346}},"56":{"start":{"line":413,"column":8},"end":{"line":413,"column":13507}},"57":{"start":{"line":422,"column":8},"end":{"line":422,"column":13851}},"58":{"start":{"line":432,"column":8},"end":{"line":432,"column":77}},"59":{"start":{"line":433,"column":8},"end":{"line":433,"column":84}},"60":{"start":{"line":434,"column":8},"end":{"line":434,"column":88}},"61":{"start":{"line":437,"column":8},"end":{"line":437,"column":77}},"62":{"start":{"line":438,"column":8},"end":{"line":438,"column":101}},"63":{"start":{"line":439,"column":8},"end":{"line":439,"column":75}},"64":{"start":{"line":440,"column":8},"end":{"line":440,"column":75}},"65":{"start":{"line":464,"column":8},"end":{"line":464,"column":22}},"66":{"start":{"line":472,"column":8},"end":{"line":472,"column":27}}},"branchMap":{"1":{"line":66,"type":"if","locations":[{"start":{"line":66,"column":8},"end":{"line":66,"column":8}},{"start":{"line":66,"column":8},"end":{"line":66,"column":8}}]},"2":{"line":77,"type":"if","locations":[{"start":{"line":77,"column":8},"end":{"line":77,"column":8}},{"start":{"line":77,"column":8},"end":{"line":77,"column":8}}]},"3":{"line":90,"type":"if","locations":[{"start":{"line":90,"column":8},"end":{"line":90,"column":8}},{"start":{"line":90,"column":8},"end":{"line":90,"column":8}}]},"4":{"line":118,"type":"if","locations":[{"start":{"line":118,"column":8},"end":{"line":118,"column":8}},{"start":{"line":118,"column":8},"end":{"line":118,"column":8}}]},"5":{"line":119,"type":"if","locations":[{"start":{"line":119,"column":8},"end":{"line":119,"column":8}},{"start":{"line":119,"column":8},"end":{"line":119,"column":8}}]},"6":{"line":132,"type":"if","locations":[{"start":{"line":132,"column":8},"end":{"line":132,"column":8}},{"start":{"line":132,"column":8},"end":{"line":132,"column":8}}]},"7":{"line":134,"type":"if","locations":[{"start":{"line":134,"column":8},"end":{"line":134,"column":8}},{"start":{"line":134,"column":8},"end":{"line":134,"column":8}}]},"8":{"line":159,"type":"if","locations":[{"start":{"line":159,"column":8},"end":{"line":159,"column":8}},{"start":{"line":159,"column":8},"end":{"line":159,"column":8}}]},"9":{"line":171,"type":"if","locations":[{"start":{"line":171,"column":8},"end":{"line":171,"column":8}},{"start":{"line":171,"column":8},"end":{"line":171,"column":8}}]},"10":{"line":190,"type":"if","locations":[{"start":{"line":190,"column":8},"end":{"line":190,"column":8}},{"start":{"line":190,"column":8},"end":{"line":190,"column":8}}]},"11":{"line":203,"type":"if","locations":[{"start":{"line":203,"column":8},"end":{"line":203,"column":8}},{"start":{"line":203,"column":8},"end":{"line":203,"column":8}}]},"12":{"line":217,"type":"if","locations":[{"start":{"line":217,"column":8},"end":{"line":217,"column":8}},{"start":{"line":217,"column":8},"end":{"line":217,"column":8}}]},"13":{"line":231,"type":"if","locations":[{"start":{"line":231,"column":8},"end":{"line":231,"column":8}},{"start":{"line":231,"column":8},"end":{"line":231,"column":8}}]},"14":{"line":238,"type":"if","locations":[{"start":{"line":238,"column":8},"end":{"line":238,"column":8}},{"start":{"line":238,"column":8},"end":{"line":238,"column":8}}]},"15":{"line":254,"type":"if","locations":[{"start":{"line":254,"column":8},"end":{"line":254,"column":8}},{"start":{"line":254,"column":8},"end":{"line":254,"column":8}}]},"16":{"line":269,"type":"if","locations":[{"start":{"line":269,"column":8},"end":{"line":269,"column":8}},{"start":{"line":269,"column":8},"end":{"line":269,"column":8}}]},"17":{"line":312,"type":"if","locations":[{"start":{"line":312,"column":8},"end":{"line":312,"column":8}},{"start":{"line":312,"column":8},"end":{"line":312,"column":8}}]},"18":{"line":313,"type":"cond-expr","locations":[{"start":{"line":313,"column":19},"end":{"line":313,"column":40}},{"start":{"line":313,"column":45},"end":{"line":313,"column":63}}]},"19":{"line":314,"type":"if","locations":[{"start":{"line":314,"column":15},"end":{"line":314,"column":15}},{"start":{"line":314,"column":15},"end":{"line":314,"column":15}}]},"20":{"line":315,"type":"cond-expr","locations":[{"start":{"line":315,"column":19},"end":{"line":315,"column":39}},{"start":{"line":315,"column":44},"end":{"line":315,"column":62}}]},"21":{"line":316,"type":"if","locations":[{"start":{"line":316,"column":15},"end":{"line":316,"column":15}},{"start":{"line":316,"column":15},"end":{"line":316,"column":15}}]},"22":{"line":317,"type":"cond-expr","locations":[{"start":{"line":317,"column":19},"end":{"line":317,"column":42}},{"start":{"line":317,"column":47},"end":{"line":317,"column":65}}]},"23":{"line":331,"type":"cond-expr","locations":[{"start":{"line":331,"column":15},"end":{"line":331,"column":41}},{"start":{"line":331,"column":46},"end":{"line":331,"column":64}}]},"24":{"line":340,"type":"cond-expr","locations":[{"start":{"line":340,"column":15},"end":{"line":340,"column":39}},{"start":{"line":340,"column":44},"end":{"line":340,"column":62}}]},"25":{"line":408,"type":"if","locations":[{"start":{"line":408,"column":8},"end":{"line":408,"column":8}},{"start":{"line":408,"column":8},"end":{"line":408,"column":8}}]},"26":{"line":413,"type":"if","locations":[{"start":{"line":413,"column":8},"end":{"line":413,"column":8}},{"start":{"line":413,"column":8},"end":{"line":413,"column":8}}]},"27":{"line":413,"type":"cond-expr","locations":[{"start":{"line":413,"column":12},"end":{"line":413,"column":60}},{"start":{"line":414,"column":12},"end":{"line":414,"column":71}}]},"28":{"line":422,"type":"if","locations":[{"start":{"line":422,"column":8},"end":{"line":422,"column":8}},{"start":{"line":422,"column":8},"end":{"line":422,"column":8}}]},"29":{"line":422,"type":"cond-expr","locations":[{"start":{"line":422,"column":12},"end":{"line":422,"column":57}},{"start":{"line":423,"column":12},"end":{"line":423,"column":65}}]},"30":{"line":432,"type":"if","locations":[{"start":{"line":432,"column":8},"end":{"line":432,"column":8}},{"start":{"line":432,"column":8},"end":{"line":432,"column":8}}]},"31":{"line":433,"type":"if","locations":[{"start":{"line":433,"column":8},"end":{"line":433,"column":8}},{"start":{"line":433,"column":8},"end":{"line":433,"column":8}}]},"32":{"line":434,"type":"if","locations":[{"start":{"line":434,"column":8},"end":{"line":434,"column":8}},{"start":{"line":434,"column":8},"end":{"line":434,"column":8}}]},"33":{"line":437,"type":"if","locations":[{"start":{"line":437,"column":8},"end":{"line":437,"column":8}},{"start":{"line":437,"column":8},"end":{"line":437,"column":8}}]},"34":{"line":438,"type":"if","locations":[{"start":{"line":438,"column":8},"end":{"line":438,"column":8}},{"start":{"line":438,"column":8},"end":{"line":438,"column":8}}]},"35":{"line":439,"type":"if","locations":[{"start":{"line":439,"column":8},"end":{"line":439,"column":8}},{"start":{"line":439,"column":8},"end":{"line":439,"column":8}}]},"36":{"line":440,"type":"if","locations":[{"start":{"line":440,"column":8},"end":{"line":440,"column":8}},{"start":{"line":440,"column":8},"end":{"line":440,"column":8}}]},"37":{"line":454,"type":"if","locations":[{"start":{"line":454,"column":8},"end":{"line":454,"column":8}},{"start":{"line":454,"column":8},"end":{"line":454,"column":8}}]}}},"contracts/interfaces/IHub.sol":{"l":{},"path":"/Users/samb/workspace/desamtralized/local-money/contracts/evm/contracts/interfaces/IHub.sol","s":{},"b":{},"f":{},"fnMap":{},"statementMap":{},"branchMap":{}},"contracts/interfaces/ILocalToken.sol":{"l":{},"path":"/Users/samb/workspace/desamtralized/local-money/contracts/evm/contracts/interfaces/ILocalToken.sol","s":{},"b":{},"f":{},"fnMap":{},"statementMap":{},"branchMap":{}},"contracts/interfaces/IOffer.sol":{"l":{},"path":"/Users/samb/workspace/desamtralized/local-money/contracts/evm/contracts/interfaces/IOffer.sol","s":{},"b":{},"f":{},"fnMap":{},"statementMap":{},"branchMap":{}},"contracts/interfaces/IPriceOracle.sol":{"l":{},"path":"/Users/samb/workspace/desamtralized/local-money/contracts/evm/contracts/interfaces/IPriceOracle.sol","s":{},"b":{},"f":{},"fnMap":{},"statementMap":{},"branchMap":{}},"contracts/interfaces/IProfile.sol":{"l":{},"path":"/Users/samb/workspace/desamtralized/local-money/contracts/evm/contracts/interfaces/IProfile.sol","s":{},"b":{},"f":{},"fnMap":{},"statementMap":{},"branchMap":{}},"contracts/interfaces/ITrade.sol":{"l":{},"path":"/Users/samb/workspace/desamtralized/local-money/contracts/evm/contracts/interfaces/ITrade.sol","s":{},"b":{},"f":{},"fnMap":{},"statementMap":{},"branchMap":{}},"contracts/libraries/FeeCalculations.sol":{"l":{"32":0,"34":0,"35":0,"36":0,"39":0,"40":0,"41":0,"42":0,"56":0,"58":0,"59":0,"60":0,"61":0,"64":0,"65":0,"66":0,"67":0,"81":0,"82":0,"83":0,"84":0,"97":0,"98":0,"100":0,"114":0,"115":0},"path":"/Users/samb/workspace/desamtralized/local-money/contracts/evm/contracts/libraries/FeeCalculations.sol","s":{"1":0,"2":0,"3":0,"4":0,"5":0,"6":0,"7":0,"8":0,"9":0,"10":0},"b":{},"f":{"1":0,"2":0,"3":0,"4":0,"5":0},"fnMap":{"1":{"name":"calculateStandardFees","line":28,"loc":{"start":{"line":28,"column":4},"end":{"line":44,"column":4}}},"2":{"name":"calculateFeesWithArbitrator","line":52,"loc":{"start":{"line":52,"column":4},"end":{"line":69,"column":4}}},"3":{"name":"toStandardFees","line":76,"loc":{"start":{"line":76,"column":4},"end":{"line":85,"column":4}}},"4":{"name":"validateFeeConfig","line":92,"loc":{"start":{"line":92,"column":4},"end":{"line":102,"column":4}}},"5":{"name":"calculateRemainingAmount","line":110,"loc":{"start":{"line":110,"column":4},"end":{"line":118,"column":4}}}},"statementMap":{"1":{"start":{"line":34,"column":12},"end":{"line":34,"column":50}},"2":{"start":{"line":35,"column":12},"end":{"line":35,"column":52}},"3":{"start":{"line":36,"column":12},"end":{"line":36,"column":58}},"4":{"start":{"line":58,"column":12},"end":{"line":58,"column":50}},"5":{"start":{"line":59,"column":12},"end":{"line":59,"column":52}},"6":{"start":{"line":60,"column":12},"end":{"line":60,"column":58}},"7":{"start":{"line":61,"column":12},"end":{"line":61,"column":62}},"8":{"start":{"line":98,"column":12},"end":{"line":98,"column":3748}},"9":{"start":{"line":100,"column":12},"end":{"line":100,"column":36}},"10":{"start":{"line":115,"column":12},"end":{"line":115,"column":4359}}},"branchMap":{}},"contracts/libraries/TradeUtils.sol":{"l":{"25":0,"26":0,"27":0,"31":0,"32":0,"36":0,"37":0,"42":0,"43":0,"47":0,"48":0,"51":0,"65":0,"66":0,"76":0,"89":0,"90":0,"109":0,"110":0,"112":0,"113":0,"128":0,"129":0,"130":0},"path":"/Users/samb/workspace/desamtralized/local-money/contracts/evm/contracts/libraries/TradeUtils.sol","s":{"1":0,"2":0,"3":0,"4":0,"5":0,"6":0,"7":0,"8":0,"9":0,"10":0,"11":0,"12":0,"13":0,"14":0,"15":0,"16":0,"17":0},"b":{"1":[0,0],"2":[0,0],"3":[0,0],"4":[0,0],"5":[0,0],"6":[0,0],"7":[0,0],"8":[0,0],"9":[0,0],"10":[0,0],"11":[0,0],"12":[0,0]},"f":{"1":0,"2":0,"3":0,"4":0,"5":0,"6":0},"fnMap":{"1":{"name":"isValidStateTransition","line":20,"loc":{"start":{"line":20,"column":4},"end":{"line":53,"column":4}}},"2":{"name":"calculateExpiration","line":61,"loc":{"start":{"line":61,"column":4},"end":{"line":68,"column":4}}},"3":{"name":"isExpired","line":75,"loc":{"start":{"line":75,"column":4},"end":{"line":77,"column":4}}},"4":{"name":"calculateFee","line":85,"loc":{"start":{"line":85,"column":4},"end":{"line":92,"column":4}}},"5":{"name":"packTradeData","line":102,"loc":{"start":{"line":102,"column":4},"end":{"line":115,"column":4}}},"6":{"name":"unpackTradeData","line":123,"loc":{"start":{"line":123,"column":4},"end":{"line":132,"column":4}}}},"statementMap":{"1":{"start":{"line":26,"column":12},"end":{"line":26,"column":793}},"2":{"start":{"line":27,"column":16},"end":{"line":27,"column":921}},"3":{"start":{"line":31,"column":12},"end":{"line":31,"column":1031}},"4":{"start":{"line":32,"column":16},"end":{"line":32,"column":1160}},"5":{"start":{"line":36,"column":12},"end":{"line":36,"column":1266}},"6":{"start":{"line":37,"column":16},"end":{"line":37,"column":1391}},"7":{"start":{"line":42,"column":12},"end":{"line":42,"column":1570}},"8":{"start":{"line":43,"column":16},"end":{"line":43,"column":1696}},"9":{"start":{"line":47,"column":12},"end":{"line":47,"column":1804}},"10":{"start":{"line":48,"column":16},"end":{"line":48,"column":68}},"11":{"start":{"line":51,"column":12},"end":{"line":51,"column":24}},"12":{"start":{"line":66,"column":12},"end":{"line":66,"column":55}},"13":{"start":{"line":76,"column":8},"end":{"line":76,"column":42}},"14":{"start":{"line":90,"column":12},"end":{"line":90,"column":51}},"15":{"start":{"line":109,"column":8},"end":{"line":109,"column":62}},"16":{"start":{"line":110,"column":8},"end":{"line":110,"column":71}},"17":{"start":{"line":113,"column":12},"end":{"line":113,"column":74}}},"branchMap":{"1":{"line":26,"type":"if","locations":[{"start":{"line":26,"column":12},"end":{"line":26,"column":12}},{"start":{"line":26,"column":12},"end":{"line":26,"column":12}}]},"2":{"line":27,"type":"cond-expr","locations":[{"start":{"line":27,"column":23},"end":{"line":27,"column":67}},{"start":{"line":28,"column":23},"end":{"line":28,"column":67}}]},"3":{"line":31,"type":"if","locations":[{"start":{"line":31,"column":12},"end":{"line":31,"column":12}},{"start":{"line":31,"column":12},"end":{"line":31,"column":12}}]},"4":{"line":32,"type":"cond-expr","locations":[{"start":{"line":32,"column":23},"end":{"line":32,"column":64}},{"start":{"line":33,"column":23},"end":{"line":33,"column":67}}]},"5":{"line":36,"type":"if","locations":[{"start":{"line":36,"column":12},"end":{"line":36,"column":12}},{"start":{"line":36,"column":12},"end":{"line":36,"column":12}}]},"6":{"line":37,"type":"cond-expr","locations":[{"start":{"line":37,"column":23},"end":{"line":37,"column":65}},{"start":{"line":38,"column":23},"end":{"line":38,"column":67}}]},"7":{"line":37,"type":"cond-expr","locations":[{"start":{"line":37,"column":23},"end":{"line":38,"column":67}},{"start":{"line":39,"column":23},"end":{"line":39,"column":66}}]},"8":{"line":42,"type":"if","locations":[{"start":{"line":42,"column":12},"end":{"line":42,"column":12}},{"start":{"line":42,"column":12},"end":{"line":42,"column":12}}]},"9":{"line":43,"type":"cond-expr","locations":[{"start":{"line":43,"column":23},"end":{"line":43,"column":66}},{"start":{"line":44,"column":23},"end":{"line":44,"column":66}}]},"10":{"line":47,"type":"if","locations":[{"start":{"line":47,"column":12},"end":{"line":47,"column":12}},{"start":{"line":47,"column":12},"end":{"line":47,"column":12}}]},"11":{"line":109,"type":"if","locations":[{"start":{"line":109,"column":8},"end":{"line":109,"column":8}},{"start":{"line":109,"column":8},"end":{"line":109,"column":8}}]},"12":{"line":110,"type":"if","locations":[{"start":{"line":110,"column":8},"end":{"line":110,"column":8}},{"start":{"line":110,"column":8},"end":{"line":110,"column":8}}]}}},"contracts/MockERC20.sol":{"l":{"19":24,"23":1,"27":6,"31":0},"path":"/Users/samb/workspace/desamtralized/local-money/contracts/evm/contracts/MockERC20.sol","s":{"1":1,"2":6,"3":0},"b":{},"f":{"1":24,"2":1,"3":6,"4":0},"fnMap":{"1":{"name":"constructor","line":18,"loc":{"start":{"line":14,"column":4},"end":{"line":20,"column":4}}},"2":{"name":"decimals","line":22,"loc":{"start":{"line":22,"column":4},"end":{"line":24,"column":4}}},"3":{"name":"mint","line":26,"loc":{"start":{"line":26,"column":4},"end":{"line":28,"column":4}}},"4":{"name":"burn","line":30,"loc":{"start":{"line":30,"column":4},"end":{"line":32,"column":4}}}},"statementMap":{"1":{"start":{"line":23,"column":8},"end":{"line":23,"column":24}},"2":{"start":{"line":27,"column":8},"end":{"line":27,"column":24}},"3":{"start":{"line":31,"column":8},"end":{"line":31,"column":26}}},"branchMap":{}},"contracts/Offer.sol":{"l":{"50":0,"58":0,"59":0,"61":0,"62":0,"63":0,"72":0,"73":0,"75":0,"76":0,"77":0,"81":0,"105":0,"108":0,"109":0,"110":0,"114":0,"115":0,"116":0,"117":0,"121":0,"122":0,"138":0,"139":0,"142":0,"143":0,"146":0,"147":0,"149":0,"151":0,"169":0,"187":0,"189":0,"190":0,"191":0,"192":0,"195":0,"196":0,"197":0,"200":0,"201":0,"203":0,"204":0,"206":0,"207":0,"209":0,"210":0,"214":0,"215":0,"218":0,"219":0,"221":0,"222":0,"224":0,"227":0,"230":0,"232":0,"233":0,"236":0,"237":0,"246":0,"254":0,"262":0,"264":0,"267":0,"268":0,"271":0,"274":0,"275":0,"276":0,"277":0,"280":0,"281":0,"301":0,"302":0,"305":0,"306":0,"307":0,"309":0,"310":0,"313":0,"314":0,"315":0,"318":0,"319":0,"320":0,"337":0,"338":0,"341":0,"342":0,"344":0,"345":0,"348":0,"349":0,"350":0,"353":0,"354":0,"355":0,"365":0,"366":0,"376":0,"385":0,"396":0,"398":0,"399":0,"400":0,"403":0,"412":0,"427":0,"441":0,"442":0,"444":0,"445":0,"455":0,"456":0},"path":"/Users/samb/workspace/desamtralized/local-money/contracts/evm/contracts/Offer.sol","s":{"1":0,"2":0,"3":0,"4":0,"5":0,"6":0,"7":0,"8":0,"9":0,"10":0,"11":0,"12":0,"13":0,"14":0,"15":0,"16":0,"17":0,"18":0,"19":0,"20":0,"21":0,"22":0,"23":0,"24":0,"25":0,"26":0,"27":0,"28":0,"29":0,"30":0,"31":0,"32":0,"33":0,"34":0,"35":0,"36":0,"37":0,"38":0,"39":0,"40":0,"41":0,"42":0,"43":0,"44":0,"45":0,"46":0,"47":0,"48":0,"49":0,"50":0,"51":0,"52":0,"53":0,"54":0,"55":0,"56":0,"57":0,"58":0,"59":0,"60":0,"61":0,"62":0,"63":0,"64":0,"65":0,"66":0,"67":0,"68":0,"69":0,"70":0,"71":0,"72":0,"73":0,"74":0,"75":0,"76":0,"77":0,"78":0,"79":0,"80":0,"81":0,"82":0,"83":0,"84":0,"85":0,"86":0,"87":0,"88":0,"89":0,"90":0,"91":0},"b":{"1":[0,0],"2":[0,0],"3":[0,0],"4":[0,0],"5":[0,0],"6":[0,0],"7":[0,0],"8":[0,0],"9":[0,0],"10":[0,0],"11":[0,0],"12":[0,0],"13":[0,0],"14":[0,0],"15":[0,0],"16":[0,0],"17":[0,0],"18":[0,0],"19":[0,0],"20":[0,0],"21":[0,0],"22":[0,0],"23":[0,0],"24":[0,0],"25":[0,0],"26":[0,0],"27":[0,0],"28":[0,0],"29":[0,0],"30":[0,0],"31":[0,0],"32":[0,0],"33":[0,0],"34":[0,0],"35":[0,0],"36":[0,0]},"f":{"1":0,"2":0,"3":0,"4":0,"5":0,"6":0,"7":0,"8":0,"9":0,"10":0,"11":0,"12":0,"13":0,"14":0,"15":0,"16":0,"17":0,"18":0,"19":0},"fnMap":{"1":{"name":"constructor","line":49,"loc":{"start":{"line":49,"column":4},"end":{"line":51,"column":4}}},"2":{"name":"initialize","line":57,"loc":{"start":{"line":57,"column":4},"end":{"line":64,"column":4}}},"3":{"name":"getUserActiveOfferCount","line":71,"loc":{"start":{"line":71,"column":4},"end":{"line":82,"column":4}}},"4":{"name":"createOffer","line":103,"loc":{"start":{"line":95,"column":4},"end":{"line":152,"column":4}}},"5":{"name":"updateOffer","line":162,"loc":{"start":{"line":162,"column":4},"end":{"line":170,"column":4}}},"6":{"name":"_updateOfferInternal","line":186,"loc":{"start":{"line":180,"column":4},"end":{"line":239,"column":4}}},"7":{"name":"pauseOffer","line":245,"loc":{"start":{"line":245,"column":4},"end":{"line":247,"column":4}}},"8":{"name":"activateOffer","line":253,"loc":{"start":{"line":253,"column":4},"end":{"line":255,"column":4}}},"9":{"name":"archiveOffer","line":261,"loc":{"start":{"line":261,"column":4},"end":{"line":282,"column":4}}},"10":{"name":"getOffersByType","line":294,"loc":{"start":{"line":294,"column":4},"end":{"line":322,"column":4}}},"11":{"name":"getUserOffers","line":332,"loc":{"start":{"line":332,"column":4},"end":{"line":357,"column":4}}},"12":{"name":"getOffer","line":364,"loc":{"start":{"line":364,"column":4},"end":{"line":367,"column":4}}},"13":{"name":"getUserOffers","line":375,"loc":{"start":{"line":375,"column":4},"end":{"line":377,"column":4}}},"14":{"name":"updateOfferState","line":384,"loc":{"start":{"line":384,"column":4},"end":{"line":386,"column":4}}},"15":{"name":"_getOfferForUpdate","line":395,"loc":{"start":{"line":395,"column":4},"end":{"line":404,"column":4}}},"16":{"name":"_offerExists","line":411,"loc":{"start":{"line":411,"column":4},"end":{"line":413,"column":4}}},"17":{"name":"_getTypeKey","line":422,"loc":{"start":{"line":422,"column":4},"end":{"line":428,"column":4}}},"18":{"name":"_updateOfferIndexes","line":436,"loc":{"start":{"line":436,"column":4},"end":{"line":447,"column":4}}},"19":{"name":"_authorizeUpgrade","line":453,"loc":{"start":{"line":453,"column":4},"end":{"line":458,"column":4}}}},"statementMap":{"1":{"start":{"line":50,"column":8},"end":{"line":50,"column":29}},"2":{"start":{"line":58,"column":8},"end":{"line":58,"column":31}},"3":{"start":{"line":59,"column":8},"end":{"line":59,"column":31}},"4":{"start":{"line":61,"column":8},"end":{"line":61,"column":61}},"5":{"start":{"line":72,"column":8},"end":{"line":72,"column":59}},"6":{"start":{"line":73,"column":8},"end":{"line":73,"column":25}},"7":{"start":{"line":75,"column":8},"end":{"line":75,"column":2694}},"8":{"start":{"line":76,"column":12},"end":{"line":76,"column":2762}},"9":{"start":{"line":81,"column":8},"end":{"line":81,"column":20}},"10":{"start":{"line":105,"column":8},"end":{"line":105,"column":49}},"11":{"start":{"line":108,"column":8},"end":{"line":108,"column":86}},"12":{"start":{"line":109,"column":8},"end":{"line":109,"column":3901}},"13":{"start":{"line":114,"column":8},"end":{"line":114,"column":54}},"14":{"start":{"line":115,"column":8},"end":{"line":115,"column":70}},"15":{"start":{"line":116,"column":8},"end":{"line":116,"column":4244}},"16":{"start":{"line":121,"column":8},"end":{"line":121,"column":39}},"17":{"start":{"line":138,"column":8},"end":{"line":138,"column":44}},"18":{"start":{"line":139,"column":8},"end":{"line":139,"column":35}},"19":{"start":{"line":142,"column":8},"end":{"line":142,"column":67}},"20":{"start":{"line":143,"column":8},"end":{"line":143,"column":43}},"21":{"start":{"line":146,"column":8},"end":{"line":146,"column":59}},"22":{"start":{"line":147,"column":8},"end":{"line":147,"column":48}},"23":{"start":{"line":149,"column":8},"end":{"line":149,"column":53}},"24":{"start":{"line":151,"column":8},"end":{"line":151,"column":22}},"25":{"start":{"line":169,"column":8},"end":{"line":169,"column":76}},"26":{"start":{"line":187,"column":8},"end":{"line":187,"column":62}},"27":{"start":{"line":189,"column":8},"end":{"line":189,"column":41}},"28":{"start":{"line":190,"column":8},"end":{"line":190,"column":36}},"29":{"start":{"line":191,"column":8},"end":{"line":191,"column":40}},"30":{"start":{"line":192,"column":8},"end":{"line":192,"column":40}},"31":{"start":{"line":195,"column":8},"end":{"line":195,"column":68}},"32":{"start":{"line":196,"column":8},"end":{"line":196,"column":68}},"33":{"start":{"line":197,"column":8},"end":{"line":197,"column":82}},"34":{"start":{"line":203,"column":8},"end":{"line":203,"column":7234}},"35":{"start":{"line":206,"column":8},"end":{"line":206,"column":7307}},"36":{"start":{"line":209,"column":8},"end":{"line":209,"column":7383}},"37":{"start":{"line":214,"column":8},"end":{"line":214,"column":7511}},"38":{"start":{"line":215,"column":12},"end":{"line":215,"column":61}},"39":{"start":{"line":218,"column":12},"end":{"line":218,"column":58}},"40":{"start":{"line":219,"column":12},"end":{"line":219,"column":63}},"41":{"start":{"line":221,"column":12},"end":{"line":221,"column":7810}},"42":{"start":{"line":222,"column":16},"end":{"line":222,"column":57}},"43":{"start":{"line":223,"column":19},"end":{"line":223,"column":7960}},"44":{"start":{"line":224,"column":16},"end":{"line":224,"column":56}},"45":{"start":{"line":227,"column":12},"end":{"line":227,"column":65}},"46":{"start":{"line":230,"column":8},"end":{"line":230,"column":46}},"47":{"start":{"line":232,"column":8},"end":{"line":232,"column":8264}},"48":{"start":{"line":233,"column":12},"end":{"line":233,"column":62}},"49":{"start":{"line":236,"column":8},"end":{"line":236,"column":8398}},"50":{"start":{"line":237,"column":12},"end":{"line":237,"column":84}},"51":{"start":{"line":246,"column":8},"end":{"line":246,"column":65}},"52":{"start":{"line":254,"column":8},"end":{"line":254,"column":65}},"53":{"start":{"line":262,"column":8},"end":{"line":262,"column":62}},"54":{"start":{"line":264,"column":8},"end":{"line":264,"column":41}},"55":{"start":{"line":271,"column":8},"end":{"line":271,"column":67}},"56":{"start":{"line":274,"column":8},"end":{"line":274,"column":9616}},"57":{"start":{"line":275,"column":12},"end":{"line":275,"column":58}},"58":{"start":{"line":276,"column":12},"end":{"line":276,"column":63}},"59":{"start":{"line":277,"column":12},"end":{"line":277,"column":53}},"60":{"start":{"line":280,"column":8},"end":{"line":280,"column":48}},"61":{"start":{"line":281,"column":8},"end":{"line":281,"column":71}},"62":{"start":{"line":301,"column":8},"end":{"line":301,"column":10642}},"63":{"start":{"line":305,"column":8},"end":{"line":305,"column":67}},"64":{"start":{"line":306,"column":8},"end":{"line":306,"column":59}},"65":{"start":{"line":309,"column":8},"end":{"line":309,"column":10949}},"66":{"start":{"line":310,"column":12},"end":{"line":310,"column":46}},"67":{"start":{"line":313,"column":8},"end":{"line":313,"column":38}},"68":{"start":{"line":314,"column":8},"end":{"line":314,"column":11088}},"69":{"start":{"line":319,"column":8},"end":{"line":319,"column":11209}},"70":{"start":{"line":337,"column":8},"end":{"line":337,"column":11800}},"71":{"start":{"line":341,"column":8},"end":{"line":341,"column":59}},"72":{"start":{"line":344,"column":8},"end":{"line":344,"column":12042}},"73":{"start":{"line":345,"column":12},"end":{"line":345,"column":46}},"74":{"start":{"line":348,"column":8},"end":{"line":348,"column":38}},"75":{"start":{"line":349,"column":8},"end":{"line":349,"column":12181}},"76":{"start":{"line":354,"column":8},"end":{"line":354,"column":12302}},"77":{"start":{"line":365,"column":8},"end":{"line":365,"column":67}},"78":{"start":{"line":366,"column":8},"end":{"line":366,"column":32}},"79":{"start":{"line":376,"column":8},"end":{"line":376,"column":33}},"80":{"start":{"line":385,"column":8},"end":{"line":385,"column":57}},"81":{"start":{"line":396,"column":8},"end":{"line":396,"column":67}},"82":{"start":{"line":398,"column":8},"end":{"line":398,"column":51}},"83":{"start":{"line":399,"column":8},"end":{"line":399,"column":13714}},"84":{"start":{"line":403,"column":8},"end":{"line":403,"column":20}},"85":{"start":{"line":412,"column":8},"end":{"line":412,"column":94}},"86":{"start":{"line":427,"column":8},"end":{"line":427,"column":72}},"87":{"start":{"line":441,"column":8},"end":{"line":441,"column":14916}},"88":{"start":{"line":442,"column":12},"end":{"line":442,"column":43}},"89":{"start":{"line":444,"column":8},"end":{"line":444,"column":15018}},"90":{"start":{"line":445,"column":12},"end":{"line":445,"column":40}},"91":{"start":{"line":455,"column":8},"end":{"line":455,"column":15367}}},"branchMap":{"1":{"line":57,"type":"if","locations":[{"start":{"line":57,"column":47},"end":{"line":57,"column":47}},{"start":{"line":57,"column":47},"end":{"line":57,"column":47}}]},"2":{"line":61,"type":"if","locations":[{"start":{"line":61,"column":8},"end":{"line":61,"column":8}},{"start":{"line":61,"column":8},"end":{"line":61,"column":8}}]},"3":{"line":76,"type":"if","locations":[{"start":{"line":76,"column":12},"end":{"line":76,"column":12}},{"start":{"line":76,"column":12},"end":{"line":76,"column":12}}]},"4":{"line":103,"type":"if","locations":[{"start":{"line":103,"column":15},"end":{"line":103,"column":15}},{"start":{"line":103,"column":15},"end":{"line":103,"column":15}}]},"5":{"line":105,"type":"if","locations":[{"start":{"line":105,"column":8},"end":{"line":105,"column":8}},{"start":{"line":105,"column":8},"end":{"line":105,"column":8}}]},"6":{"line":108,"type":"if","locations":[{"start":{"line":108,"column":8},"end":{"line":108,"column":8}},{"start":{"line":108,"column":8},"end":{"line":108,"column":8}}]},"7":{"line":109,"type":"if","locations":[{"start":{"line":109,"column":8},"end":{"line":109,"column":8}},{"start":{"line":109,"column":8},"end":{"line":109,"column":8}}]},"8":{"line":116,"type":"if","locations":[{"start":{"line":116,"column":8},"end":{"line":116,"column":8}},{"start":{"line":116,"column":8},"end":{"line":116,"column":8}}]},"9":{"line":186,"type":"if","locations":[{"start":{"line":186,"column":15},"end":{"line":186,"column":15}},{"start":{"line":186,"column":15},"end":{"line":186,"column":15}}]},"10":{"line":195,"type":"if","locations":[{"start":{"line":195,"column":43},"end":{"line":195,"column":57}},{"start":{"line":195,"column":61},"end":{"line":195,"column":67}}]},"11":{"line":196,"type":"if","locations":[{"start":{"line":196,"column":43},"end":{"line":196,"column":57}},{"start":{"line":196,"column":61},"end":{"line":196,"column":67}}]},"12":{"line":197,"type":"if","locations":[{"start":{"line":197,"column":8},"end":{"line":197,"column":8}},{"start":{"line":197,"column":8},"end":{"line":197,"column":8}}]},"13":{"line":203,"type":"if","locations":[{"start":{"line":203,"column":8},"end":{"line":203,"column":8}},{"start":{"line":203,"column":8},"end":{"line":203,"column":8}}]},"14":{"line":206,"type":"if","locations":[{"start":{"line":206,"column":8},"end":{"line":206,"column":8}},{"start":{"line":206,"column":8},"end":{"line":206,"column":8}}]},"15":{"line":209,"type":"if","locations":[{"start":{"line":209,"column":8},"end":{"line":209,"column":8}},{"start":{"line":209,"column":8},"end":{"line":209,"column":8}}]},"16":{"line":214,"type":"if","locations":[{"start":{"line":214,"column":8},"end":{"line":214,"column":8}},{"start":{"line":214,"column":8},"end":{"line":214,"column":8}}]},"17":{"line":221,"type":"if","locations":[{"start":{"line":221,"column":12},"end":{"line":221,"column":12}},{"start":{"line":221,"column":12},"end":{"line":221,"column":12}}]},"18":{"line":223,"type":"if","locations":[{"start":{"line":223,"column":19},"end":{"line":223,"column":19}},{"start":{"line":223,"column":19},"end":{"line":223,"column":19}}]},"19":{"line":232,"type":"if","locations":[{"start":{"line":232,"column":8},"end":{"line":232,"column":8}},{"start":{"line":232,"column":8},"end":{"line":232,"column":8}}]},"20":{"line":236,"type":"if","locations":[{"start":{"line":236,"column":8},"end":{"line":236,"column":8}},{"start":{"line":236,"column":8},"end":{"line":236,"column":8}}]},"21":{"line":236,"type":"cond-expr","locations":[{"start":{"line":236,"column":12},"end":{"line":236,"column":45}},{"start":{"line":236,"column":50},"end":{"line":236,"column":83}}]},"22":{"line":274,"type":"if","locations":[{"start":{"line":274,"column":8},"end":{"line":274,"column":8}},{"start":{"line":274,"column":8},"end":{"line":274,"column":8}}]},"23":{"line":301,"type":"if","locations":[{"start":{"line":301,"column":8},"end":{"line":301,"column":8}},{"start":{"line":301,"column":8},"end":{"line":301,"column":8}}]},"24":{"line":301,"type":"cond-expr","locations":[{"start":{"line":301,"column":12},"end":{"line":301,"column":22}},{"start":{"line":301,"column":27},"end":{"line":301,"column":50}}]},"25":{"line":309,"type":"if","locations":[{"start":{"line":309,"column":8},"end":{"line":309,"column":8}},{"start":{"line":309,"column":8},"end":{"line":309,"column":8}}]},"26":{"line":314,"type":"if","locations":[{"start":{"line":314,"column":8},"end":{"line":314,"column":8}},{"start":{"line":314,"column":8},"end":{"line":314,"column":8}}]},"27":{"line":337,"type":"if","locations":[{"start":{"line":337,"column":8},"end":{"line":337,"column":8}},{"start":{"line":337,"column":8},"end":{"line":337,"column":8}}]},"28":{"line":337,"type":"cond-expr","locations":[{"start":{"line":337,"column":12},"end":{"line":337,"column":22}},{"start":{"line":337,"column":27},"end":{"line":337,"column":50}}]},"29":{"line":344,"type":"if","locations":[{"start":{"line":344,"column":8},"end":{"line":344,"column":8}},{"start":{"line":344,"column":8},"end":{"line":344,"column":8}}]},"30":{"line":349,"type":"if","locations":[{"start":{"line":349,"column":8},"end":{"line":349,"column":8}},{"start":{"line":349,"column":8},"end":{"line":349,"column":8}}]},"31":{"line":365,"type":"if","locations":[{"start":{"line":365,"column":8},"end":{"line":365,"column":8}},{"start":{"line":365,"column":8},"end":{"line":365,"column":8}}]},"32":{"line":396,"type":"if","locations":[{"start":{"line":396,"column":8},"end":{"line":396,"column":8}},{"start":{"line":396,"column":8},"end":{"line":396,"column":8}}]},"33":{"line":399,"type":"if","locations":[{"start":{"line":399,"column":8},"end":{"line":399,"column":8}},{"start":{"line":399,"column":8},"end":{"line":399,"column":8}}]},"34":{"line":441,"type":"if","locations":[{"start":{"line":441,"column":8},"end":{"line":441,"column":8}},{"start":{"line":441,"column":8},"end":{"line":441,"column":8}}]},"35":{"line":444,"type":"if","locations":[{"start":{"line":444,"column":8},"end":{"line":444,"column":8}},{"start":{"line":444,"column":8},"end":{"line":444,"column":8}}]},"36":{"line":455,"type":"if","locations":[{"start":{"line":455,"column":8},"end":{"line":455,"column":8}},{"start":{"line":455,"column":8},"end":{"line":455,"column":8}}]}}},"contracts/PriceOracle.sol":{"l":{"94":8,"95":6,"99":3,"100":3,"104":6,"105":5,"110":1,"122":16,"123":16,"124":16,"126":16,"129":16,"130":16,"131":16,"132":16,"134":16,"135":16,"147":5,"148":1,"151":4,"152":5,"154":5,"161":5,"180":1,"181":1,"182":1,"185":0,"187":0,"195":0,"211":2,"213":1,"220":1,"234":0,"249":0,"250":0,"251":0,"252":0,"254":0,"269":0,"270":0,"272":0,"276":0,"290":1,"292":1,"295":0,"296":0,"299":0,"308":0,"310":0,"311":0,"313":0,"322":0,"323":0,"325":0,"334":1,"335":1,"343":1,"345":1,"346":1,"348":1,"360":0,"361":0,"363":0,"366":0,"369":0,"370":0,"371":0,"378":0,"379":0,"382":0,"391":0,"393":0,"395":0,"396":0,"397":0,"400":0,"403":0,"404":0,"406":0,"409":0,"428":0,"430":0,"431":0,"432":0,"436":0,"438":0,"440":0,"451":0,"456":0,"458":0,"476":0,"477":0,"482":0,"502":0,"511":1,"519":0,"520":0,"521":0,"523":0,"524":0,"526":0,"531":1,"535":1,"537":1,"538":1,"540":1,"544":1,"545":1,"547":1},"path":"/Users/samb/workspace/desamtralized/local-money/contracts/evm/contracts/PriceOracle.sol","s":{"1":8,"2":3,"3":6,"4":1,"5":16,"6":16,"7":16,"8":16,"9":16,"10":16,"11":16,"12":16,"13":5,"14":4,"15":5,"16":5,"17":1,"18":1,"19":0,"20":0,"21":2,"22":1,"23":0,"24":0,"25":0,"26":0,"27":0,"28":0,"29":0,"30":0,"31":0,"32":1,"33":1,"34":0,"35":0,"36":0,"37":0,"38":0,"39":0,"40":0,"41":0,"42":0,"43":0,"44":0,"45":0,"46":1,"47":1,"48":1,"49":1,"50":0,"51":0,"52":0,"53":0,"54":0,"55":0,"56":0,"57":0,"58":0,"59":0,"60":0,"61":0,"62":0,"63":0,"64":0,"65":0,"66":0,"67":0,"68":0,"69":0,"70":0,"71":0,"72":0,"73":0,"74":0,"75":0,"76":0,"77":0,"78":0,"79":0,"80":0,"81":1,"82":0,"83":0,"84":0,"85":1,"86":1,"87":1,"88":0,"89":1,"90":0,"91":1,"92":1,"93":1,"94":0,"95":1},"b":{"1":[2,6],"2":[0,3],"3":[1,5],"4":[16,0],"5":[0,16],"6":[0,0],"7":[6,2],"8":[5,1],"9":[1,4],"10":[1,0],"11":[0,5],"12":[1,0],"13":[0,1],"14":[1,0],"15":[1,0],"16":[2,0],"17":[1,1],"18":[0,0],"19":[0,0],"20":[0,0],"21":[0,0],"22":[0,0],"23":[0,0],"24":[1,0],"25":[0,0],"26":[0,0],"27":[0,0],"28":[0,0],"29":[0,0],"30":[1,0],"31":[1,0],"32":[0,1],"33":[0,0],"34":[0,0],"35":[0,0],"36":[0,0],"37":[0,0],"38":[0,0],"39":[0,0],"40":[0,0],"41":[0,0],"42":[0,0],"43":[0,0],"44":[0,1],"45":[0,1],"46":[0,1],"47":[0,1]},"f":{"1":8,"2":3,"3":6,"4":1,"5":16,"6":5,"7":1,"8":2,"9":0,"10":0,"11":0,"12":1,"13":0,"14":0,"15":1,"16":1,"17":0,"18":0,"19":0,"20":0,"21":0,"22":0,"23":1,"24":0,"25":1,"26":1,"27":1},"fnMap":{"1":{"name":"onlyPriceUpdater","line":93,"loc":{"start":{"line":93,"column":4},"end":{"line":96,"column":4}}},"2":{"name":"onlyRouteManager","line":98,"loc":{"start":{"line":98,"column":4},"end":{"line":101,"column":4}}},"3":{"name":"whenNotPaused","line":103,"loc":{"start":{"line":103,"column":4},"end":{"line":106,"column":4}}},"4":{"name":"constructor","line":109,"loc":{"start":{"line":109,"column":4},"end":{"line":111,"column":4}}},"5":{"name":"initialize","line":121,"loc":{"start":{"line":118,"column":4},"end":{"line":136,"column":4}}},"6":{"name":"updateFiatPrices","line":146,"loc":{"start":{"line":143,"column":4},"end":{"line":163,"column":4}}},"7":{"name":"registerPriceRoute","line":179,"loc":{"start":{"line":173,"column":4},"end":{"line":196,"column":4}}},"8":{"name":"updateChainlinkFeed","line":210,"loc":{"start":{"line":205,"column":4},"end":{"line":221,"column":4}}},"9":{"name":"getTokenPriceInUSD","line":231,"loc":{"start":{"line":228,"column":4},"end":{"line":235,"column":4}}},"10":{"name":"getCachedTokenPrice","line":246,"loc":{"start":{"line":243,"column":4},"end":{"line":255,"column":4}}},"11":{"name":"getTokenPriceInFiat","line":268,"loc":{"start":{"line":264,"column":4},"end":{"line":277,"column":4}}},"12":{"name":"getFiatPrice","line":284,"loc":{"start":{"line":284,"column":4},"end":{"line":300,"column":4}}},"13":{"name":"isTokenPriceValid","line":307,"loc":{"start":{"line":307,"column":4},"end":{"line":314,"column":4}}},"14":{"name":"getTokenPriceAge","line":321,"loc":{"start":{"line":321,"column":4},"end":{"line":327,"column":4}}},"15":{"name":"setEmergencyPause","line":333,"loc":{"start":{"line":333,"column":4},"end":{"line":336,"column":4}}},"16":{"name":"updateSwapRouter","line":342,"loc":{"start":{"line":342,"column":4},"end":{"line":349,"column":4}}},"17":{"name":"_getTokenPriceInUSD","line":358,"loc":{"start":{"line":358,"column":4},"end":{"line":383,"column":4}}},"18":{"name":"_getChainlinkPrice","line":390,"loc":{"start":{"line":390,"column":4},"end":{"line":410,"column":4}}},"19":{"name":"_getUniswapPrice","line":418,"loc":{"start":{"line":418,"column":4},"end":{"line":460,"column":4}}},"20":{"name":"_computePoolAddress","line":469,"loc":{"start":{"line":469,"column":4},"end":{"line":483,"column":4}}},"21":{"name":"_authorizeUpgrade","line":492,"loc":{"start":{"line":489,"column":4},"end":{"line":495,"column":4}}},"22":{"name":"version","line":501,"loc":{"start":{"line":501,"column":4},"end":{"line":503,"column":4}}},"23":{"name":"updatePrices","line":507,"loc":{"start":{"line":507,"column":4},"end":{"line":512,"column":4}}},"24":{"name":"updateTokenRoute","line":514,"loc":{"start":{"line":514,"column":4},"end":{"line":527,"column":4}}},"25":{"name":"setPriceProvider","line":529,"loc":{"start":{"line":529,"column":4},"end":{"line":532,"column":4}}},"26":{"name":"isPriceValid","line":534,"loc":{"start":{"line":534,"column":4},"end":{"line":541,"column":4}}},"27":{"name":"getPriceAge","line":543,"loc":{"start":{"line":543,"column":4},"end":{"line":549,"column":4}}}},"statementMap":{"1":{"start":{"line":94,"column":8},"end":{"line":94,"column":81}},"2":{"start":{"line":99,"column":8},"end":{"line":99,"column":81}},"3":{"start":{"line":104,"column":8},"end":{"line":104,"column":52}},"4":{"start":{"line":110,"column":8},"end":{"line":110,"column":29}},"5":{"start":{"line":122,"column":8},"end":{"line":122,"column":31}},"6":{"start":{"line":123,"column":8},"end":{"line":123,"column":29}},"7":{"start":{"line":124,"column":8},"end":{"line":124,"column":31}},"8":{"start":{"line":126,"column":8},"end":{"line":126,"column":84}},"9":{"start":{"line":129,"column":8},"end":{"line":129,"column":45}},"10":{"start":{"line":130,"column":8},"end":{"line":130,"column":45}},"11":{"start":{"line":131,"column":8},"end":{"line":131,"column":45}},"12":{"start":{"line":132,"column":8},"end":{"line":132,"column":41}},"13":{"start":{"line":147,"column":8},"end":{"line":147,"column":5621}},"14":{"start":{"line":151,"column":8},"end":{"line":151,"column":5746}},"15":{"start":{"line":152,"column":12},"end":{"line":152,"column":41}},"16":{"start":{"line":161,"column":12},"end":{"line":161,"column":78}},"17":{"start":{"line":180,"column":8},"end":{"line":180,"column":55}},"18":{"start":{"line":181,"column":8},"end":{"line":181,"column":6784}},"19":{"start":{"line":185,"column":8},"end":{"line":185,"column":56}},"20":{"start":{"line":195,"column":8},"end":{"line":195,"column":68}},"21":{"start":{"line":211,"column":8},"end":{"line":211,"column":81}},"22":{"start":{"line":220,"column":8},"end":{"line":220,"column":69}},"23":{"start":{"line":234,"column":8},"end":{"line":234,"column":42}},"24":{"start":{"line":249,"column":8},"end":{"line":249,"column":58}},"25":{"start":{"line":250,"column":8},"end":{"line":250,"column":62}},"26":{"start":{"line":251,"column":8},"end":{"line":251,"column":8964}},"27":{"start":{"line":254,"column":8},"end":{"line":254,"column":35}},"28":{"start":{"line":269,"column":8},"end":{"line":269,"column":59}},"29":{"start":{"line":270,"column":8},"end":{"line":270,"column":58}},"30":{"start":{"line":272,"column":8},"end":{"line":272,"column":70}},"31":{"start":{"line":276,"column":8},"end":{"line":276,"column":55}},"32":{"start":{"line":290,"column":8},"end":{"line":290,"column":58}},"33":{"start":{"line":292,"column":8},"end":{"line":292,"column":67}},"34":{"start":{"line":295,"column":8},"end":{"line":295,"column":10488}},"35":{"start":{"line":299,"column":8},"end":{"line":299,"column":33}},"36":{"start":{"line":308,"column":8},"end":{"line":308,"column":56}},"37":{"start":{"line":310,"column":8},"end":{"line":310,"column":44}},"38":{"start":{"line":310,"column":32},"end":{"line":310,"column":44}},"39":{"start":{"line":311,"column":8},"end":{"line":311,"column":79}},"40":{"start":{"line":311,"column":67},"end":{"line":311,"column":79}},"41":{"start":{"line":313,"column":8},"end":{"line":313,"column":19}},"42":{"start":{"line":322,"column":8},"end":{"line":322,"column":56}},"43":{"start":{"line":323,"column":8},"end":{"line":323,"column":56}},"44":{"start":{"line":323,"column":32},"end":{"line":323,"column":56}},"45":{"start":{"line":325,"column":8},"end":{"line":325,"column":11560}},"46":{"start":{"line":335,"column":8},"end":{"line":335,"column":43}},"47":{"start":{"line":343,"column":8},"end":{"line":343,"column":59}},"48":{"start":{"line":345,"column":8},"end":{"line":345,"column":38}},"49":{"start":{"line":348,"column":8},"end":{"line":348,"column":53}},"50":{"start":{"line":360,"column":8},"end":{"line":360,"column":58}},"51":{"start":{"line":361,"column":8},"end":{"line":361,"column":12680}},"52":{"start":{"line":363,"column":12},"end":{"line":363,"column":39}},"53":{"start":{"line":366,"column":8},"end":{"line":366,"column":58}},"54":{"start":{"line":369,"column":8},"end":{"line":369,"column":12967}},"55":{"start":{"line":370,"column":12},"end":{"line":370,"column":13046}},"56":{"start":{"line":371,"column":16},"end":{"line":371,"column":37}},"57":{"start":{"line":378,"column":8},"end":{"line":378,"column":13325}},"58":{"start":{"line":379,"column":12},"end":{"line":379,"column":50}},"59":{"start":{"line":391,"column":8},"end":{"line":391,"column":77}},"60":{"start":{"line":393,"column":8},"end":{"line":393,"column":77}},"61":{"start":{"line":395,"column":8},"end":{"line":395,"column":80}},"62":{"start":{"line":396,"column":8},"end":{"line":396,"column":13977}},"63":{"start":{"line":400,"column":8},"end":{"line":400,"column":45}},"64":{"start":{"line":403,"column":8},"end":{"line":403,"column":14238}},"65":{"start":{"line":404,"column":12},"end":{"line":404,"column":71}},"66":{"start":{"line":405,"column":15},"end":{"line":405,"column":14359}},"67":{"start":{"line":406,"column":12},"end":{"line":406,"column":71}},"68":{"start":{"line":409,"column":8},"end":{"line":409,"column":29}},"69":{"start":{"line":428,"column":8},"end":{"line":428,"column":68}},"70":{"start":{"line":430,"column":8},"end":{"line":430,"column":39}},"71":{"start":{"line":431,"column":8},"end":{"line":431,"column":39}},"72":{"start":{"line":432,"column":8},"end":{"line":432,"column":35}},"73":{"start":{"line":436,"column":8},"end":{"line":436,"column":70}},"74":{"start":{"line":438,"column":8},"end":{"line":438,"column":86}},"75":{"start":{"line":440,"column":8},"end":{"line":440,"column":15669}},"76":{"start":{"line":451,"column":12},"end":{"line":451,"column":93}},"77":{"start":{"line":456,"column":12},"end":{"line":456,"column":24}},"78":{"start":{"line":476,"column":8},"end":{"line":476,"column":16957}},"79":{"start":{"line":482,"column":8},"end":{"line":482,"column":93}},"80":{"start":{"line":502,"column":8},"end":{"line":502,"column":22}},"81":{"start":{"line":511,"column":8},"end":{"line":511,"column":50}},"82":{"start":{"line":519,"column":8},"end":{"line":519,"column":48}},"83":{"start":{"line":523,"column":8},"end":{"line":523,"column":46}},"84":{"start":{"line":526,"column":8},"end":{"line":526,"column":68}},"85":{"start":{"line":531,"column":8},"end":{"line":531,"column":46}},"86":{"start":{"line":535,"column":8},"end":{"line":535,"column":58}},"87":{"start":{"line":537,"column":8},"end":{"line":537,"column":44}},"88":{"start":{"line":537,"column":32},"end":{"line":537,"column":44}},"89":{"start":{"line":538,"column":8},"end":{"line":538,"column":79}},"90":{"start":{"line":538,"column":67},"end":{"line":538,"column":79}},"91":{"start":{"line":540,"column":8},"end":{"line":540,"column":19}},"92":{"start":{"line":544,"column":8},"end":{"line":544,"column":58}},"93":{"start":{"line":545,"column":8},"end":{"line":545,"column":56}},"94":{"start":{"line":545,"column":32},"end":{"line":545,"column":56}},"95":{"start":{"line":547,"column":8},"end":{"line":547,"column":19355}}},"branchMap":{"1":{"line":94,"type":"if","locations":[{"start":{"line":94,"column":8},"end":{"line":94,"column":8}},{"start":{"line":94,"column":8},"end":{"line":94,"column":8}}]},"2":{"line":99,"type":"if","locations":[{"start":{"line":99,"column":8},"end":{"line":99,"column":8}},{"start":{"line":99,"column":8},"end":{"line":99,"column":8}}]},"3":{"line":104,"type":"if","locations":[{"start":{"line":104,"column":8},"end":{"line":104,"column":8}},{"start":{"line":104,"column":8},"end":{"line":104,"column":8}}]},"4":{"line":121,"type":"if","locations":[{"start":{"line":121,"column":15},"end":{"line":121,"column":15}},{"start":{"line":121,"column":15},"end":{"line":121,"column":15}}]},"5":{"line":126,"type":"if","locations":[{"start":{"line":126,"column":8},"end":{"line":126,"column":8}},{"start":{"line":126,"column":8},"end":{"line":126,"column":8}}]},"6":{"line":126,"type":"cond-expr","locations":[{"start":{"line":126,"column":12},"end":{"line":126,"column":31}},{"start":{"line":126,"column":36},"end":{"line":126,"column":60}}]},"7":{"line":146,"type":"if","locations":[{"start":{"line":146,"column":15},"end":{"line":146,"column":15}},{"start":{"line":146,"column":15},"end":{"line":146,"column":15}}]},"8":{"line":146,"type":"if","locations":[{"start":{"line":146,"column":32},"end":{"line":146,"column":32}},{"start":{"line":146,"column":32},"end":{"line":146,"column":32}}]},"9":{"line":147,"type":"if","locations":[{"start":{"line":147,"column":8},"end":{"line":147,"column":8}},{"start":{"line":147,"column":8},"end":{"line":147,"column":8}}]},"10":{"line":147,"type":"cond-expr","locations":[{"start":{"line":147,"column":12},"end":{"line":147,"column":47}},{"start":{"line":147,"column":52},"end":{"line":147,"column":74}}]},"11":{"line":152,"type":"if","locations":[{"start":{"line":152,"column":12},"end":{"line":152,"column":12}},{"start":{"line":152,"column":12},"end":{"line":152,"column":12}}]},"12":{"line":179,"type":"if","locations":[{"start":{"line":179,"column":15},"end":{"line":179,"column":15}},{"start":{"line":179,"column":15},"end":{"line":179,"column":15}}]},"13":{"line":180,"type":"if","locations":[{"start":{"line":180,"column":8},"end":{"line":180,"column":8}},{"start":{"line":180,"column":8},"end":{"line":180,"column":8}}]},"14":{"line":181,"type":"if","locations":[{"start":{"line":181,"column":8},"end":{"line":181,"column":8}},{"start":{"line":181,"column":8},"end":{"line":181,"column":8}}]},"15":{"line":181,"type":"cond-expr","locations":[{"start":{"line":181,"column":12},"end":{"line":181,"column":27}},{"start":{"line":181,"column":32},"end":{"line":181,"column":63}}]},"16":{"line":210,"type":"if","locations":[{"start":{"line":210,"column":15},"end":{"line":210,"column":15}},{"start":{"line":210,"column":15},"end":{"line":210,"column":15}}]},"17":{"line":211,"type":"if","locations":[{"start":{"line":211,"column":8},"end":{"line":211,"column":8}},{"start":{"line":211,"column":8},"end":{"line":211,"column":8}}]},"18":{"line":231,"type":"if","locations":[{"start":{"line":231,"column":8},"end":{"line":231,"column":8}},{"start":{"line":231,"column":8},"end":{"line":231,"column":8}}]},"19":{"line":246,"type":"if","locations":[{"start":{"line":246,"column":8},"end":{"line":246,"column":8}},{"start":{"line":246,"column":8},"end":{"line":246,"column":8}}]},"20":{"line":250,"type":"if","locations":[{"start":{"line":250,"column":8},"end":{"line":250,"column":8}},{"start":{"line":250,"column":8},"end":{"line":250,"column":8}}]},"21":{"line":251,"type":"if","locations":[{"start":{"line":251,"column":8},"end":{"line":251,"column":8}},{"start":{"line":251,"column":8},"end":{"line":251,"column":8}}]},"22":{"line":268,"type":"if","locations":[{"start":{"line":268,"column":29},"end":{"line":268,"column":29}},{"start":{"line":268,"column":29},"end":{"line":268,"column":29}}]},"23":{"line":272,"type":"if","locations":[{"start":{"line":272,"column":8},"end":{"line":272,"column":8}},{"start":{"line":272,"column":8},"end":{"line":272,"column":8}}]},"24":{"line":292,"type":"if","locations":[{"start":{"line":292,"column":8},"end":{"line":292,"column":8}},{"start":{"line":292,"column":8},"end":{"line":292,"column":8}}]},"25":{"line":295,"type":"if","locations":[{"start":{"line":295,"column":8},"end":{"line":295,"column":8}},{"start":{"line":295,"column":8},"end":{"line":295,"column":8}}]},"26":{"line":310,"type":"if","locations":[{"start":{"line":310,"column":8},"end":{"line":310,"column":8}},{"start":{"line":310,"column":8},"end":{"line":310,"column":8}}]},"27":{"line":311,"type":"if","locations":[{"start":{"line":311,"column":8},"end":{"line":311,"column":8}},{"start":{"line":311,"column":8},"end":{"line":311,"column":8}}]},"28":{"line":323,"type":"if","locations":[{"start":{"line":323,"column":8},"end":{"line":323,"column":8}},{"start":{"line":323,"column":8},"end":{"line":323,"column":8}}]},"29":{"line":326,"type":"if","locations":[{"start":{"line":326,"column":12},"end":{"line":326,"column":48}},{"start":{"line":326,"column":52},"end":{"line":326,"column":52}}]},"30":{"line":333,"type":"if","locations":[{"start":{"line":333,"column":54},"end":{"line":333,"column":54}},{"start":{"line":333,"column":54},"end":{"line":333,"column":54}}]},"31":{"line":342,"type":"if","locations":[{"start":{"line":342,"column":59},"end":{"line":342,"column":59}},{"start":{"line":342,"column":59},"end":{"line":342,"column":59}}]},"32":{"line":343,"type":"if","locations":[{"start":{"line":343,"column":8},"end":{"line":343,"column":8}},{"start":{"line":343,"column":8},"end":{"line":343,"column":8}}]},"33":{"line":361,"type":"if","locations":[{"start":{"line":361,"column":8},"end":{"line":361,"column":8}},{"start":{"line":361,"column":8},"end":{"line":361,"column":8}}]},"34":{"line":369,"type":"if","locations":[{"start":{"line":369,"column":8},"end":{"line":369,"column":8}},{"start":{"line":369,"column":8},"end":{"line":369,"column":8}}]},"35":{"line":378,"type":"if","locations":[{"start":{"line":378,"column":8},"end":{"line":378,"column":8}},{"start":{"line":378,"column":8},"end":{"line":378,"column":8}}]},"36":{"line":395,"type":"if","locations":[{"start":{"line":395,"column":8},"end":{"line":395,"column":8}},{"start":{"line":395,"column":8},"end":{"line":395,"column":8}}]},"37":{"line":396,"type":"if","locations":[{"start":{"line":396,"column":8},"end":{"line":396,"column":8}},{"start":{"line":396,"column":8},"end":{"line":396,"column":8}}]},"38":{"line":403,"type":"if","locations":[{"start":{"line":403,"column":8},"end":{"line":403,"column":8}},{"start":{"line":403,"column":8},"end":{"line":403,"column":8}}]},"39":{"line":405,"type":"if","locations":[{"start":{"line":405,"column":15},"end":{"line":405,"column":15}},{"start":{"line":405,"column":15},"end":{"line":405,"column":15}}]},"40":{"line":428,"type":"if","locations":[{"start":{"line":428,"column":8},"end":{"line":428,"column":8}},{"start":{"line":428,"column":8},"end":{"line":428,"column":8}}]},"41":{"line":438,"type":"if","locations":[{"start":{"line":438,"column":8},"end":{"line":438,"column":8}},{"start":{"line":438,"column":8},"end":{"line":438,"column":8}}]},"42":{"line":476,"type":"if","locations":[{"start":{"line":476,"column":8},"end":{"line":476,"column":8}},{"start":{"line":476,"column":8},"end":{"line":476,"column":8}}]},"43":{"line":492,"type":"if","locations":[{"start":{"line":492,"column":8},"end":{"line":492,"column":8}},{"start":{"line":492,"column":8},"end":{"line":492,"column":8}}]},"44":{"line":537,"type":"if","locations":[{"start":{"line":537,"column":8},"end":{"line":537,"column":8}},{"start":{"line":537,"column":8},"end":{"line":537,"column":8}}]},"45":{"line":538,"type":"if","locations":[{"start":{"line":538,"column":8},"end":{"line":538,"column":8}},{"start":{"line":538,"column":8},"end":{"line":538,"column":8}}]},"46":{"line":545,"type":"if","locations":[{"start":{"line":545,"column":8},"end":{"line":545,"column":8}},{"start":{"line":545,"column":8},"end":{"line":545,"column":8}}]},"47":{"line":548,"type":"if","locations":[{"start":{"line":548,"column":12},"end":{"line":548,"column":48}},{"start":{"line":548,"column":52},"end":{"line":548,"column":52}}]}}},"contracts/Profile.sol":{"l":{"36":0,"44":0,"46":0,"52":0,"54":0,"55":0,"57":0,"64":0,"66":0,"69":0,"71":0,"80":0,"81":0,"83":0,"84":0,"85":0,"98":0,"99":0,"101":0,"102":0,"105":0,"108":0,"109":0,"112":0,"113":0,"114":0,"116":0,"117":0,"130":0,"133":0,"134":0,"137":0,"138":0,"140":0,"143":0,"145":0,"158":0,"161":0,"162":0,"165":0,"167":0,"168":0,"169":0,"171":0,"173":0,"174":0,"175":0,"177":0,"181":0,"183":0,"196":0,"199":0,"200":0,"203":0,"205":0,"206":0,"207":0,"209":0,"211":0,"212":0,"213":0,"215":0,"219":0,"221":0,"230":0,"239":0,"256":0,"257":0,"271":0,"273":0,"274":0,"275":0,"278":0,"287":0,"288":0,"290":0,"299":0,"300":0,"302":0,"310":0,"311":0,"313":0,"321":0,"322":0,"324":0,"333":0,"341":0},"path":"/Users/samb/workspace/desamtralized/local-money/contracts/evm/contracts/Profile.sol","s":{"1":0,"2":0,"3":0,"4":0,"5":0,"6":0,"7":0,"8":0,"9":0,"10":0,"11":0,"12":0,"13":0,"14":0,"15":0,"16":0,"17":0,"18":0,"19":0,"20":0,"21":0,"22":0,"23":0,"24":0,"25":0,"26":0,"27":0,"28":0,"29":0,"30":0,"31":0,"32":0,"33":0,"34":0,"35":0,"36":0,"37":0,"38":0,"39":0,"40":0,"41":0,"42":0,"43":0,"44":0,"45":0,"46":0,"47":0,"48":0,"49":0,"50":0,"51":0,"52":0,"53":0,"54":0,"55":0,"56":0,"57":0,"58":0,"59":0},"b":{"1":[0,0],"2":[0,0],"3":[0,0],"4":[0,0],"5":[0,0],"6":[0,0],"7":[0,0],"8":[0,0],"9":[0,0],"10":[0,0],"11":[0,0],"12":[0,0],"13":[0,0],"14":[0,0],"15":[0,0],"16":[0,0],"17":[0,0],"18":[0,0],"19":[0,0],"20":[0,0],"21":[0,0],"22":[0,0],"23":[0,0],"24":[0,0],"25":[0,0],"26":[0,0],"27":[0,0],"28":[0,0],"29":[0,0]},"f":{"1":0,"2":0,"3":0,"4":0,"5":0,"6":0,"7":0,"8":0,"9":0,"10":0,"11":0,"12":0,"13":0,"14":0,"15":0,"16":0,"17":0,"18":0},"fnMap":{"1":{"name":"constructor","line":35,"loc":{"start":{"line":35,"column":4},"end":{"line":37,"column":4}}},"2":{"name":"onlyAuthorized","line":43,"loc":{"start":{"line":43,"column":4},"end":{"line":58,"column":4}}},"3":{"name":"onlyAuthorizedContract","line":63,"loc":{"start":{"line":63,"column":4},"end":{"line":72,"column":4}}},"4":{"name":"initialize","line":79,"loc":{"start":{"line":79,"column":4},"end":{"line":86,"column":4}}},"5":{"name":"updateContact","line":97,"loc":{"start":{"line":94,"column":4},"end":{"line":118,"column":4}}},"6":{"name":"updateTradeCount","line":129,"loc":{"start":{"line":126,"column":4},"end":{"line":146,"column":4}}},"7":{"name":"updateActiveOffers","line":157,"loc":{"start":{"line":154,"column":4},"end":{"line":184,"column":4}}},"8":{"name":"updateActiveTrades","line":195,"loc":{"start":{"line":192,"column":4},"end":{"line":222,"column":4}}},"9":{"name":"getProfile","line":229,"loc":{"start":{"line":229,"column":4},"end":{"line":231,"column":4}}},"10":{"name":"profileExists","line":238,"loc":{"start":{"line":238,"column":4},"end":{"line":240,"column":4}}},"11":{"name":"getTradingStats","line":250,"loc":{"start":{"line":250,"column":4},"end":{"line":263,"column":4}}},"12":{"name":"getReputationScore","line":270,"loc":{"start":{"line":270,"column":4},"end":{"line":279,"column":4}}},"13":{"name":"canCreateOffer","line":286,"loc":{"start":{"line":286,"column":4},"end":{"line":291,"column":4}}},"14":{"name":"canCreateTrade","line":298,"loc":{"start":{"line":298,"column":4},"end":{"line":303,"column":4}}},"15":{"name":"updateHub","line":309,"loc":{"start":{"line":309,"column":4},"end":{"line":314,"column":4}}},"16":{"name":"updateAdmin","line":320,"loc":{"start":{"line":320,"column":4},"end":{"line":325,"column":4}}},"17":{"name":"_authorizeUpgrade","line":332,"loc":{"start":{"line":332,"column":4},"end":{"line":334,"column":4}}},"18":{"name":"version","line":340,"loc":{"start":{"line":340,"column":4},"end":{"line":342,"column":4}}}},"statementMap":{"1":{"start":{"line":36,"column":8},"end":{"line":36,"column":29}},"2":{"start":{"line":44,"column":8},"end":{"line":44,"column":54}},"3":{"start":{"line":46,"column":8},"end":{"line":46,"column":1402}},"4":{"start":{"line":52,"column":8},"end":{"line":52,"column":51}},"5":{"start":{"line":54,"column":8},"end":{"line":54,"column":1660}},"6":{"start":{"line":64,"column":8},"end":{"line":64,"column":54}},"7":{"start":{"line":66,"column":8},"end":{"line":66,"column":1988}},"8":{"start":{"line":80,"column":8},"end":{"line":80,"column":31}},"9":{"start":{"line":81,"column":8},"end":{"line":81,"column":31}},"10":{"start":{"line":83,"column":8},"end":{"line":83,"column":57}},"11":{"start":{"line":98,"column":8},"end":{"line":98,"column":2981}},"12":{"start":{"line":101,"column":8},"end":{"line":101,"column":3100}},"13":{"start":{"line":105,"column":8},"end":{"line":105,"column":59}},"14":{"start":{"line":108,"column":8},"end":{"line":108,"column":3341}},"15":{"start":{"line":116,"column":8},"end":{"line":116,"column":39}},"16":{"start":{"line":117,"column":8},"end":{"line":117,"column":49}},"17":{"start":{"line":130,"column":8},"end":{"line":130,"column":54}},"18":{"start":{"line":133,"column":8},"end":{"line":133,"column":4112}},"19":{"start":{"line":137,"column":8},"end":{"line":137,"column":4210}},"20":{"start":{"line":145,"column":8},"end":{"line":145,"column":87}},"21":{"start":{"line":158,"column":8},"end":{"line":158,"column":54}},"22":{"start":{"line":161,"column":8},"end":{"line":161,"column":4929}},"23":{"start":{"line":165,"column":8},"end":{"line":165,"column":5027}},"24":{"start":{"line":167,"column":12},"end":{"line":167,"column":58}},"25":{"start":{"line":168,"column":12},"end":{"line":168,"column":5167}},"26":{"start":{"line":172,"column":15},"end":{"line":172,"column":5416}},"27":{"start":{"line":173,"column":12},"end":{"line":173,"column":47}},"28":{"start":{"line":174,"column":12},"end":{"line":174,"column":5499}},"29":{"start":{"line":183,"column":8},"end":{"line":183,"column":79}},"30":{"start":{"line":196,"column":8},"end":{"line":196,"column":54}},"31":{"start":{"line":199,"column":8},"end":{"line":199,"column":6260}},"32":{"start":{"line":203,"column":8},"end":{"line":203,"column":6358}},"33":{"start":{"line":205,"column":12},"end":{"line":205,"column":58}},"34":{"start":{"line":206,"column":12},"end":{"line":206,"column":6498}},"35":{"start":{"line":210,"column":15},"end":{"line":210,"column":6747}},"36":{"start":{"line":211,"column":12},"end":{"line":211,"column":47}},"37":{"start":{"line":212,"column":12},"end":{"line":212,"column":6830}},"38":{"start":{"line":221,"column":8},"end":{"line":221,"column":79}},"39":{"start":{"line":230,"column":8},"end":{"line":230,"column":31}},"40":{"start":{"line":239,"column":8},"end":{"line":239,"column":45}},"41":{"start":{"line":256,"column":8},"end":{"line":256,"column":53}},"42":{"start":{"line":257,"column":8},"end":{"line":257,"column":8191}},"43":{"start":{"line":271,"column":8},"end":{"line":271,"column":53}},"44":{"start":{"line":273,"column":8},"end":{"line":273,"column":79}},"45":{"start":{"line":274,"column":8},"end":{"line":274,"column":8766}},"46":{"start":{"line":275,"column":12},"end":{"line":275,"column":22}},"47":{"start":{"line":278,"column":8},"end":{"line":278,"column":60}},"48":{"start":{"line":287,"column":8},"end":{"line":287,"column":54}},"49":{"start":{"line":288,"column":8},"end":{"line":288,"column":53}},"50":{"start":{"line":290,"column":8},"end":{"line":290,"column":60}},"51":{"start":{"line":299,"column":8},"end":{"line":299,"column":54}},"52":{"start":{"line":300,"column":8},"end":{"line":300,"column":53}},"53":{"start":{"line":302,"column":8},"end":{"line":302,"column":60}},"54":{"start":{"line":310,"column":8},"end":{"line":310,"column":49}},"55":{"start":{"line":311,"column":8},"end":{"line":311,"column":60}},"56":{"start":{"line":321,"column":8},"end":{"line":321,"column":49}},"57":{"start":{"line":322,"column":8},"end":{"line":322,"column":64}},"58":{"start":{"line":333,"column":8},"end":{"line":333,"column":61}},"59":{"start":{"line":341,"column":8},"end":{"line":341,"column":22}}},"branchMap":{"1":{"line":54,"type":"if","locations":[{"start":{"line":54,"column":8},"end":{"line":54,"column":8}},{"start":{"line":54,"column":8},"end":{"line":54,"column":8}}]},"2":{"line":66,"type":"if","locations":[{"start":{"line":66,"column":8},"end":{"line":66,"column":8}},{"start":{"line":66,"column":8},"end":{"line":66,"column":8}}]},"3":{"line":79,"type":"if","locations":[{"start":{"line":79,"column":47},"end":{"line":79,"column":47}},{"start":{"line":79,"column":47},"end":{"line":79,"column":47}}]},"4":{"line":83,"type":"if","locations":[{"start":{"line":83,"column":8},"end":{"line":83,"column":8}},{"start":{"line":83,"column":8},"end":{"line":83,"column":8}}]},"5":{"line":97,"type":"if","locations":[{"start":{"line":97,"column":15},"end":{"line":97,"column":15}},{"start":{"line":97,"column":15},"end":{"line":97,"column":15}}]},"6":{"line":98,"type":"if","locations":[{"start":{"line":98,"column":8},"end":{"line":98,"column":8}},{"start":{"line":98,"column":8},"end":{"line":98,"column":8}}]},"7":{"line":101,"type":"if","locations":[{"start":{"line":101,"column":8},"end":{"line":101,"column":8}},{"start":{"line":101,"column":8},"end":{"line":101,"column":8}}]},"8":{"line":108,"type":"if","locations":[{"start":{"line":108,"column":8},"end":{"line":108,"column":8}},{"start":{"line":108,"column":8},"end":{"line":108,"column":8}}]},"9":{"line":129,"type":"if","locations":[{"start":{"line":129,"column":15},"end":{"line":129,"column":15}},{"start":{"line":129,"column":15},"end":{"line":129,"column":15}}]},"10":{"line":133,"type":"if","locations":[{"start":{"line":133,"column":8},"end":{"line":133,"column":8}},{"start":{"line":133,"column":8},"end":{"line":133,"column":8}}]},"11":{"line":137,"type":"if","locations":[{"start":{"line":137,"column":8},"end":{"line":137,"column":8}},{"start":{"line":137,"column":8},"end":{"line":137,"column":8}}]},"12":{"line":157,"type":"if","locations":[{"start":{"line":157,"column":15},"end":{"line":157,"column":15}},{"start":{"line":157,"column":15},"end":{"line":157,"column":15}}]},"13":{"line":161,"type":"if","locations":[{"start":{"line":161,"column":8},"end":{"line":161,"column":8}},{"start":{"line":161,"column":8},"end":{"line":161,"column":8}}]},"14":{"line":165,"type":"if","locations":[{"start":{"line":165,"column":8},"end":{"line":165,"column":8}},{"start":{"line":165,"column":8},"end":{"line":165,"column":8}}]},"15":{"line":168,"type":"if","locations":[{"start":{"line":168,"column":12},"end":{"line":168,"column":12}},{"start":{"line":168,"column":12},"end":{"line":168,"column":12}}]},"16":{"line":172,"type":"if","locations":[{"start":{"line":172,"column":15},"end":{"line":172,"column":15}},{"start":{"line":172,"column":15},"end":{"line":172,"column":15}}]},"17":{"line":174,"type":"if","locations":[{"start":{"line":174,"column":12},"end":{"line":174,"column":12}},{"start":{"line":174,"column":12},"end":{"line":174,"column":12}}]},"18":{"line":195,"type":"if","locations":[{"start":{"line":195,"column":15},"end":{"line":195,"column":15}},{"start":{"line":195,"column":15},"end":{"line":195,"column":15}}]},"19":{"line":199,"type":"if","locations":[{"start":{"line":199,"column":8},"end":{"line":199,"column":8}},{"start":{"line":199,"column":8},"end":{"line":199,"column":8}}]},"20":{"line":203,"type":"if","locations":[{"start":{"line":203,"column":8},"end":{"line":203,"column":8}},{"start":{"line":203,"column":8},"end":{"line":203,"column":8}}]},"21":{"line":206,"type":"if","locations":[{"start":{"line":206,"column":12},"end":{"line":206,"column":12}},{"start":{"line":206,"column":12},"end":{"line":206,"column":12}}]},"22":{"line":210,"type":"if","locations":[{"start":{"line":210,"column":15},"end":{"line":210,"column":15}},{"start":{"line":210,"column":15},"end":{"line":210,"column":15}}]},"23":{"line":212,"type":"if","locations":[{"start":{"line":212,"column":12},"end":{"line":212,"column":12}},{"start":{"line":212,"column":12},"end":{"line":212,"column":12}}]},"24":{"line":274,"type":"if","locations":[{"start":{"line":274,"column":8},"end":{"line":274,"column":8}},{"start":{"line":274,"column":8},"end":{"line":274,"column":8}}]},"25":{"line":310,"type":"if","locations":[{"start":{"line":310,"column":8},"end":{"line":310,"column":8}},{"start":{"line":310,"column":8},"end":{"line":310,"column":8}}]},"26":{"line":311,"type":"if","locations":[{"start":{"line":311,"column":8},"end":{"line":311,"column":8}},{"start":{"line":311,"column":8},"end":{"line":311,"column":8}}]},"27":{"line":321,"type":"if","locations":[{"start":{"line":321,"column":8},"end":{"line":321,"column":8}},{"start":{"line":321,"column":8},"end":{"line":321,"column":8}}]},"28":{"line":322,"type":"if","locations":[{"start":{"line":322,"column":8},"end":{"line":322,"column":8}},{"start":{"line":322,"column":8},"end":{"line":322,"column":8}}]},"29":{"line":333,"type":"if","locations":[{"start":{"line":333,"column":8},"end":{"line":333,"column":8}},{"start":{"line":333,"column":8},"end":{"line":333,"column":8}}]}}},"contracts/Trade.sol":{"l":{"56":0,"152":0,"153":0,"154":0,"156":0,"160":0,"161":0,"162":0,"164":0,"168":0,"169":0,"171":0,"175":0,"176":0,"190":0,"191":0,"193":0,"194":0,"195":0,"197":0,"198":0,"199":0,"200":0,"216":0,"217":0,"218":0,"219":0,"221":0,"224":0,"225":0,"226":0,"230":0,"231":0,"232":0,"233":0,"235":0,"236":0,"237":0,"238":0,"239":0,"241":0,"242":0,"243":0,"244":0,"248":0,"251":0,"252":0,"272":0,"275":0,"276":0,"278":0,"280":0,"297":0,"300":0,"301":0,"303":0,"304":0,"308":0,"309":0,"310":0,"312":0,"316":0,"318":0,"333":0,"334":0,"336":0,"338":0,"339":0,"341":0,"344":0,"345":0,"350":0,"354":0,"357":0,"359":0,"372":0,"373":0,"376":0,"377":0,"378":0,"381":0,"383":0,"396":0,"397":0,"399":0,"400":0,"403":0,"404":0,"407":0,"408":0,"411":0,"414":0,"417":0,"418":0,"419":0,"420":0,"423":0,"425":0,"433":0,"434":0,"437":0,"441":0,"445":0,"448":0,"449":0,"450":0,"451":0,"452":0,"453":0,"458":0,"459":0,"462":0,"464":0,"466":0,"475":0,"478":0,"479":0,"481":0,"482":0,"485":0,"486":0,"489":0,"490":0,"493":0,"496":0,"497":0,"500":0,"502":0,"503":0,"518":0,"521":0,"522":0,"523":0,"527":0,"528":0,"532":0,"533":0,"537":0,"538":0,"542":0,"556":0,"559":0,"562":0,"564":0,"565":0,"578":0,"579":0,"582":0,"583":0,"586":0,"587":0,"591":0,"592":0,"594":0,"597":0,"610":0,"611":0,"614":0,"615":0,"618":0,"619":0,"623":0,"624":0,"628":0,"629":0,"630":0,"633":0,"634":0,"635":0,"636":0,"637":0,"640":0,"643":0,"647":0,"650":0,"651":0,"655":0,"658":0,"659":0,"660":0,"661":0,"663":0,"664":0,"684":0,"685":0,"686":0,"687":0,"689":0,"690":0,"691":0,"692":0,"693":0,"694":0,"696":0,"704":0,"705":0,"706":0,"715":0,"716":0,"718":0,"733":0,"734":0,"738":0,"739":0,"742":0,"753":0,"754":0,"755":0,"756":0,"759":0,"772":0,"775":0,"776":0,"778":0,"779":0,"783":0,"786":0,"787":0,"788":0,"789":0,"790":0,"791":0,"795":0,"803":0,"805":0,"806":0,"809":0,"822":0,"835":0,"848":0,"859":0,"860":0,"869":0,"871":0,"872":0,"873":0,"875":0,"896":0,"903":0,"913":0,"915":0,"916":0,"919":0,"929":0,"932":0,"933":0,"936":0,"940":0,"941":0,"945":0,"946":0,"949":0,"950":0,"965":0,"967":0,"968":0,"969":0,"972":0,"974":0,"975":0,"976":0,"979":0,"988":0,"989":0,"1007":0,"1009":0,"1012":0,"1015":0,"1028":0,"1031":0,"1034":0,"1048":0,"1050":0,"1051":0,"1055":0,"1064":0,"1067":0,"1068":0,"1070":0,"1071":0,"1072":0,"1073":0,"1077":0,"1078":0,"1083":0,"1092":0,"1093":0,"1094":0,"1096":0,"1106":0,"1107":0,"1109":0,"1110":0,"1111":0,"1115":0,"1116":0,"1120":0,"1129":0,"1136":0,"1145":0,"1148":0,"1149":0,"1152":0,"1155":0,"1158":0,"1159":0,"1161":0,"1162":0,"1163":0,"1164":0,"1168":0,"1171":0,"1172":0,"1176":0,"1177":0,"1180":0,"1181":0,"1183":0,"1184":0,"1193":0,"1195":0,"1196":0,"1197":0,"1200":0,"1202":0,"1216":0,"1218":0,"1219":0,"1220":0,"1225":0,"1226":0,"1228":0,"1229":0,"1231":0,"1234":0,"1242":0,"1243":0,"1252":0},"path":"/Users/samb/workspace/desamtralized/local-money/contracts/evm/contracts/Trade.sol","s":{"1":0,"2":0,"3":0,"4":0,"5":0,"6":0,"7":0,"8":0,"9":0,"10":0,"11":0,"12":0,"13":0,"14":0,"15":0,"16":0,"17":0,"18":0,"19":0,"20":0,"21":0,"22":0,"23":0,"24":0,"25":0,"26":0,"27":0,"28":0,"29":0,"30":0,"31":0,"32":0,"33":0,"34":0,"35":0,"36":0,"37":0,"38":0,"39":0,"40":0,"41":0,"42":0,"43":0,"44":0,"45":0,"46":0,"47":0,"48":0,"49":0,"50":0,"51":0,"52":0,"53":0,"54":0,"55":0,"56":0,"57":0,"58":0,"59":0,"60":0,"61":0,"62":0,"63":0,"64":0,"65":0,"66":0,"67":0,"68":0,"69":0,"70":0,"71":0,"72":0,"73":0,"74":0,"75":0,"76":0,"77":0,"78":0,"79":0,"80":0,"81":0,"82":0,"83":0,"84":0,"85":0,"86":0,"87":0,"88":0,"89":0,"90":0,"91":0,"92":0,"93":0,"94":0,"95":0,"96":0,"97":0,"98":0,"99":0,"100":0,"101":0,"102":0,"103":0,"104":0,"105":0,"106":0,"107":0,"108":0,"109":0,"110":0,"111":0,"112":0,"113":0,"114":0,"115":0,"116":0,"117":0,"118":0,"119":0,"120":0,"121":0,"122":0,"123":0,"124":0,"125":0,"126":0,"127":0,"128":0,"129":0,"130":0,"131":0,"132":0,"133":0,"134":0,"135":0,"136":0,"137":0,"138":0,"139":0,"140":0,"141":0,"142":0,"143":0,"144":0,"145":0,"146":0,"147":0,"148":0,"149":0,"150":0,"151":0,"152":0,"153":0,"154":0,"155":0,"156":0,"157":0,"158":0,"159":0,"160":0,"161":0,"162":0,"163":0,"164":0,"165":0,"166":0,"167":0,"168":0,"169":0,"170":0,"171":0,"172":0,"173":0,"174":0,"175":0,"176":0,"177":0,"178":0,"179":0,"180":0,"181":0,"182":0,"183":0,"184":0,"185":0,"186":0,"187":0,"188":0,"189":0,"190":0,"191":0,"192":0,"193":0,"194":0,"195":0,"196":0,"197":0,"198":0,"199":0,"200":0,"201":0,"202":0,"203":0,"204":0,"205":0,"206":0,"207":0,"208":0,"209":0,"210":0,"211":0,"212":0,"213":0,"214":0,"215":0,"216":0,"217":0,"218":0,"219":0,"220":0,"221":0,"222":0,"223":0,"224":0,"225":0,"226":0,"227":0,"228":0,"229":0,"230":0,"231":0,"232":0,"233":0,"234":0,"235":0,"236":0,"237":0,"238":0,"239":0,"240":0,"241":0,"242":0,"243":0,"244":0,"245":0,"246":0,"247":0},"b":{"1":[0,0],"2":[0,0],"3":[0,0],"4":[0,0],"5":[0,0],"6":[0,0],"7":[0,0],"8":[0,0],"9":[0,0],"10":[0,0],"11":[0,0],"12":[0,0],"13":[0,0],"14":[0,0],"15":[0,0],"16":[0,0],"17":[0,0],"18":[0,0],"19":[0,0],"20":[0,0],"21":[0,0],"22":[0,0],"23":[0,0],"24":[0,0],"25":[0,0],"26":[0,0],"27":[0,0],"28":[0,0],"29":[0,0],"30":[0,0],"31":[0,0],"32":[0,0],"33":[0,0],"34":[0,0],"35":[0,0],"36":[0,0],"37":[0,0],"38":[0,0],"39":[0,0],"40":[0,0],"41":[0,0],"42":[0,0],"43":[0,0],"44":[0,0],"45":[0,0],"46":[0,0],"47":[0,0],"48":[0,0],"49":[0,0],"50":[0,0],"51":[0,0],"52":[0,0],"53":[0,0],
[...]
"start":{"line":168,"column":8},"end":{"line":168,"column":8}},{"start":{"line":168,"column":8},"end":{"line":168,"column":8}}]},"6":{"line":175,"type":"if","locations":[{"start":{"line":175,"column":8},"end":{"line":175,"column":8}},{"start":{"line":175,"column":8},"end":{"line":175,"column":8}}]},"7":{"line":189,"type":"if","locations":[{"start":{"line":189,"column":15},"end":{"line":189,"column":15}},{"start":{"line":189,"column":15},"end":{"line":189,"column":15}}]},"8":{"line":193,"type":"if","locations":[{"start":{"line":193,"column":8},"end":{"line":193,"column":8}},{"start":{"line":193,"column":8},"end":{"line":193,"column":8}}]},"9":{"line":194,"type":"if","locations":[{"start":{"line":194,"column":8},"end":{"line":194,"column":8}},{"start":{"line":194,"column":8},"end":{"line":194,"column":8}}]},"10":{"line":195,"type":"if","locations":[{"start":{"line":195,"column":8},"end":{"line":195,"column":8}},{"start":{"line":195,"column":8},"end":{"line":195,"column":8}}]},"11":{"line":214,"type":"if","locations":[{"start":{"line":214,"column":15},"end":{"line":214,"column":15}},{"start":{"line":214,"column":15},"end":{"line":214,"column":15}}]},"12":{"line":214,"type":"if","locations":[{"start":{"line":214,"column":28},"end":{"line":214,"column":28}},{"start":{"line":214,"column":28},"end":{"line":214,"column":28}}]},"13":{"line":217,"type":"if","locations":[{"start":{"line":217,"column":8},"end":{"line":217,"column":8}},{"start":{"line":217,"column":8},"end":{"line":217,"column":8}}]},"14":{"line":218,"type":"if","locations":[{"start":{"line":218,"column":8},"end":{"line":218,"column":8}},{"start":{"line":218,"column":8},"end":{"line":218,"column":8}}]},"15":{"line":218,"type":"cond-expr","locations":[{"start":{"line":218,"column":12},"end":{"line":218,"column":36}},{"start":{"line":218,"column":41},"end":{"line":218,"column":65}}]},"16":{"line":221,"type":"if","locations":[{"start":{"line":221,"column":8},"end":{"line":221,"column":8}},{"start":{"line":221,"column":8},"end":{"line":221,"column":8}}]},"17":{"line":225,"type":"if","locations":[{"start":{"line":225,"column":8},"end":{"line":225,"column":8}},{"start":{"line":225,"column":8},"end":{"line":225,"column":8}}]},"18":{"line":235,"type":"if","locations":[{"start":{"line":235,"column":8},"end":{"line":235,"column":8}},{"start":{"line":235,"column":8},"end":{"line":235,"column":8}}]},"19":{"line":292,"type":"if","locations":[{"start":{"line":292,"column":8},"end":{"line":292,"column":8}},{"start":{"line":292,"column":8},"end":{"line":292,"column":8}}]},"20":{"line":293,"type":"if","locations":[{"start":{"line":293,"column":8},"end":{"line":293,"column":8}},{"start":{"line":293,"column":8},"end":{"line":293,"column":8}}]},"21":{"line":294,"type":"if","locations":[{"start":{"line":294,"column":8},"end":{"line":294,"column":8}},{"start":{"line":294,"column":8},"end":{"line":294,"column":8}}]},"22":{"line":295,"type":"if","locations":[{"start":{"line":295,"column":8},"end":{"line":295,"column":8}},{"start":{"line":295,"column":8},"end":{"line":295,"column":8}}]},"23":{"line":303,"type":"if","locations":[{"start":{"line":303,"column":8},"end":{"line":303,"column":8}},{"start":{"line":303,"column":8},"end":{"line":303,"column":8}}]},"24":{"line":309,"type":"if","locations":[{"start":{"line":309,"column":8},"end":{"line":309,"column":8}},{"start":{"line":309,"column":8},"end":{"line":309,"column":8}}]},"25":{"line":328,"type":"if","locations":[{"start":{"line":328,"column":8},"end":{"line":328,"column":8}},{"start":{"line":328,"column":8},"end":{"line":328,"column":8}}]},"26":{"line":329,"type":"if","locations":[{"start":{"line":329,"column":8},"end":{"line":329,"column":8}},{"start":{"line":329,"column":8},"end":{"line":329,"column":8}}]},"27":{"line":330,"type":"if","locations":[{"start":{"line":330,"column":8},"end":{"line":330,"column":8}},{"start":{"line":330,"column":8},"end":{"line":330,"column":8}}]},"28":{"line":331,"type":"if","locations":[{"start":{"line":331,"column":8},"end":{"line":331,"column":8}},{"start":{"line":331,"column":8},"end":{"line":331,"column":8}}]},"29":{"line":334,"type":"if","locations":[{"start":{"line":334,"column":8},"end":{"line":334,"column":8}},{"start":{"line":334,"column":8},"end":{"line":334,"column":8}}]},"30":{"line":336,"type":"if","locations":[{"start":{"line":336,"column":8},"end":{"line":336,"column":8}},{"start":{"line":336,"column":8},"end":{"line":336,"column":8}}]},"31":{"line":338,"type":"if","locations":[{"start":{"line":338,"column":12},"end":{"line":338,"column":12}},{"start":{"line":338,"column":12},"end":{"line":338,"column":12}}]},"32":{"line":344,"type":"if","locations":[{"start":{"line":344,"column":12},"end":{"line":344,"column":12}},{"start":{"line":344,"column":12},"end":{"line":344,"column":12}}]},"33":{"line":368,"type":"if","locations":[{"start":{"line":368,"column":8},"end":{"line":368,"column":8}},{"start":{"line":368,"column":8},"end":{"line":368,"column":8}}]},"34":{"line":369,"type":"if","locations":[{"start":{"line":369,"column":8},"end":{"line":369,"column":8}},{"start":{"line":369,"column":8},"end":{"line":369,"column":8}}]},"35":{"line":370,"type":"if","locations":[{"start":{"line":370,"column":8},"end":{"line":370,"column":8}},{"start":{"line":370,"column":8},"end":{"line":370,"column":8}}]},"36":{"line":373,"type":"if","locations":[{"start":{"line":373,"column":8},"end":{"line":373,"column":8}},{"start":{"line":373,"column":8},"end":{"line":373,"column":8}}]},"37":{"line":392,"type":"if","locations":[{"start":{"line":392,"column":8},"end":{"line":392,"column":8}},{"start":{"line":392,"column":8},"end":{"line":392,"column":8}}]},"38":{"line":393,"type":"if","locations":[{"start":{"line":393,"column":8},"end":{"line":393,"column":8}},{"start":{"line":393,"column":8},"end":{"line":393,"column":8}}]},"39":{"line":394,"type":"if","locations":[{"start":{"line":394,"column":8},"end":{"line":394,"column":8}},{"start":{"line":394,"column":8},"end":{"line":394,"column":8}}]},"40":{"line":397,"type":"if","locations":[{"start":{"line":397,"column":8},"end":{"line":397,"column":8}},{"start":{"line":397,"column":8},"end":{"line":397,"column":8}}]},"41":{"line":400,"type":"if","locations":[{"start":{"line":400,"column":8},"end":{"line":400,"column":8}},{"start":{"line":400,"column":8},"end":{"line":400,"column":8}}]},"42":{"line":432,"type":"if","locations":[{"start":{"line":432,"column":52},"end":{"line":432,"column":52}},{"start":{"line":432,"column":52},"end":{"line":432,"column":52}}]},"43":{"line":432,"type":"if","locations":[{"start":{"line":432,"column":65},"end":{"line":432,"column":65}},{"start":{"line":432,"column":65},"end":{"line":432,"column":65}}]},"44":{"line":437,"type":"if","locations":[{"start":{"line":437,"column":8},"end":{"line":437,"column":8}},{"start":{"line":437,"column":8},"end":{"line":437,"column":8}}]},"45":{"line":437,"type":"cond-expr","locations":[{"start":{"line":437,"column":12},"end":{"line":437,"column":52}},{"start":{"line":438,"column":12},"end":{"line":438,"column":53}}]},"46":{"line":437,"type":"cond-expr","locations":[{"start":{"line":437,"column":12},"end":{"line":438,"column":53}},{"start":{"line":439,"column":12},"end":{"line":439,"column":81}}]},"47":{"line":442,"type":"if","locations":[{"start":{"line":442,"column":16},"end":{"line":442,"column":41}},{"start":{"line":443,"column":16},"end":{"line":443,"column":41}}]},"48":{"line":448,"type":"if","locations":[{"start":{"line":448,"column":12},"end":{"line":448,"column":12}},{"start":{"line":448,"column":12},"end":{"line":448,"column":12}}]},"49":{"line":450,"type":"if","locations":[{"start":{"line":450,"column":16},"end":{"line":450,"column":16}},{"start":{"line":450,"column":16},"end":{"line":450,"column":16}}]},"50":{"line":474,"type":"if","locations":[{"start":{"line":474,"column":59},"end":{"line":474,"column":59}},{"start":{"line":474,"column":59},"end":{"line":474,"column":59}}]},"51":{"line":478,"type":"if","locations":[{"start":{"line":478,"column":8},"end":{"line":478,"column":8}},{"start":{"line":478,"column":8},"end":{"line":478,"column":8}}]},"52":{"line":481,"type":"if","locations":[{"start":{"line":481,"column":8},"end":{"line":481,"column":8}},{"start":{"line":481,"column":8},"end":{"line":481,"column":8}}]},"53":{"line":486,"type":"if","locations":[{"start":{"line":486,"column":8},"end":{"line":486,"column":8}},{"start":{"line":486,"column":8},"end":{"line":486,"column":8}}]},"54":{"line":515,"type":"if","locations":[{"start":{"line":515,"column":8},"end":{"line":515,"column":8}},{"start":{"line":515,"column":8},"end":{"line":515,"column":8}}]},"55":{"line":516,"type":"if","locations":[{"start":{"line":516,"column":8},"end":{"line":516,"column":8}},{"start":{"line":516,"column":8},"end":{"line":516,"column":8}}]},"56":{"line":521,"type":"if","locations":[{"start":{"line":521,"column":8},"end":{"line":521,"column":8}},{"start":{"line":521,"column":8},"end":{"line":521,"column":8}}]},"57":{"line":521,"type":"cond-expr","locations":[{"start":{"line":521,"column":12},"end":{"line":521,"column":24}},{"start":{"line":521,"column":29},"end":{"line":521,"column":51}}]},"58":{"line":522,"type":"if","locations":[{"start":{"line":522,"column":8},"end":{"line":522,"column":8}},{"start":{"line":522,"column":8},"end":{"line":522,"column":8}}]},"59":{"line":527,"type":"if","locations":[{"start":{"line":527,"column":8},"end":{"line":527,"column":8}},{"start":{"line":527,"column":8},"end":{"line":527,"column":8}}]},"60":{"line":532,"type":"if","locations":[{"start":{"line":532,"column":8},"end":{"line":532,"column":8}},{"start":{"line":532,"column":8},"end":{"line":532,"column":8}}]},"61":{"line":537,"type":"if","locations":[{"start":{"line":537,"column":8},"end":{"line":537,"column":8}},{"start":{"line":537,"column":8},"end":{"line":537,"column":8}}]},"62":{"line":575,"type":"if","locations":[{"start":{"line":575,"column":8},"end":{"line":575,"column":8}},{"start":{"line":575,"column":8},"end":{"line":575,"column":8}}]},"63":{"line":576,"type":"if","locations":[{"start":{"line":576,"column":8},"end":{"line":576,"column":8}},{"start":{"line":576,"column":8},"end":{"line":576,"column":8}}]},"64":{"line":582,"type":"if","locations":[{"start":{"line":582,"column":8},"end":{"line":582,"column":8}},{"start":{"line":582,"column":8},"end":{"line":582,"column":8}}]},"65":{"line":583,"type":"if","locations":[{"start":{"line":583,"column":8},"end":{"line":583,"column":8}},{"start":{"line":583,"column":8},"end":{"line":583,"column":8}}]},"66":{"line":586,"type":"if","locations":[{"start":{"line":586,"column":8},"end":{"line":586,"column":8}},{"start":{"line":586,"column":8},"end":{"line":586,"column":8}}]},"67":{"line":591,"type":"if","locations":[{"start":{"line":591,"column":8},"end":{"line":591,"column":8}},{"start":{"line":591,"column":8},"end":{"line":591,"column":8}}]},"68":{"line":607,"type":"if","locations":[{"start":{"line":607,"column":8},"end":{"line":607,"column":8}},{"start":{"line":607,"column":8},"end":{"line":607,"column":8}}]},"69":{"line":608,"type":"if","locations":[{"start":{"line":608,"column":8},"end":{"line":608,"column":8}},{"start":{"line":608,"column":8},"end":{"line":608,"column":8}}]},"70":{"line":614,"type":"if","locations":[{"start":{"line":614,"column":8},"end":{"line":614,"column":8}},{"start":{"line":614,"column":8},"end":{"line":614,"column":8}}]},"71":{"line":615,"type":"if","locations":[{"start":{"line":615,"column":8},"end":{"line":615,"column":8}},{"start":{"line":615,"column":8},"end":{"line":615,"column":8}}]},"72":{"line":618,"type":"if","locations":[{"start":{"line":618,"column":8},"end":{"line":618,"column":8}},{"start":{"line":618,"column":8},"end":{"line":618,"column":8}}]},"73":{"line":623,"type":"if","locations":[{"start":{"line":623,"column":8},"end":{"line":623,"column":8}},{"start":{"line":623,"column":8},"end":{"line":623,"column":8}}]},"74":{"line":650,"type":"if","locations":[{"start":{"line":650,"column":8},"end":{"line":650,"column":8}},{"start":{"line":650,"column":8},"end":{"line":650,"column":8}}]},"75":{"line":684,"type":"if","locations":[{"start":{"line":684,"column":8},"end":{"line":684,"column":8}},{"start":{"line":684,"column":8},"end":{"line":684,"column":8}}]},"76":{"line":685,"type":"if","locations":[{"start":{"line":685,"column":8},"end":{"line":685,"column":8}},{"start":{"line":685,"column":8},"end":{"line":685,"column":8}}]},"77":{"line":686,"type":"if","locations":[{"start":{"line":686,"column":8},"end":{"line":686,"column":8}},{"start":{"line":686,"column":8},"end":{"line":686,"column":8}}]},"78":{"line":687,"type":"if","locations":[{"start":{"line":687,"column":8},"end":{"line":687,"column":8}},{"start":{"line":687,"column":8},"end":{"line":687,"column":8}}]},"79":{"line":704,"type":"if","locations":[{"start":{"line":704,"column":8},"end":{"line":704,"column":8}},{"start":{"line":704,"column":8},"end":{"line":704,"column":8}}]},"80":{"line":715,"type":"if","locations":[{"start":{"line":715,"column":8},"end":{"line":715,"column":8}},{"start":{"line":715,"column":8},"end":{"line":715,"column":8}}]},"81":{"line":731,"type":"if","locations":[{"start":{"line":731,"column":15},"end":{"line":731,"column":15}},{"start":{"line":731,"column":15},"end":{"line":731,"column":15}}]},"82":{"line":733,"type":"if","locations":[{"start":{"line":733,"column":8},"end":{"line":733,"column":8}},{"start":{"line":733,"column":8},"end":{"line":733,"column":8}}]},"83":{"line":738,"type":"if","locations":[{"start":{"line":738,"column":8},"end":{"line":738,"column":8}},{"start":{"line":738,"column":8},"end":{"line":738,"column":8}}]},"84":{"line":739,"type":"if","locations":[{"start":{"line":739,"column":8},"end":{"line":739,"column":8}},{"start":{"line":739,"column":8},"end":{"line":739,"column":8}}]},"85":{"line":770,"type":"if","locations":[{"start":{"line":770,"column":15},"end":{"line":770,"column":15}},{"start":{"line":770,"column":15},"end":{"line":770,"column":15}}]},"86":{"line":772,"type":"if","locations":[{"start":{"line":772,"column":8},"end":{"line":772,"column":8}},{"start":{"line":772,"column":8},"end":{"line":772,"column":8}}]},"87":{"line":772,"type":"cond-expr","locations":[{"start":{"line":772,"column":16},"end":{"line":772,"column":40}},{"start":{"line":772,"column":45},"end":{"line":772,"column":72}}]},"88":{"line":775,"type":"if","locations":[{"start":{"line":775,"column":8},"end":{"line":775,"column":8}},{"start":{"line":775,"column":8},"end":{"line":775,"column":8}}]},"89":{"line":778,"type":"if","locations":[{"start":{"line":778,"column":8},"end":{"line":778,"column":8}},{"start":{"line":778,"column":8},"end":{"line":778,"column":8}}]},"90":{"line":788,"type":"if","locations":[{"start":{"line":788,"column":12},"end":{"line":788,"column":12}},{"start":{"line":788,"column":12},"end":{"line":788,"column":12}}]},"91":{"line":803,"type":"if","locations":[{"start":{"line":803,"column":8},"end":{"line":803,"column":8}},{"start":{"line":803,"column":8},"end":{"line":803,"column":8}}]},"92":{"line":805,"type":"if","locations":[{"start":{"line":805,"column":8},"end":{"line":805,"column":8}},{"start":{"line":805,"column":8},"end":{"line":805,"column":8}}]},"93":{"line":859,"type":"if","locations":[{"start":{"line":859,"column":8},"end":{"line":859,"column":8}},{"start":{"line":859,"column":8},"end":{"line":859,"column":8}}]},"94":{"line":859,"type":"cond-expr","locations":[{"start":{"line":859,"column":12},"end":{"line":859,"column":24}},{"start":{"line":859,"column":29},"end":{"line":859,"column":51}}]},"95":{"line":913,"type":"if","locations":[{"start":{"line":913,"column":8},"end":{"line":913,"column":8}},{"start":{"line":913,"column":8},"end":{"line":913,"column":8}}]},"96":{"line":916,"type":"if","locations":[{"start":{"line":916,"column":12},"end":{"line":916,"column":12}},{"start":{"line":916,"column":12},"end":{"line":916,"column":12}}]},"97":{"line":932,"type":"if","locations":[{"start":{"line":932,"column":8},"end":{"line":932,"column":8}},{"start":{"line":932,"column":8},"end":{"line":932,"column":8}}]},"98":{"line":934,"type":"if","locations":[{"start":{"line":934,"column":18},"end":{"line":934,"column":41}},{"start":{"line":935,"column":18},"end":{"line":935,"column":32}}]},"99":{"line":940,"type":"if","locations":[{"start":{"line":940,"column":8},"end":{"line":940,"column":8}},{"start":{"line":940,"column":8},"end":{"line":940,"column":8}}]},"100":{"line":945,"type":"if","locations":[{"start":{"line":945,"column":8},"end":{"line":945,"column":8}},{"start":{"line":945,"column":8},"end":{"line":945,"column":8}}]},"101":{"line":947,"type":"if","locations":[{"start":{"line":947,"column":15},"end":{"line":947,"column":15}},{"start":{"line":947,"column":15},"end":{"line":947,"column":15}}]},"102":{"line":965,"type":"if","locations":[{"start":{"line":965,"column":8},"end":{"line":965,"column":8}},{"start":{"line":965,"column":8},"end":{"line":965,"column":8}}]},"103":{"line":972,"type":"if","locations":[{"start":{"line":972,"column":8},"end":{"line":972,"column":8}},{"start":{"line":972,"column":8},"end":{"line":972,"column":8}}]},"104":{"line":1007,"type":"if","locations":[{"start":{"line":1007,"column":8},"end":{"line":1007,"column":8}},{"start":{"line":1007,"column":8},"end":{"line":1007,"column":8}}]},"105":{"line":1048,"type":"if","locations":[{"start":{"line":1048,"column":8},"end":{"line":1048,"column":8}},{"start":{"line":1048,"column":8},"end":{"line":1048,"column":8}}]},"106":{"line":1048,"type":"cond-expr","locations":[{"start":{"line":1048,"column":12},"end":{"line":1048,"column":48}},{"start":{"line":1048,"column":53},"end":{"line":1048,"column":74}}]},"107":{"line":1071,"type":"if","locations":[{"start":{"line":1071,"column":12},"end":{"line":1071,"column":12}},{"start":{"line":1071,"column":12},"end":{"line":1071,"column":12}}]},"108":{"line":1077,"type":"if","locations":[{"start":{"line":1077,"column":8},"end":{"line":1077,"column":8}},{"start":{"line":1077,"column":8},"end":{"line":1077,"column":8}}]},"109":{"line":1110,"type":"if","locations":[{"start":{"line":1110,"column":12},"end":{"line":1110,"column":12}},{"start":{"line":1110,"column":12},"end":{"line":1110,"column":12}}]},"110":{"line":1115,"type":"if","locations":[{"start":{"line":1115,"column":8},"end":{"line":1115,"column":8}},{"start":{"line":1115,"column":8},"end":{"line":1115,"column":8}}]},"111":{"line":1148,"type":"if","locations":[{"start":{"line":1148,"column":8},"end":{"line":1148,"column":8}},{"start":{"line":1148,"column":8},"end":{"line":1148,"column":8}}]},"112":{"line":1149,"type":"if","locations":[{"start":{"line":1149,"column":8},"end":{"line":1149,"column":8}},{"start":{"line":1149,"column":8},"end":{"line":1149,"column":8}}]},"113":{"line":1162,"type":"if","locations":[{"start":{"line":1162,"column":12},"end":{"line":1162,"column":12}},{"start":{"line":1162,"column":12},"end":{"line":1162,"column":12}}]},"114":{"line":1168,"type":"if","locations":[{"start":{"line":1168,"column":8},"end":{"line":1168,"column":8}},{"start":{"line":1168,"column":8},"end":{"line":1168,"column":8}}]},"115":{"line":1219,"type":"if","locations":[{"start":{"line":1219,"column":8},"end":{"line":1219,"column":8}},{"start":{"line":1219,"column":8},"end":{"line":1219,"column":8}}]},"116":{"line":1225,"type":"if","locations":[{"start":{"line":1225,"column":8},"end":{"line":1225,"column":8}},{"start":{"line":1225,"column":8},"end":{"line":1225,"column":8}}]},"117":{"line":1228,"type":"if","locations":[{"start":{"line":1228,"column":12},"end":{"line":1228,"column":12}},{"start":{"line":1228,"column":12},"end":{"line":1228,"column":12}}]},"118":{"line":1229,"type":"if","locations":[{"start":{"line":1229,"column":12},"end":{"line":1229,"column":12}},{"start":{"line":1229,"column":12},"end":{"line":1229,"column":12}}]},"119":{"line":1242,"type":"if","locations":[{"start":{"line":1242,"column":8},"end":{"line":1242,"column":8}},{"start":{"line":1242,"column":8},"end":{"line":1242,"column":8}}]}}}}