{"contracts/ArbitratorManager.sol":{"l":{"44":0,"56":0,"57":0,"58":0,"60":0,"64":0,"67":0,"68":0,"69":0,"70":0,"84":0,"85":0,"89":0,"90":0,"93":0,"104":0,"105":0,"106":0,"107":0,"110":0,"123":0,"129":0,"130":0,"132":0,"133":0,"137":0,"140":0,"141":0,"142":0,"143":0,"144":0,"145":0,"149":0,"161":0,"162":0,"165":0,"166":0,"186":0,"188":0,"189":0,"198":0,"205":0,"206":0,"209":0,"211":0,"212":0,"225":0,"228":0,"229":0,"230":0,"231":0,"236":0,"237":0,"238":0,"239":0,"240":0,"241":0,"255":0,"257":0,"258":0,"259":0,"263":0,"264":0,"266":0,"267":0,"269":0,"272":0,"320":0,"334":0,"348":0,"361":0,"371":0,"385":0,"386":0,"387":0,"388":0,"403":0,"412":0,"413":0,"414":0,"415":0,"432":0,"433":0,"436":0,"439":0,"440":0,"441":0,"449":0},"path":"/Volumes/Pylon/workspace/localmoney/contracts/evm/contracts/ArbitratorManager.sol","s":{"1":0,"2":0,"3":0,"4":0,"5":0,"6":0,"7":0,"8":0,"9":0,"10":0,"11":0,"12":0,"13":0,"14":0,"15":0,"16":0,"17":0,"18":0,"19":0,"20":0,"21":0,"22":0,"23":0,"24":0,"25":0,"26":0,"27":0,"28":0,"29":0,"30":0,"31":0,"32":0,"33":0,"34":0,"35":0,"36":0,"37":0,"38":0,"39":0,"40":0,"41":0,"42":0,"43":0,"44":0,"45":0,"46":0,"47":0,"48":0,"49":0,"50":0,"51":0,"52":0,"53":0,"54":0,"55":0,"56":0,"57":0,"58":0,"59":0,"60":0,"61":0,"62":0,"63":0,"64":0,"65":0,"66":0},"b":{"1":[0,0],"2":[0,0],"3":[0,0],"4":[0,0],"5":[0,0],"6":[0,0],"7":[0,0],"8":[0,0],"9":[0,0],"10":[0,0],"11":[0,0],"12":[0,0],"13":[0,0],"14":[0,0],"15":[0,0],"16":[0,0],"17":[0,0],"18":[0,0],"19":[0,0],"20":[0,0],"21":[0,0],"22":[0,0],"23":[0,0],"24":[0,0],"25":[0,0],"26":[0,0],"27":[0,0],"28":[0,0],"29":[0,0],"30":[0,0],"31":[0,0],"32":[0,0],"33":[0,0],"34":[0,0],"35":[0,0],"36":[0,0]},"f":{"1":0,"2":0,"3":0,"4":0,"5":0,"6":0,"7":0,"8":0,"9":0,"10":0,"11":0,"12":0,"13":0,"14":0,"15":0,"16":0,"17":0,"18":0,"19":0,"20":0},"fnMap":{"1":{"name":"constructor","line":43,"loc":{"start":{"line":43,"column":4},"end":{"line":45,"column":4}}},"2":{"name":"initialize","line":55,"loc":{"start":{"line":52,"column":4},"end":{"line":72,"column":4}}},"3":{"name":"registerArbitrator","line":82,"loc":{"start":{"line":79,"column":4},"end":{"line":111,"column":4}}},"4":{"name":"removeArbitratorFromCurrency","line":121,"loc":{"start":{"line":118,"column":4},"end":{"line":150,"column":4}}},"5":{"name":"deactivateArbitrator","line":159,"loc":{"start":{"line":156,"column":4},"end":{"line":167,"column":4}}},"6":{"name":"assignArbitrator","line":184,"loc":{"start":{"line":181,"column":4},"end":{"line":213,"column":4}}},"7":{"name":"getEligibleArbitrators","line":220,"loc":{"start":{"line":220,"column":4},"end":{"line":244,"column":4}}},"8":{"name":"updateArbitratorReputation","line":254,"loc":{"start":{"line":251,"column":4},"end":{"line":273,"column":4}}},"9":{"name":"configureVRF","line":287,"loc":{"start":{"line":281,"column":4},"end":{"line":290,"column":4}}},"10":{"name":"updateVRFSubscription","line":301,"loc":{"start":{"line":298,"column":4},"end":{"line":305,"column":4}}},"11":{"name":"getArbitratorInfo","line":314,"loc":{"start":{"line":314,"column":4},"end":{"line":321,"column":4}}},"12":{"name":"getArbitratorsForCurrency","line":328,"loc":{"start":{"line":328,"column":4},"end":{"line":335,"column":4}}},"13":{"name":"isActiveArbitrator","line":342,"loc":{"start":{"line":342,"column":4},"end":{"line":349,"column":4}}},"14":{"name":"arbitratorSupportsCurrency","line":357,"loc":{"start":{"line":357,"column":4},"end":{"line":362,"column":4}}},"15":{"name":"getActiveArbitratorCount","line":368,"loc":{"start":{"line":368,"column":4},"end":{"line":372,"column":4}}},"16":{"name":"getActiveArbitratorCountForCurrency","line":379,"loc":{"start":{"line":379,"column":4},"end":{"line":391,"column":4}}},"17":{"name":"getPendingArbitratorAssignment","line":398,"loc":{"start":{"line":398,"column":4},"end":{"line":404,"column":4}}},"18":{"name":"setTradeContract","line":411,"loc":{"start":{"line":411,"column":4},"end":{"line":416,"column":4}}},"19":{"name":"_authorizeUpgrade","line":429,"loc":{"start":{"line":426,"column":4},"end":{"line":442,"column":4}}},"20":{"name":"version","line":448,"loc":{"start":{"line":448,"column":4},"end":{"line":450,"column":4}}}},"statementMap":{"1":{"start":{"line":44,"column":8},"end":{"line":44,"column":29}},"2":{"start":{"line":56,"column":8},"end":{"line":56,"column":31}},"3":{"start":{"line":57,"column":8},"end":{"line":57,"column":29}},"4":{"start":{"line":58,"column":8},"end":{"line":58,"column":31}},"5":{"start":{"line":60,"column":8},"end":{"line":60,"column":57}},"6":{"start":{"line":67,"column":8},"end":{"line":67,"column":49}},"7":{"start":{"line":68,"column":8},"end":{"line":68,"column":41}},"8":{"start":{"line":69,"column":8},"end":{"line":69,"column":2692}},"9":{"start":{"line":70,"column":12},"end":{"line":70,"column":58}},"10":{"start":{"line":84,"column":8},"end":{"line":84,"column":3244}},"11":{"start":{"line":89,"column":8},"end":{"line":89,"column":85}},"12":{"start":{"line":90,"column":8},"end":{"line":90,"column":75}},"13":{"start":{"line":104,"column":8},"end":{"line":104,"column":4015}},"14":{"start":{"line":105,"column":12},"end":{"line":105,"column":60}},"15":{"start":{"line":106,"column":12},"end":{"line":106,"column":55}},"16":{"start":{"line":110,"column":8},"end":{"line":110,"column":67}},"17":{"start":{"line":123,"column":8},"end":{"line":123,"column":4735}},"18":{"start":{"line":129,"column":8},"end":{"line":129,"column":4933}},"19":{"start":{"line":132,"column":8},"end":{"line":132,"column":5052}},"20":{"start":{"line":140,"column":8},"end":{"line":140,"column":68}},"21":{"start":{"line":141,"column":8},"end":{"line":141,"column":5414}},"22":{"start":{"line":142,"column":12},"end":{"line":142,"column":5481}},"23":{"start":{"line":144,"column":16},"end":{"line":144,"column":32}},"24":{"start":{"line":149,"column":8},"end":{"line":149,"column":54}},"25":{"start":{"line":161,"column":8},"end":{"line":161,"column":5988}},"26":{"start":{"line":166,"column":8},"end":{"line":166,"column":47}},"27":{"start":{"line":186,"column":8},"end":{"line":186,"column":73}},"28":{"start":{"line":188,"column":8},"end":{"line":188,"column":7278}},"29":{"start":{"line":198,"column":8},"end":{"line":198,"column":7875}},"30":{"start":{"line":205,"column":8},"end":{"line":205,"column":54}},"31":{"start":{"line":211,"column":8},"end":{"line":211,"column":61}},"32":{"start":{"line":212,"column":8},"end":{"line":212,"column":33}},"33":{"start":{"line":225,"column":8},"end":{"line":225,"column":80}},"34":{"start":{"line":228,"column":8},"end":{"line":228,"column":31}},"35":{"start":{"line":229,"column":8},"end":{"line":229,"column":8867}},"36":{"start":{"line":230,"column":12},"end":{"line":230,"column":8943}},"37":{"start":{"line":237,"column":8},"end":{"line":237,"column":25}},"38":{"start":{"line":238,"column":8},"end":{"line":238,"column":9187}},"39":{"start":{"line":239,"column":12},"end":{"line":239,"column":9263}},"40":{"start":{"line":255,"column":8},"end":{"line":255,"column":65}},"41":{"start":{"line":258,"column":8},"end":{"line":258,"column":9892}},"42":{"start":{"line":263,"column":8},"end":{"line":263,"column":10020}},"43":{"start":{"line":264,"column":12},"end":{"line":264,"column":79}},"44":{"start":{"line":266,"column":12},"end":{"line":266,"column":46}},"45":{"start":{"line":267,"column":12},"end":{"line":267,"column":46}},"46":{"start":{"line":272,"column":8},"end":{"line":272,"column":75}},"47":{"start":{"line":320,"column":8},"end":{"line":320,"column":42}},"48":{"start":{"line":334,"column":8},"end":{"line":334,"column":43}},"49":{"start":{"line":348,"column":8},"end":{"line":348,"column":95}},"50":{"start":{"line":361,"column":8},"end":{"line":361,"column":54}},"51":{"start":{"line":371,"column":8},"end":{"line":371,"column":16}},"52":{"start":{"line":385,"column":8},"end":{"line":385,"column":67}},"53":{"start":{"line":386,"column":8},"end":{"line":386,"column":14042}},"54":{"start":{"line":387,"column":12},"end":{"line":387,"column":14109}},"55":{"start":{"line":403,"column":8},"end":{"line":403,"column":41}},"56":{"start":{"line":412,"column":8},"end":{"line":412,"column":78}},"57":{"start":{"line":413,"column":8},"end":{"line":413,"column":91}},"58":{"start":{"line":414,"column":8},"end":{"line":414,"column":54}},"59":{"start":{"line":415,"column":8},"end":{"line":415,"column":49}},"60":{"start":{"line":432,"column":8},"end":{"line":432,"column":73}},"61":{"start":{"line":433,"column":8},"end":{"line":433,"column":91}},"62":{"start":{"line":436,"column":8},"end":{"line":436,"column":116}},"63":{"start":{"line":439,"column":8},"end":{"line":439,"column":64}},"64":{"start":{"line":440,"column":8},"end":{"line":440,"column":86}},"65":{"start":{"line":441,"column":8},"end":{"line":441,"column":97}},"66":{"start":{"line":449,"column":8},"end":{"line":449,"column":22}}},"branchMap":{"1":{"line":55,"type":"if","locations":[{"start":{"line":55,"column":15},"end":{"line":55,"column":15}},{"start":{"line":55,"column":15},"end":{"line":55,"column":15}}]},"2":{"line":60,"type":"if","locations":[{"start":{"line":60,"column":8},"end":{"line":60,"column":8}},{"start":{"line":60,"column":8},"end":{"line":60,"column":8}}]},"3":{"line":69,"type":"if","locations":[{"start":{"line":69,"column":8},"end":{"line":69,"column":8}},{"start":{"line":69,"column":8},"end":{"line":69,"column":8}}]},"4":{"line":82,"type":"if","locations":[{"start":{"line":82,"column":24},"end":{"line":82,"column":24}},{"start":{"line":82,"column":24},"end":{"line":82,"column":24}}]},"5":{"line":84,"type":"if","locations":[{"start":{"line":84,"column":8},"end":{"line":84,"column":8}},{"start":{"line":84,"column":8},"end":{"line":84,"column":8}}]},"6":{"line":89,"type":"if","locations":[{"start":{"line":89,"column":8},"end":{"line":89,"column":8}},{"start":{"line":89,"column":8},"end":{"line":89,"column":8}}]},"7":{"line":90,"type":"if","locations":[{"start":{"line":90,"column":8},"end":{"line":90,"column":8}},{"start":{"line":90,"column":8},"end":{"line":90,"column":8}}]},"8":{"line":121,"type":"if","locations":[{"start":{"line":121,"column":24},"end":{"line":121,"column":24}},{"start":{"line":121,"column":24},"end":{"line":121,"column":24}}]},"9":{"line":123,"type":"if","locations":[{"start":{"line":123,"column":8},"end":{"line":123,"column":8}},{"start":{"line":123,"column":8},"end":{"line":123,"column":8}}]},"10":{"line":124,"type":"cond-expr","locations":[{"start":{"line":124,"column":12},"end":{"line":124,"column":36}},{"start":{"line":124,"column":41},"end":{"line":124,"column":71}}]},"11":{"line":129,"type":"if","locations":[{"start":{"line":129,"column":8},"end":{"line":129,"column":8}},{"start":{"line":129,"column":8},"end":{"line":129,"column":8}}]},"12":{"line":132,"type":"if","locations":[{"start":{"line":132,"column":8},"end":{"line":132,"column":8}},{"start":{"line":132,"column":8},"end":{"line":132,"column":8}}]},"13":{"line":142,"type":"if","locations":[{"start":{"line":142,"column":12},"end":{"line":142,"column":12}},{"start":{"line":142,"column":12},"end":{"line":142,"column":12}}]},"14":{"line":159,"type":"if","locations":[{"start":{"line":159,"column":8},"end":{"line":159,"column":8}},{"start":{"line":159,"column":8},"end":{"line":159,"column":8}}]},"15":{"line":161,"type":"if","locations":[{"start":{"line":161,"column":8},"end":{"line":161,"column":8}},{"start":{"line":161,"column":8},"end":{"line":161,"column":8}}]},"16":{"line":184,"type":"if","locations":[{"start":{"line":184,"column":24},"end":{"line":184,"column":24}},{"start":{"line":184,"column":24},"end":{"line":184,"column":24}}]},"17":{"line":188,"type":"if","locations":[{"start":{"line":188,"column":8},"end":{"line":188,"column":8}},{"start":{"line":188,"column":8},"end":{"line":188,"column":8}}]},"18":{"line":230,"type":"if","locations":[{"start":{"line":230,"column":12},"end":{"line":230,"column":12}},{"start":{"line":230,"column":12},"end":{"line":230,"column":12}}]},"19":{"line":239,"type":"if","locations":[{"start":{"line":239,"column":12},"end":{"line":239,"column":12}},{"start":{"line":239,"column":12},"end":{"line":239,"column":12}}]},"20":{"line":254,"type":"if","locations":[{"start":{"line":254,"column":24},"end":{"line":254,"column":24}},{"start":{"line":254,"column":24},"end":{"line":254,"column":24}}]},"21":{"line":258,"type":"if","locations":[{"start":{"line":258,"column":8},"end":{"line":258,"column":8}},{"start":{"line":258,"column":8},"end":{"line":258,"column":8}}]},"22":{"line":263,"type":"if","locations":[{"start":{"line":263,"column":8},"end":{"line":263,"column":8}},{"start":{"line":263,"column":8},"end":{"line":263,"column":8}}]},"23":{"line":266,"type":"if","locations":[{"start":{"line":266,"column":12},"end":{"line":266,"column":12}},{"start":{"line":266,"column":12},"end":{"line":266,"column":12}}]},"24":{"line":267,"type":"if","locations":[{"start":{"line":267,"column":12},"end":{"line":267,"column":12}},{"start":{"line":267,"column":12},"end":{"line":267,"column":12}}]},"25":{"line":287,"type":"if","locations":[{"start":{"line":287,"column":24},"end":{"line":287,"column":24}},{"start":{"line":287,"column":24},"end":{"line":287,"column":24}}]},"26":{"line":301,"type":"if","locations":[{"start":{"line":301,"column":8},"end":{"line":301,"column":8}},{"start":{"line":301,"column":8},"end":{"line":301,"column":8}}]},"27":{"line":387,"type":"if","locations":[{"start":{"line":387,"column":12},"end":{"line":387,"column":12}},{"start":{"line":387,"column":12},"end":{"line":387,"column":12}}]},"28":{"line":411,"type":"if","locations":[{"start":{"line":411,"column":63},"end":{"line":411,"column":63}},{"start":{"line":411,"column":63},"end":{"line":411,"column":63}}]},"29":{"line":412,"type":"if","locations":[{"start":{"line":412,"column":8},"end":{"line":412,"column":8}},{"start":{"line":412,"column":8},"end":{"line":412,"column":8}}]},"30":{"line":413,"type":"if","locations":[{"start":{"line":413,"column":8},"end":{"line":413,"column":8}},{"start":{"line":413,"column":8},"end":{"line":413,"column":8}}]},"31":{"line":429,"type":"if","locations":[{"start":{"line":429,"column":8},"end":{"line":429,"column":8}},{"start":{"line":429,"column":8},"end":{"line":429,"column":8}}]},"32":{"line":432,"type":"if","locations":[{"start":{"line":432,"column":8},"end":{"line":432,"column":8}},{"start":{"line":432,"column":8},"end":{"line":432,"column":8}}]},"33":{"line":433,"type":"if","locations":[{"start":{"line":433,"column":8},"end":{"line":433,"column":8}},{"start":{"line":433,"column":8},"end":{"line":433,"column":8}}]},"34":{"line":436,"type":"if","locations":[{"start":{"line":436,"column":8},"end":{"line":436,"column":8}},{"start":{"line":436,"column":8},"end":{"line":436,"column":8}}]},"35":{"line":440,"type":"if","locations":[{"start":{"line":440,"column":8},"end":{"line":440,"column":8}},{"start":{"line":440,"column":8},"end":{"line":440,"column":8}}]},"36":{"line":441,"type":"if","locations":[{"start":{"line":441,"column":8},"end":{"line":441,"column":8}},{"start":{"line":441,"column":8},"end":{"line":441,"column":8}}]}}},"contracts/crosschain/AxelarBridge.sol":{"l":{"72":4,"73":4,"74":4,"75":4,"77":4,"78":4,"79":4,"81":4,"82":4,"83":4,"84":4,"86":4,"87":4,"88":4,"89":4,"90":4,"92":4,"93":4,"94":4,"95":4,"113":1,"114":1,"115":1,"122":1,"123":1,"125":1,"128":1,"129":1,"132":1,"133":1,"136":0,"137":0,"138":0,"141":0,"142":0,"143":0,"157":1,"159":1,"160":1,"162":0,"164":0,"166":0,"168":0,"170":0,"172":0,"174":0,"176":0,"178":0,"180":0,"182":0,"184":0,"198":0,"199":0,"202":0,"205":0,"208":0,"216":0,"218":0,"235":0,"236":0,"237":0,"240":0,"243":0,"246":0,"256":0,"259":0,"267":0,"269":0,"277":1,"290":0,"303":0,"316":0,"362":0,"364":0,"370":0,"371":0,"374":0,"387":0,"389":0,"395":0,"408":0,"422":0,"430":0,"431":0,"435":0,"436":0,"440":0,"441":0,"443":0,"444":0,"448":20,"452":0,"453":0,"454":0,"462":2,"463":2,"465":2,"466":2,"468":2,"475":0,"476":0,"478":0,"479":0,"481":0,"487":0,"489":0,"490":0,"491":0,"496":0,"497":0,"498":0,"502":0,"503":0,"504":0,"508":0,"512":0,"517":0,"518":0,"522":0,"523":0,"527":0,"528":0,"532":0,"535":0,"536":0,"540":0,"541":0,"546":0,"547":0,"550":0,"551":0,"554":0,"559":1,"563":1,"567":1,"571":0,"575":1,"579":2,"583":1,"587":1},"path":"/Volumes/Pylon/workspace/localmoney/contracts/evm/contracts/crosschain/AxelarBridge.sol","s":{"1":4,"2":4,"3":4,"4":4,"5":4,"6":4,"7":4,"8":4,"9":4,"10":4,"11":4,"12":4,"13":4,"14":4,"15":4,"16":4,"17":1,"18":1,"19":1,"20":1,"21":1,"22":1,"23":1,"24":1,"25":1,"26":0,"27":0,"28":1,"29":1,"30":1,"31":0,"32":0,"33":0,"34":0,"35":0,"36":0,"37":0,"38":0,"39":0,"40":0,"41":0,"42":0,"43":0,"44":0,"45":0,"46":0,"47":0,"48":0,"49":0,"50":0,"51":0,"52":0,"53":0,"54":0,"55":0,"56":0,"57":0,"58":0,"59":0,"60":0,"61":0,"62":0,"63":0,"64":0,"65":0,"66":0,"67":0,"68":1,"69":0,"70":0,"71":0,"72":0,"73":0,"74":0,"75":0,"76":0,"77":0,"78":0,"79":0,"80":0,"81":0,"82":0,"83":0,"84":0,"85":0,"86":0,"87":0,"88":0,"89":0,"90":0,"91":2,"92":2,"93":2,"94":0,"95":0,"96":0,"97":0,"98":0,"99":0,"100":0,"101":0,"102":0,"103":0,"104":0,"105":0,"106":0,"107":0,"108":0,"109":0,"110":0,"111":0,"112":0,"113":0,"114":0,"115":1,"116":1,"117":1,"118":0,"119":1,"120":2,"121":1,"122":1},"b":{"1":[4,0],"2":[4,0],"3":[4,0],"4":[4,0],"5":[1,0],"6":[1,0],"7":[1,0],"8":[1,0],"9":[1,0],"10":[1,0],"11":[1,0],"12":[1,0],"13":[1,0],"14":[1,0],"15":[0,0],"16":[0,0],"17":[0,0],"18":[0,0],"19":[0,0],"20":[0,0],"21":[0,0],"22":[0,0],"23":[0,0],"24":[0,0],"25":[0,0],"26":[0,0],"27":[0,0],"28":[0,0],"29":[0,0],"30":[0,0],"31":[0,0],"32":[0,0],"33":[0,0],"34":[0,0],"35":[0,0],"36":[0,0],"37":[0,0],"38":[0,0],"39":[0,0],"40":[0,0],"41":[0,0],"42":[0,0],"43":[0,0],"44":[0,0],"45":[0,0],"46":[0,0],"47":[0,0],"48":[0,0],"49":[0,0],"50":[2,0],"51":[2,0],"52":[2,0],"53":[0,0],"54":[0,0],"55":[0,0],"56":[0,0],"57":[0,0],"58":[0,0],"59":[0,0],"60":[0,0],"61":[0,0],"62":[0,0],"63":[0,0],"64":[0,0],"65":[0,0],"66":[0,0],"67":[0,0],"68":[0,0],"69":[0,0],"70":[0,0],"71":[0,0],"72":[0,0],"73":[0,0],"74":[0,0],"75":[1,0]},"f":{"1":4,"2":1,"3":1,"4":0,"5":0,"6":1,"7":0,"8":0,"9":0,"10":0,"11":0,"12":0,"13":0,"14":0,"15":0,"16":0,"17":0,"18":0,"19":0,"20":0,"21":20,"22":0,"23":2,"24":0,"25":0,"26":0,"27":0,"28":0,"29":0,"30":0,"31":0,"32":0,"33":0,"34":0,"35":1,"36":1,"37":1,"38":0,"39":1,"40":2,"41":1,"42":1,"43":1},"fnMap":{"1":{"name":"initialize","line":71,"loc":{"start":{"line":67,"column":4},"end":{"line":96,"column":4}}},"2":{"name":"handleAxelarMessage","line":111,"loc":{"start":{"line":106,"column":4},"end":{"line":145,"column":4}}},"3":{"name":"routeMessage","line":152,"loc":{"start":{"line":152,"column":4},"end":{"line":186,"column":4}}},"4":{"name":"sendMessage","line":197,"loc":{"start":{"line":194,"column":4},"end":{"line":219,"column":4}}},"5":{"name":"sendMessageWithGas","line":234,"loc":{"start":{"line":229,"column":4},"end":{"line":270,"column":4}}},"6":{"name":"_handleCreateOffer","line":273,"loc":{"start":{"line":273,"column":4},"end":{"line":284,"column":4}}},"7":{"name":"_handleCreateTrade","line":286,"loc":{"start":{"line":286,"column":4},"end":{"line":297,"column":4}}},"8":{"name":"_handleFundEscrow","line":299,"loc":{"start":{"line":299,"column":4},"end":{"line":310,"column":4}}},"9":{"name":"_handleReleaseFunds","line":312,"loc":{"start":{"line":312,"column":4},"end":{"line":323,"column":4}}},"10":{"name":"_handleDisputeTrade","line":325,"loc":{"start":{"line":325,"column":4},"end":{"line":331,"column":4}}},"11":{"name":"_handleUpdateProfile","line":333,"loc":{"start":{"line":333,"column":4},"end":{"line":339,"column":4}}},"12":{"name":"_handleQueryStatus","line":341,"loc":{"start":{"line":341,"column":4},"end":{"line":347,"column":4}}},"13":{"name":"_handleBatchOperation","line":349,"loc":{"start":{"line":349,"column":4},"end":{"line":355,"column":4}}},"14":{"name":"_handleTokenDeposit","line":358,"loc":{"start":{"line":358,"column":4},"end":{"line":381,"column":4}}},"15":{"name":"_handleTokenRelease","line":383,"loc":{"start":{"line":383,"column":4},"end":{"line":402,"column":4}}},"16":{"name":"_handleTokenBridge","line":404,"loc":{"start":{"line":404,"column":4},"end":{"line":416,"column":4}}},"17":{"name":"_handleTokenRefund","line":418,"loc":{"start":{"line":418,"column":4},"end":{"line":426,"column":4}}},"18":{"name":"setCrossChainEscrow","line":429,"loc":{"start":{"line":429,"column":4},"end":{"line":432,"column":4}}},"19":{"name":"setTokenRegistry","line":434,"loc":{"start":{"line":434,"column":4},"end":{"line":437,"column":4}}},"20":{"name":"registerChainId","line":439,"loc":{"start":{"line":439,"column":4},"end":{"line":445,"column":4}}},"21":{"name":"_setChainName","line":447,"loc":{"start":{"line":447,"column":4},"end":{"line":449,"column":4}}},"22":{"name":"_currentChainName","line":451,"loc":{"start":{"line":451,"column":4},"end":{"line":455,"column":4}}},"23":{"name":"registerChain","line":461,"loc":{"start":{"line":458,"column":4},"end":{"line":469,"column":4}}},"24":{"name":"updateSatellite","line":474,"loc":{"start":{"line":471,"column":4},"end":{"line":482,"column":4}}},"25":{"name":"unregisterChain","line":486,"loc":{"start":{"line":484,"column":4},"end":{"line":492,"column":4}}},"26":{"name":"pauseChain","line":495,"loc":{"start":{"line":495,"column":4},"end":{"line":499,"column":4}}},"27":{"name":"unpauseChain","line":501,"loc":{"start":{"line":501,"column":4},"end":{"line":505,"column":4}}},"28":{"name":"pauseAll","line":507,"loc":{"start":{"line":507,"column":4},"end":{"line":509,"column":4}}},"29":{"name":"unpauseAll","line":511,"loc":{"start":{"line":511,"column":4},"end":{"line":513,"column":4}}},"30":{"name":"setHub","line":516,"loc":{"start":{"line":516,"column":4},"end":{"line":519,"column":4}}},"31":{"name":"setGasService","line":521,"loc":{"start":{"line":521,"column":4},"end":{"line":524,"column":4}}},"32":{"name":"setMessageExpiry","line":526,"loc":{"start":{"line":526,"column":4},"end":{"line":529,"column":4}}},"33":{"name":"setAxelarHandler","line":531,"loc":{"start":{"line":531,"column":4},"end":{"line":542,"column":4}}},"34":{"name":"retryFailedMessage","line":545,"loc":{"start":{"line":545,"column":4},"end":{"line":555,"column":4}}},"35":{"name":"isChainRegistered","line":558,"loc":{"start":{"line":558,"column":4},"end":{"line":560,"column":4}}},"36":{"name":"getSatelliteAddress","line":562,"loc":{"start":{"line":562,"column":4},"end":{"line":564,"column":4}}},"37":{"name":"isMessageProcessed","line":566,"loc":{"start":{"line":566,"column":4},"end":{"line":568,"column":4}}},"38":{"name":"getMessageNonce","line":570,"loc":{"start":{"line":570,"column":4},"end":{"line":572,"column":4}}},"39":{"name":"getHub","line":574,"loc":{"start":{"line":574,"column":4},"end":{"line":576,"column":4}}},"40":{"name":"getAxelarHandler","line":578,"loc":{"start":{"line":578,"column":4},"end":{"line":580,"column":4}}},"41":{"name":"getGasService","line":582,"loc":{"start":{"line":582,"column":4},"end":{"line":584,"column":4}}},"42":{"name":"getMessageExpiry","line":586,"loc":{"start":{"line":586,"column":4},"end":{"line":588,"column":4}}},"43":{"name":"_authorizeUpgrade","line":597,"loc":{"start":{"line":594,"column":4},"end":{"line":598,"column":5}}}},"statementMap":{"1":{"start":{"line":72,"column":8},"end":{"line":72,"column":31}},"2":{"start":{"line":73,"column":8},"end":{"line":73,"column":31}},"3":{"start":{"line":74,"column":8},"end":{"line":74,"column":29}},"4":{"start":{"line":75,"column":8},"end":{"line":75,"column":24}},"5":{"start":{"line":77,"column":8},"end":{"line":77,"column":49}},"6":{"start":{"line":78,"column":8},"end":{"line":78,"column":64}},"7":{"start":{"line":79,"column":8},"end":{"line":79,"column":63}},"8":{"start":{"line":86,"column":8},"end":{"line":86,"column":35}},"9":{"start":{"line":87,"column":8},"end":{"line":87,"column":31}},"10":{"start":{"line":88,"column":8},"end":{"line":88,"column":36}},"11":{"start":{"line":89,"column":8},"end":{"line":89,"column":40}},"12":{"start":{"line":90,"column":8},"end":{"line":90,"column":34}},"13":{"start":{"line":92,"column":8},"end":{"line":92,"column":49}},"14":{"start":{"line":93,"column":8},"end":{"line":93,"column":41}},"15":{"start":{"line":94,"column":8},"end":{"line":94,"column":45}},"16":{"start":{"line":95,"column":8},"end":{"line":95,"column":47}},"17":{"start":{"line":113,"column":8},"end":{"line":113,"column":67}},"18":{"start":{"line":114,"column":8},"end":{"line":114,"column":57}},"19":{"start":{"line":115,"column":8},"end":{"line":115,"column":4245}},"20":{"start":{"line":122,"column":8},"end":{"line":122,"column":91}},"21":{"start":{"line":123,"column":8},"end":{"line":123,"column":72}},"22":{"start":{"line":125,"column":8},"end":{"line":125,"column":75}},"23":{"start":{"line":128,"column":8},"end":{"line":128,"column":66}},"24":{"start":{"line":132,"column":8},"end":{"line":132,"column":4917}},"25":{"start":{"line":133,"column":12},"end":{"line":133,"column":73}},"26":{"start":{"line":138,"column":12},"end":{"line":138,"column":49}},"27":{"start":{"line":143,"column":12},"end":{"line":143,"column":58}},"28":{"start":{"line":157,"column":8},"end":{"line":157,"column":60}},"29":{"start":{"line":159,"column":8},"end":{"line":159,"column":5992}},"30":{"start":{"line":160,"column":12},"end":{"line":160,"column":51}},"31":{"start":{"line":161,"column":15},"end":{"line":161,"column":6129}},"32":{"start":{"line":162,"column":12},"end":{"line":162,"column":51}},"33":{"start":{"line":163,"column":15},"end":{"line":163,"column":6266}},"34":{"start":{"line":164,"column":12},"end":{"line":164,"column":50}},"35":{"start":{"line":165,"column":15},"end":{"line":165,"column":6401}},"36":{"start":{"line":166,"column":12},"end":{"line":166,"column":52}},"37":{"start":{"line":167,"column":15},"end":{"line":167,"column":6540}},"38":{"start":{"line":168,"column":12},"end":{"line":168,"column":52}},"39":{"start":{"line":169,"column":15},"end":{"line":169,"column":6679}},"40":{"start":{"line":170,"column":12},"end":{"line":170,"column":53}},"41":{"start":{"line":171,"column":15},"end":{"line":171,"column":6820}},"42":{"start":{"line":172,"column":12},"end":{"line":172,"column":51}},"43":{"start":{"line":173,"column":15},"end":{"line":173,"column":6957}},"44":{"start":{"line":174,"column":12},"end":{"line":174,"column":54}},"45":{"start":{"line":175,"column":15},"end":{"line":175,"column":7100}},"46":{"start":{"line":176,"column":12},"end":{"line":176,"column":52}},"47":{"start":{"line":177,"column":15},"end":{"line":177,"column":7239}},"48":{"start":{"line":178,"column":12},"end":{"line":178,"column":52}},"49":{"start":{"line":179,"column":15},"end":{"line":179,"column":7378}},"50":{"start":{"line":180,"column":12},"end":{"line":180,"column":51}},"51":{"start":{"line":181,"column":15},"end":{"line":181,"column":7515}},"52":{"start":{"line":182,"column":12},"end":{"line":182,"column":51}},"53":{"start":{"line":184,"column":12},"end":{"line":184,"column":41}},"54":{"start":{"line":198,"column":8},"end":{"line":198,"column":72}},"55":{"start":{"line":199,"column":8},"end":{"line":199,"column":62}},"56":{"start":{"line":205,"column":8},"end":{"line":205,"column":66}},"57":{"start":{"line":208,"column":8},"end":{"line":208,"column":8599}},"58":{"start":{"line":216,"column":8},"end":{"line":216,"column":49}},"59":{"start":{"line":218,"column":8},"end":{"line":218,"column":65}},"60":{"start":{"line":235,"column":8},"end":{"line":235,"column":72}},"61":{"start":{"line":236,"column":8},"end":{"line":236,"column":62}},"62":{"start":{"line":237,"column":8},"end":{"line":237,"column":53}},"63":{"start":{"line":243,"column":8},"end":{"line":243,"column":66}},"64":{"start":{"line":246,"column":8},"end":{"line":246,"column":10152}},"65":{"start":{"line":256,"column":8},"end":{"line":256,"column":45}},"66":{"start":{"line":267,"column":8},"end":{"line":267,"column":49}},"67":{"start":{"line":269,"column":8},"end":{"line":269,"column":65}},"68":{"start":{"line":277,"column":8},"end":{"line":277,"column":11195}},"69":{"start":{"line":290,"column":8},"end":{"line":290,"column":11601}},"70":{"start":{"line":303,"column":8},"end":{"line":303,"column":12006}},"71":{"start":{"line":316,"column":8},"end":{"line":316,"column":12411}},"72":{"start":{"line":362,"column":8},"end":{"line":362,"column":73}},"73":{"start":{"line":364,"column":8},"end":{"line":364,"column":13905}},"74":{"start":{"line":370,"column":8},"end":{"line":370,"column":72}},"75":{"start":{"line":371,"column":8},"end":{"line":371,"column":57}},"76":{"start":{"line":374,"column":8},"end":{"line":374,"column":14299}},"77":{"start":{"line":387,"column":8},"end":{"line":387,"column":73}},"78":{"start":{"line":389,"column":8},"end":{"line":389,"column":14731}},"79":{"start":{"line":395,"column":8},"end":{"line":395,"column":14949}},"80":{"start":{"line":408,"column":8},"end":{"line":408,"column":15306}},"81":{"start":{"line":422,"column":8},"end":{"line":422,"column":73}},"82":{"start":{"line":430,"column":8},"end":{"line":430,"column":55}},"83":{"start":{"line":435,"column":8},"end":{"line":435,"column":59}},"84":{"start":{"line":440,"column":8},"end":{"line":440,"column":48}},"85":{"start":{"line":441,"column":8},"end":{"line":441,"column":65}},"86":{"start":{"line":443,"column":8},"end":{"line":443,"column":40}},"87":{"start":{"line":444,"column":8},"end":{"line":444,"column":50}},"88":{"start":{"line":452,"column":8},"end":{"line":452,"column":62}},"89":{"start":{"line":453,"column":8},"end":{"line":453,"column":65}},"90":{"start":{"line":454,"column":8},"end":{"line":454,"column":24}},"91":{"start":{"line":462,"column":8},"end":{"line":462,"column":72}},"92":{"start":{"line":463,"column":8},"end":{"line":463,"column":79}},"93":{"start":{"line":468,"column":8},"end":{"line":468,"column":57}},"94":{"start":{"line":475,"column":8},"end":{"line":475,"column":67}},"95":{"start":{"line":476,"column":8},"end":{"line":476,"column":82}},"96":{"start":{"line":478,"column":8},"end":{"line":478,"column":64}},"97":{"start":{"line":481,"column":8},"end":{"line":481,"column":73}},"98":{"start":{"line":487,"column":8},"end":{"line":487,"column":67}},"99":{"start":{"line":496,"column":8},"end":{"line":496,"column":67}},"100":{"start":{"line":498,"column":8},"end":{"line":498,"column":33}},"101":{"start":{"line":502,"column":8},"end":{"line":502,"column":67}},"102":{"start":{"line":504,"column":8},"end":{"line":504,"column":34}},"103":{"start":{"line":508,"column":8},"end":{"line":508,"column":15}},"104":{"start":{"line":512,"column":8},"end":{"line":512,"column":17}},"105":{"start":{"line":517,"column":8},"end":{"line":517,"column":51}},"106":{"start":{"line":522,"column":8},"end":{"line":522,"column":66}},"107":{"start":{"line":527,"column":8},"end":{"line":527,"column":82}},"108":{"start":{"line":532,"column":8},"end":{"line":532,"column":59}},"109":{"start":{"line":535,"column":8},"end":{"line":535,"column":20086}},"110":{"start":{"line":536,"column":12},"end":{"line":536,"column":51}},"111":{"start":{"line":541,"column":8},"end":{"line":541,"column":43}},"112":{"start":{"line":546,"column":8},"end":{"line":546,"column":81}},"113":{"start":{"line":547,"column":8},"end":{"line":547,"column":65}},"114":{"start":{"line":554,"column":8},"end":{"line":554,"column":46}},"115":{"start":{"line":559,"column":8},"end":{"line":559,"column":42}},"116":{"start":{"line":563,"column":8},"end":{"line":563,"column":44}},"117":{"start":{"line":567,"column":8},"end":{"line":567,"column":43}},"118":{"start":{"line":571,"column":8},"end":{"line":571,"column":27}},"119":{"start":{"line":575,"column":8},"end":{"line":575,"column":27}},"120":{"start":{"line":579,"column":8},"end":{"line":579,"column":28}},"121":{"start":{"line":583,"column":8},"end":{"line":583,"column":25}},"122":{"start":{"line":587,"column":8},"end":{"line":587,"column":28}}},"branchMap":{"1":{"line":71,"type":"if","locations":[{"start":{"line":71,"column":15},"end":{"line":71,"column":15}},{"start":{"line":71,"column":15},"end":{"line":71,"column":15}}]},"2":{"line":77,"type":"if","locations":[{"start":{"line":77,"column":8},"end":{"line":77,"column":8}},{"start":{"line":77,"column":8},"end":{"line":77,"column":8}}]},"3":{"line":78,"type":"if","locations":[{"start":{"line":78,"column":8},"end":{"line":78,"column":8}},{"start":{"line":78,"column":8},"end":{"line":78,"column":8}}]},"4":{"line":79,"type":"if","locations":[{"start":{"line":79,"column":8},"end":{"line":79,"column":8}},{"start":{"line":79,"column":8},"end":{"line":79,"column":8}}]},"5":{"line":111,"type":"if","locations":[{"start":{"line":111,"column":15},"end":{"line":111,"column":15}},{"start":{"line":111,"column":15},"end":{"line":111,"column":15}}]},"6":{"line":111,"type":"if","locations":[{"start":{"line":111,"column":29},"end":{"line":111,"column":29}},{"start":{"line":111,"column":29},"end":{"line":111,"column":29}}]},"7":{"line":111,"type":"if","locations":[{"start":{"line":111,"column":42},"end":{"line":111,"column":42}},{"start":{"line":111,"column":42},"end":{"line":111,"column":42}}]},"8":{"line":113,"type":"if","locations":[{"start":{"line":113,"column":8},"end":{"line":113,"column":8}},{"start":{"line":113,"column":8},"end":{"line":113,"column":8}}]},"9":{"line":114,"type":"if","locations":[{"start":{"line":114,"column":8},"end":{"line":114,"column":8}},{"start":{"line":114,"column":8},"end":{"line":114,"column":8}}]},"10":{"line":115,"type":"if","locations":[{"start":{"line":115,"column":8},"end":{"line":115,"column":8}},{"start":{"line":115,"column":8},"end":{"line":115,"column":8}}]},"11":{"line":123,"type":"if","locations":[{"start":{"line":123,"column":8},"end":{"line":123,"column":8}},{"start":{"line":123,"column":8},"end":{"line":123,"column":8}}]},"12":{"line":128,"type":"if","locations":[{"start":{"line":128,"column":8},"end":{"line":128,"column":8}},{"start":{"line":128,"column":8},"end":{"line":128,"column":8}}]},"13":{"line":157,"type":"if","locations":[{"start":{"line":157,"column":8},"end":{"line":157,"column":8}},{"start":{"line":157,"column":8},"end":{"line":157,"column":8}}]},"14":{"line":159,"type":"if","locations":[{"start":{"line":159,"column":8},"end":{"line":159,"column":8}},{"start":{"line":159,"column":8},"end":{"line":159,"column":8}}]},"15":{"line":161,"type":"if","locations":[{"start":{"line":161,"column":15},"end":{"line":161,"column":15}},{"start":{"line":161,"column":15},"end":{"line":161,"column":15}}]},"16":{"line":163,"type":"if","locations":[{"start":{"line":163,"column":15},"end":{"line":163,"column":15}},{"start":{"line":163,"column":15},"end":{"line":163,"column":15}}]},"17":{"line":165,"type":"if","locations":[{"start":{"line":165,"column":15},"end":{"line":165,"column":15}},{"start":{"line":165,"column":15},"end":{"line":165,"column":15}}]},"18":{"line":167,"type":"if","locations":[{"start":{"line":167,"column":15},"end":{"line":167,"column":15}},{"start":{"line":167,"column":15},"end":{"line":167,"column":15}}]},"19":{"line":169,"type":"if","locations":[{"start":{"line":169,"column":15},"end":{"line":169,"column":15}},{"start":{"line":169,"column":15},"end":{"line":169,"column":15}}]},"20":{"line":171,"type":"if","locations":[{"start":{"line":171,"column":15},"end":{"line":171,"column":15}},{"start":{"line":171,"column":15},"end":{"line":171,"column":15}}]},"21":{"line":173,"type":"if","locations":[{"start":{"line":173,"column":15},"end":{"line":173,"column":15}},{"start":{"line":173,"column":15},"end":{"line":173,"column":15}}]},"22":{"line":175,"type":"if","locations":[{"start":{"line":175,"column":15},"end":{"line":175,"column":15}},{"start":{"line":175,"column":15},"end":{"line":175,"column":15}}]},"23":{"line":177,"type":"if","locations":[{"start":{"line":177,"column":15},"end":{"line":177,"column":15}},{"start":{"line":177,"column":15},"end":{"line":177,"column":15}}]},"24":{"line":179,"type":"if","locations":[{"start":{"line":179,"column":15},"end":{"line":179,"column":15}},{"start":{"line":179,"column":15},"end":{"line":179,"column":15}}]},"25":{"line":181,"type":"if","locations":[{"start":{"line":181,"column":15},"end":{"line":181,"column":15}},{"start":{"line":181,"column":15},"end":{"line":181,"column":15}}]},"26":{"line":197,"type":"if","locations":[{"start":{"line":197,"column":32},"end":{"line":197,"column":32}},{"start":{"line":197,"column":32},"end":{"line":197,"column":32}}]},"27":{"line":197,"type":"if","locations":[{"start":{"line":197,"column":46},"end":{"line":197,"column":46}},{"start":{"line":197,"column":46},"end":{"line":197,"column":46}}]},"28":{"line":198,"type":"if","locations":[{"start":{"line":198,"column":8},"end":{"line":198,"column":8}},{"start":{"line":198,"column":8},"end":{"line":198,"column":8}}]},"29":{"line":199,"type":"if","locations":[{"start":{"line":199,"column":8},"end":{"line":199,"column":8}},{"start":{"line":199,"column":8},"end":{"line":199,"column":8}}]},"30":{"line":216,"type":"if","locations":[{"start":{"line":216,"column":8},"end":{"line":216,"column":8}},{"start":{"line":216,"column":8},"end":{"line":216,"column":8}}]},"31":{"line":234,"type":"if","locations":[{"start":{"line":234,"column":32},"end":{"line":234,"column":32}},{"start":{"line":234,"column":32},"end":{"line":234,"column":32}}]},"32":{"line":234,"type":"if","locations":[{"start":{"line":234,"column":46},"end":{"line":234,"column":46}},{"start":{"line":234,"column":46},"end":{"line":234,"column":46}}]},"33":{"line":235,"type":"if","locations":[{"start":{"line":235,"column":8},"end":{"line":235,"column":8}},{"start":{"line":235,"column":8},"end":{"line":235,"column":8}}]},"34":{"line":236,"type":"if","locations":[{"start":{"line":236,"column":8},"end":{"line":236,"column":8}},{"start":{"line":236,"column":8},"end":{"line":236,"column":8}}]},"35":{"line":237,"type":"if","locations":[{"start":{"line":237,"column":8},"end":{"line":237,"column":8}},{"start":{"line":237,"column":8},"end":{"line":237,"column":8}}]},"36":{"line":256,"type":"if","locations":[{"start":{"line":256,"column":8},"end":{"line":256,"column":8}},{"start":{"line":256,"column":8},"end":{"line":256,"column":8}}]},"37":{"line":267,"type":"if","locations":[{"start":{"line":267,"column":8},"end":{"line":267,"column":8}},{"start":{"line":267,"column":8},"end":{"line":267,"column":8}}]},"38":{"line":362,"type":"if","locations":[{"start":{"line":362,"column":8},"end":{"line":362,"column":8}},{"start":{"line":362,"column":8},"end":{"line":362,"column":8}}]},"39":{"line":371,"type":"if","locations":[{"start":{"line":371,"column":8},"end":{"line":371,"column":8}},{"start":{"line":371,"column":8},"end":{"line":371,"column":8}}]},"40":{"line":387,"type":"if","locations":[{"start":{"line":387,"column":8},"end":{"line":387,"column":8}},{"start":{"line":387,"column":8},"end":{"line":387,"column":8}}]},"41":{"line":422,"type":"if","locations":[{"start":{"line":422,"column":8},"end":{"line":422,"column":8}},{"start":{"line":422,"column":8},"end":{"line":422,"column":8}}]},"42":{"line":429,"type":"if","locations":[{"start":{"line":429,"column":59},"end":{"line":429,"column":59}},{"start":{"line":429,"column":59},"end":{"line":429,"column":59}}]},"43":{"line":430,"type":"if","locations":[{"start":{"line":430,"column":8},"end":{"line":430,"column":8}},{"start":{"line":430,"column":8},"end":{"line":430,"column":8}}]},"44":{"line":434,"type":"if","locations":[{"start":{"line":434,"column":58},"end":{"line":434,"column":58}},{"start":{"line":434,"column":58},"end":{"line":434,"column":58}}]},"45":{"line":435,"type":"if","locations":[{"start":{"line":435,"column":8},"end":{"line":435,"column":8}},{"start":{"line":435,"column":8},"end":{"line":435,"column":8}}]},"46":{"line":439,"type":"if","locations":[{"start":{"line":439,"column":82},"end":{"line":439,"column":82}},{"start":{"line":439,"column":82},"end":{"line":439,"column":82}}]},"47":{"line":440,"type":"if","locations":[{"start":{"line":440,"column":8},"end":{"line":440,"column":8}},{"start":{"line":440,"column":8},"end":{"line":440,"column":8}}]},"48":{"line":441,"type":"if","locations":[{"start":{"line":441,"column":8},"end":{"line":441,"column":8}},{"start":{"line":441,"column":8},"end":{"line":441,"column":8}}]},"49":{"line":453,"type":"if","locations":[{"start":{"line":453,"column":8},"end":{"line":453,"column":8}},{"start":{"line":453,"column":8},"end":{"line":453,"column":8}}]},"50":{"line":461,"type":"if","locations":[{"start":{"line":461,"column":24},"end":{"line":461,"column":24}},{"start":{"line":461,"column":24},"end":{"line":461,"column":24}}]},"51":{"line":462,"type":"if","locations":[{"start":{"line":462,"column":8},"end":{"line":462,"column":8}},{"start":{"line":462,"column":8},"end":{"line":462,"column":8}}]},"52":{"line":463,"type":"if","locations":[{"start":{"line":463,"column":8},"end":{"line":463,"column":8}},{"start":{"line":463,"column":8},"end":{"line":463,"column":8}}]},"53":{"line":474,"type":"if","locations":[{"start":{"line":474,"column":24},"end":{"line":474,"column":24}},{"start":{"line":474,"column":24},"end":{"line":474,"column":24}}]},"54":{"line":475,"type":"if","locations":[{"start":{"line":475,"column":8},"end":{"line":475,"column":8}},{"start":{"line":475,"column":8},"end":{"line":475,"column":8}}]},"55":{"line":476,"type":"if","locations":[{"start":{"line":476,"column":8},"end":{"line":476,"column":8}},{"start":{"line":476,"column":8},"end":{"line":476,"column":8}}]},"56":{"line":486,"type":"if","locations":[{"start":{"line":486,"column":24},"end":{"line":486,"column":24}},{"start":{"line":486,"column":24},"end":{"line":486,"column":24}}]},"57":{"line":487,"type":"if","locations":[{"start":{"line":487,"column":8},"end":{"line":487,"column":8}},{"start":{"line":487,"column":8},"end":{"line":487,"column":8}}]},"58":{"line":495,"type":"if","locations":[{"start":{"line":495,"column":69},"end":{"line":495,"column":69}},{"start":{"line":495,"column":69},"end":{"line":495,"column":69}}]},"59":{"line":496,"type":"if","locations":[{"start":{"line":496,"column":8},"end":{"line":496,"column":8}},{"start":{"line":496,"column":8},"end":{"line":496,"column":8}}]},"60":{"line":501,"type":"if","locations":[{"start":{"line":501,"column":71},"end":{"line":501,"column":71}},{"start":{"line":501,"column":71},"end":{"line":501,"column":71}}]},"61":{"line":502,"type":"if","locations":[{"start":{"line":502,"column":8},"end":{"line":502,"column":8}},{"start":{"line":502,"column":8},"end":{"line":502,"column":8}}]},"62":{"line":507,"type":"if","locations":[{"start":{"line":507,"column":42},"end":{"line":507,"column":42}},{"start":{"line":507,"column":42},"end":{"line":507,"column":42}}]},"63":{"line":511,"type":"if","locations":[{"start":{"line":511,"column":44},"end":{"line":511,"column":44}},{"start":{"line":511,"column":44},"end":{"line":511,"column":44}}]},"64":{"line":516,"type":"if","locations":[{"start":{"line":516,"column":54},"end":{"line":516,"column":54}},{"start":{"line":516,"column":54},"end":{"line":516,"column":54}}]},"65":{"line":517,"type":"if","locations":[{"start":{"line":517,"column":8},"end":{"line":517,"column":8}},{"start":{"line":517,"column":8},"end":{"line":517,"column":8}}]},"66":{"line":521,"type":"if","locations":[{"start":{"line":521,"column":68},"end":{"line":521,"column":68}},{"start":{"line":521,"column":68},"end":{"line":521,"column":68}}]},"67":{"line":522,"type":"if","locations":[{"start":{"line":522,"column":8},"end":{"line":522,"column":8}},{"start":{"line":522,"column":8},"end":{"line":522,"column":8}}]},"68":{"line":526,"type":"if","locations":[{"start":{"line":526,"column":67},"end":{"line":526,"column":67}},{"start":{"line":526,"column":67},"end":{"line":526,"column":67}}]},"69":{"line":527,"type":"if","locations":[{"start":{"line":527,"column":8},"end":{"line":527,"column":8}},{"start":{"line":527,"column":8},"end":{"line":527,"column":8}}]},"70":{"line":531,"type":"if","locations":[{"start":{"line":531,"column":59},"end":{"line":531,"column":59}},{"start":{"line":531,"column":59},"end":{"line":531,"column":59}}]},"71":{"line":532,"type":"if","locations":[{"start":{"line":532,"column":8},"end":{"line":532,"column":8}},{"start":{"line":532,"column":8},"end":{"line":532,"column":8}}]},"72":{"line":535,"type":"if","locations":[{"start":{"line":535,"column":8},"end":{"line":535,"column":8}},{"start":{"line":535,"column":8},"end":{"line":535,"column":8}}]},"73":{"line":545,"type":"if","locations":[{"start":{"line":545,"column":89},"end":{"line":545,"column":89}},{"start":{"line":545,"column":89},"end":{"line":545,"column":89}}]},"74":{"line":547,"type":"if","locations":[{"start":{"line":547,"column":8},"end":{"line":547,"column":8}},{"start":{"line":547,"column":8},"end":{"line":547,"column":8}}]},"75":{"line":597,"type":"if","locations":[{"start":{"line":597,"column":8},"end":{"line":597,"column":8}},{"start":{"line":597,"column":8},"end":{"line":597,"column":8}}]}}},"contracts/crosschain/AxelarHandler.sol":{"l":{"33":4,"42":4,"43":4,"45":4,"46":4,"48":4,"65":1,"68":1,"71":1,"81":1,"83":0,"84":0,"88":0,"91":1,"106":0,"108":0,"116":1},"path":"/Volumes/Pylon/workspace/localmoney/contracts/evm/contracts/crosschain/AxelarHandler.sol","s":{"1":4,"2":4,"3":4,"4":4,"5":1,"6":1,"7":1,"8":1,"9":0,"10":1,"11":0,"12":0,"13":1},"b":{"1":[0,4],"2":[0,4],"3":[0,1],"4":[0,1],"5":[0,0],"6":[0,0]},"f":{"1":4,"2":4,"3":1,"4":0,"5":1},"fnMap":{"1":{"name":"constructor","line":32,"loc":{"start":{"line":32,"column":4},"end":{"line":34,"column":4}}},"2":{"name":"setBridge","line":41,"loc":{"start":{"line":41,"column":4},"end":{"line":49,"column":4}}},"3":{"name":"_execute","line":59,"loc":{"start":{"line":59,"column":4},"end":{"line":92,"column":4}}},"4":{"name":"sendMessage","line":101,"loc":{"start":{"line":101,"column":4},"end":{"line":109,"column":4}}},"5":{"name":"getGateway","line":115,"loc":{"start":{"line":115,"column":4},"end":{"line":117,"column":4}}}},"statementMap":{"1":{"start":{"line":42,"column":8},"end":{"line":42,"column":57}},"2":{"start":{"line":43,"column":8},"end":{"line":43,"column":63}},"3":{"start":{"line":45,"column":8},"end":{"line":45,"column":40}},"4":{"start":{"line":48,"column":8},"end":{"line":48,"column":52}},"5":{"start":{"line":65,"column":8},"end":{"line":65,"column":67}},"6":{"start":{"line":68,"column":8},"end":{"line":68,"column":62}},"7":{"start":{"line":71,"column":8},"end":{"line":71,"column":2500}},"8":{"start":{"line":81,"column":8},"end":{"line":81,"column":2818}},"9":{"start":{"line":83,"column":12},"end":{"line":83,"column":2913}},"10":{"start":{"line":91,"column":8},"end":{"line":91,"column":49}},"11":{"start":{"line":106,"column":8},"end":{"line":106,"column":59}},"12":{"start":{"line":108,"column":8},"end":{"line":108,"column":76}},"13":{"start":{"line":116,"column":8},"end":{"line":116,"column":33}}},"branchMap":{"1":{"line":42,"type":"if","locations":[{"start":{"line":42,"column":8},"end":{"line":42,"column":8}},{"start":{"line":42,"column":8},"end":{"line":42,"column":8}}]},"2":{"line":43,"type":"if","locations":[{"start":{"line":43,"column":8},"end":{"line":43,"column":8}},{"start":{"line":43,"column":8},"end":{"line":43,"column":8}}]},"3":{"line":68,"type":"if","locations":[{"start":{"line":68,"column":8},"end":{"line":68,"column":8}},{"start":{"line":68,"column":8},"end":{"line":68,"column":8}}]},"4":{"line":81,"type":"if","locations":[{"start":{"line":81,"column":8},"end":{"line":81,"column":8}},{"start":{"line":81,"column":8},"end":{"line":81,"column":8}}]},"5":{"line":83,"type":"if","locations":[{"start":{"line":83,"column":12},"end":{"line":83,"column":12}},{"start":{"line":83,"column":12},"end":{"line":83,"column":12}}]},"6":{"line":106,"type":"if","locations":[{"start":{"line":106,"column":8},"end":{"line":106,"column":8}},{"start":{"line":106,"column":8},"end":{"line":106,"column":8}}]}}},"contracts/crosschain/CrossChainEscrow.sol":{"l":{"99":0,"100":0,"101":0,"103":0,"104":0,"106":0,"124":0,"125":0,"126":0,"127":0,"130":0,"131":0,"132":0,"135":0,"144":0,"147":0,"148":0,"151":0,"162":0,"163":0,"164":0,"166":0,"175":0,"193":0,"194":0,"195":0,"198":0,"199":0,"200":0,"201":0,"207":0,"216":0,"218":0,"220":0,"223":0,"234":0,"237":0,"240":0,"243":0,"253":0,"264":0,"289":0,"297":0,"299":0,"300":0,"317":0,"318":0,"320":0,"330":0,"331":0,"334":0,"339":0,"342":0,"343":0,"344":0,"346":0,"356":0,"366":0,"378":0,"388":0,"402":0,"403":0},"path":"/Volumes/Pylon/workspace/localmoney/contracts/evm/contracts/crosschain/CrossChainEscrow.sol","s":{"1":0,"2":0,"3":0,"4":0,"5":0,"6":0,"7":0,"8":0,"9":0,"10":0,"11":0,"12":0,"13":0,"14":0,"15":0,"16":0,"17":0,"18":0,"19":0,"20":0,"21":0,"22":0,"23":0,"24":0,"25":0,"26":0,"27":0,"28":0,"29":0,"30":0,"31":0,"32":0,"33":0,"34":0,"35":0,"36":0,"37":0,"38":0,"39":0,"40":0,"41":0,"42":0,"43":0,"44":0,"45":0,"46":0,"47":0,"48":0,"49":0,"50":0,"51":0},"b":{"1":[0,0],"2":[0,0],"3":[0,0],"4":[0,0],"5":[0,0],"6":[0,0],"7":[0,0],"8":[0,0],"9":[0,0],"10":[0,0],"11":[0,0],"12":[0,0],"13":[0,0],"14":[0,0],"15":[0,0],"16":[0,0],"17":[0,0],"18":[0,0],"19":[0,0],"20":[0,0],"21":[0,0],"22":[0,0],"23":[0,0],"24":[0,0],"25":[0,0],"26":[0,0],"27":[0,0],"28":[0,0],"29":[0,0],"30":[0,0],"31":[0,0],"32":[0,0],"33":[0,0],"34":[0,0]},"f":{"1":0,"2":0,"3":0,"4":0,"5":0,"6":0,"7":0,"8":0,"9":0,"10":0,"11":0},"fnMap":{"1":{"name":"initializeCrossChain","line":98,"loc":{"start":{"line":95,"column":4},"end":{"line":107,"column":4}}},"2":{"name":"depositFromChain","line":123,"loc":{"start":{"line":117,"column":4},"end":{"line":176,"column":4}}},"3":{"name":"releaseToChain","line":192,"loc":{"start":{"line":186,"column":4},"end":{"line":272,"column":4}}},"4":{"name":"batchReleaseToChains","line":288,"loc":{"start":{"line":282,"column":4},"end":{"line":308,"column":4}}},"5":{"name":"markReleaseCompleted","line":316,"loc":{"start":{"line":314,"column":4},"end":{"line":321,"column":4}}},"6":{"name":"emergencyUnlockDeposit","line":329,"loc":{"start":{"line":327,"column":4},"end":{"line":347,"column":4}}},"7":{"name":"getCrossChainDeposit","line":353,"loc":{"start":{"line":353,"column":4},"end":{"line":357,"column":4}}},"8":{"name":"getCrossChainRelease","line":363,"loc":{"start":{"line":363,"column":4},"end":{"line":367,"column":4}}},"9":{"name":"getChainBalance","line":374,"loc":{"start":{"line":374,"column":4},"end":{"line":379,"column":4}}},"10":{"name":"getTotalCrossChainFees","line":385,"loc":{"start":{"line":385,"column":4},"end":{"line":389,"column":4}}},"11":{"name":"withdrawCrossChainFees","line":401,"loc":{"start":{"line":397,"column":4},"end":{"line":404,"column":4}}}},"statementMap":{"1":{"start":{"line":99,"column":8},"end":{"line":99,"column":64}},"2":{"start":{"line":100,"column":8},"end":{"line":100,"column":68}},"3":{"start":{"line":101,"column":8},"end":{"line":101,"column":75}},"4":{"start":{"line":106,"column":8},"end":{"line":106,"column":71}},"5":{"start":{"line":124,"column":8},"end":{"line":124,"column":63}},"6":{"start":{"line":125,"column":8},"end":{"line":125,"column":63}},"7":{"start":{"line":126,"column":8},"end":{"line":126,"column":60}},"8":{"start":{"line":127,"column":8},"end":{"line":127,"column":57}},"9":{"start":{"line":130,"column":8},"end":{"line":130,"column":87}},"10":{"start":{"line":131,"column":8},"end":{"line":131,"column":62}},"11":{"start":{"line":132,"column":8},"end":{"line":132,"column":51}},"12":{"start":{"line":135,"column":8},"end":{"line":135,"column":4608}},"13":{"start":{"line":144,"column":8},"end":{"line":144,"column":81}},"14":{"start":{"line":147,"column":8},"end":{"line":147,"column":66}},"15":{"start":{"line":148,"column":8},"end":{"line":148,"column":46}},"16":{"start":{"line":166,"column":8},"end":{"line":166,"column":5662}},"17":{"start":{"line":175,"column":8},"end":{"line":175,"column":62}},"18":{"start":{"line":193,"column":8},"end":{"line":193,"column":82}},"19":{"start":{"line":194,"column":8},"end":{"line":194,"column":60}},"20":{"start":{"line":195,"column":8},"end":{"line":195,"column":44}},"21":{"start":{"line":198,"column":8},"end":{"line":198,"column":87}},"22":{"start":{"line":199,"column":8},"end":{"line":199,"column":62}},"23":{"start":{"line":200,"column":8},"end":{"line":200,"column":51}},"24":{"start":{"line":201,"column":8},"end":{"line":201,"column":6899}},"25":{"start":{"line":207,"column":8},"end":{"line":207,"column":7067}},"26":{"start":{"line":218,"column":8},"end":{"line":218,"column":7366}},"27":{"start":{"line":220,"column":12},"end":{"line":220,"column":56}},"28":{"start":{"line":234,"column":12},"end":{"line":234,"column":84}},"29":{"start":{"line":237,"column":12},"end":{"line":237,"column":77}},"30":{"start":{"line":240,"column":12},"end":{"line":240,"column":77}},"31":{"start":{"line":243,"column":12},"end":{"line":243,"column":8413}},"32":{"start":{"line":264,"column":8},"end":{"line":264,"column":9087}},"33":{"start":{"line":289,"column":8},"end":{"line":289,"column":9889}},"34":{"start":{"line":297,"column":8},"end":{"line":297,"column":71}},"35":{"start":{"line":299,"column":8},"end":{"line":299,"column":10251}},"36":{"start":{"line":300,"column":12},"end":{"line":300,"column":10326}},"37":{"start":{"line":317,"column":8},"end":{"line":317,"column":80}},"38":{"start":{"line":318,"column":8},"end":{"line":318,"column":79}},"39":{"start":{"line":330,"column":8},"end":{"line":330,"column":80}},"40":{"start":{"line":331,"column":8},"end":{"line":331,"column":74}},"41":{"start":{"line":334,"column":8},"end":{"line":334,"column":11481}},"42":{"start":{"line":342,"column":8},"end":{"line":342,"column":61}},"43":{"start":{"line":343,"column":8},"end":{"line":343,"column":59}},"44":{"start":{"line":344,"column":8},"end":{"line":344,"column":67}},"45":{"start":{"line":346,"column":8},"end":{"line":346,"column":52}},"46":{"start":{"line":356,"column":8},"end":{"line":356,"column":44}},"47":{"start":{"line":366,"column":8},"end":{"line":366,"column":44}},"48":{"start":{"line":378,"column":8},"end":{"line":378,"column":46}},"49":{"start":{"line":388,"column":8},"end":{"line":388,"column":43}},"50":{"start":{"line":402,"column":8},"end":{"line":402,"column":60}},"51":{"start":{"line":403,"column":8},"end":{"line":403,"column":52}}},"branchMap":{"1":{"line":98,"type":"if","locations":[{"start":{"line":98,"column":15},"end":{"line":98,"column":15}},{"start":{"line":98,"column":15},"end":{"line":98,"column":15}}]},"2":{"line":99,"type":"if","locations":[{"start":{"line":99,"column":8},"end":{"line":99,"column":8}},{"start":{"line":99,"column":8},"end":{"line":99,"column":8}}]},"3":{"line":100,"type":"if","locations":[{"start":{"line":100,"column":8},"end":{"line":100,"column":8}},{"start":{"line":100,"column":8},"end":{"line":100,"column":8}}]},"4":{"line":101,"type":"if","locations":[{"start":{"line":101,"column":8},"end":{"line":101,"column":8}},{"start":{"line":101,"column":8},"end":{"line":101,"column":8}}]},"5":{"line":123,"type":"if","locations":[{"start":{"line":123,"column":15},"end":{"line":123,"column":15}},{"start":{"line":123,"column":15},"end":{"line":123,"column":15}}]},"6":{"line":123,"type":"if","locations":[{"start":{"line":123,"column":37},"end":{"line":123,"column":37}},{"start":{"line":123,"column":37},"end":{"line":123,"column":37}}]},"7":{"line":124,"type":"if","locations":[{"start":{"line":124,"column":8},"end":{"line":124,"column":8}},{"start":{"line":124,"column":8},"end":{"line":124,"column":8}}]},"8":{"line":125,"type":"if","locations":[{"start":{"line":125,"column":8},"end":{"line":125,"column":8}},{"start":{"line":125,"column":8},"end":{"line":125,"column":8}}]},"9":{"line":126,"type":"if","locations":[{"start":{"line":126,"column":8},"end":{"line":126,"column":8}},{"start":{"line":126,"column":8},"end":{"line":126,"column":8}}]},"10":{"line":127,"type":"if","locations":[{"start":{"line":127,"column":8},"end":{"line":127,"column":8}},{"start":{"line":127,"column":8},"end":{"line":127,"column":8}}]},"11":{"line":131,"type":"if","locations":[{"start":{"line":131,"column":8},"end":{"line":131,"column":8}},{"start":{"line":131,"column":8},"end":{"line":131,"column":8}}]},"12":{"line":132,"type":"if","locations":[{"start":{"line":132,"column":8},"end":{"line":132,"column":8}},{"start":{"line":132,"column":8},"end":{"line":132,"column":8}}]},"13":{"line":144,"type":"if","locations":[{"start":{"line":144,"column":8},"end":{"line":144,"column":8}},{"start":{"line":144,"column":8},"end":{"line":144,"column":8}}]},"14":{"line":192,"type":"if","locations":[{"start":{"line":192,"column":23},"end":{"line":192,"column":23}},{"start":{"line":192,"column":23},"end":{"line":192,"column":23}}]},"15":{"line":192,"type":"if","locations":[{"start":{"line":192,"column":53},"end":{"line":192,"column":53}},{"start":{"line":192,"column":53},"end":{"line":192,"column":53}}]},"16":{"line":193,"type":"if","locations":[{"start":{"line":193,"column":8},"end":{"line":193,"column":8}},{"start":{"line":193,"column":8},"end":{"line":193,"column":8}}]},"17":{"line":194,"type":"if","locations":[{"start":{"line":194,"column":8},"end":{"line":194,"column":8}},{"start":{"line":194,"column":8},"end":{"line":194,"column":8}}]},"18":{"line":195,"type":"if","locations":[{"start":{"line":195,"column":8},"end":{"line":195,"column":8}},{"start":{"line":195,"column":8},"end":{"line":195,"column":8}}]},"19":{"line":199,"type":"if","locations":[{"start":{"line":199,"column":8},"end":{"line":199,"column":8}},{"start":{"line":199,"column":8},"end":{"line":199,"column":8}}]},"20":{"line":200,"type":"if","locations":[{"start":{"line":200,"column":8},"end":{"line":200,"column":8}},{"start":{"line":200,"column":8},"end":{"line":200,"column":8}}]},"21":{"line":201,"type":"if","locations":[{"start":{"line":201,"column":8},"end":{"line":201,"column":8}},{"start":{"line":201,"column":8},"end":{"line":201,"column":8}}]},"22":{"line":218,"type":"if","locations":[{"start":{"line":218,"column":8},"end":{"line":218,"column":8}},{"start":{"line":218,"column":8},"end":{"line":218,"column":8}}]},"23":{"line":288,"type":"if","locations":[{"start":{"line":288,"column":23},"end":{"line":288,"column":23}},{"start":{"line":288,"column":23},"end":{"line":288,"column":23}}]},"24":{"line":289,"type":"if","locations":[{"start":{"line":289,"column":8},"end":{"line":289,"column":8}},{"start":{"line":289,"column":8},"end":{"line":289,"column":8}}]},"25":{"line":316,"type":"if","locations":[{"start":{"line":316,"column":15},"end":{"line":316,"column":15}},{"start":{"line":316,"column":15},"end":{"line":316,"column":15}}]},"26":{"line":317,"type":"if","locations":[{"start":{"line":317,"column":8},"end":{"line":317,"column":8}},{"start":{"line":317,"column":8},"end":{"line":317,"column":8}}]},"27":{"line":318,"type":"if","locations":[{"start":{"line":318,"column":8},"end":{"line":318,"column":8}},{"start":{"line":318,"column":8},"end":{"line":318,"column":8}}]},"28":{"line":329,"type":"if","locations":[{"start":{"line":329,"column":15},"end":{"line":329,"column":15}},{"start":{"line":329,"column":15},"end":{"line":329,"column":15}}]},"29":{"line":330,"type":"if","locations":[{"start":{"line":330,"column":8},"end":{"line":330,"column":8}},{"start":{"line":330,"column":8},"end":{"line":330,"column":8}}]},"30":{"line":331,"type":"if","locations":[{"start":{"line":331,"column":8},"end":{"line":331,"column":8}},{"start":{"line":331,"column":8},"end":{"line":331,"column":8}}]},"31":{"line":334,"type":"if","locations":[{"start":{"line":334,"column":8},"end":{"line":334,"column":8}},{"start":{"line":334,"column":8},"end":{"line":334,"column":8}}]},"32":{"line":401,"type":"if","locations":[{"start":{"line":401,"column":15},"end":{"line":401,"column":15}},{"start":{"line":401,"column":15},"end":{"line":401,"column":15}}]},"33":{"line":401,"type":"if","locations":[{"start":{"line":401,"column":36},"end":{"line":401,"column":36}},{"start":{"line":401,"column":36},"end":{"line":401,"column":36}}]},"34":{"line":402,"type":"if","locations":[{"start":{"line":402,"column":8},"end":{"line":402,"column":8}},{"start":{"line":402,"column":8},"end":{"line":402,"column":8}}]}}},"contracts/crosschain/GasEstimator.sol":{"l":{"68":0,"80":0,"81":0,"83":0,"84":0,"86":0,"87":0,"89":0,"90":0,"91":0,"94":0,"102":0,"103":0,"104":0,"105":0,"108":0,"109":0,"110":0,"111":0,"114":0,"115":0,"116":0,"117":0,"120":0,"121":0,"122":0,"123":0,"126":0,"127":0,"128":0,"129":0,"145":0,"148":0,"151":0,"152":0,"154":0,"156":0,"158":0,"162":0,"165":0,"168":0,"172":0,"174":0,"189":0,"192":0,"193":0,"196":0,"199":0,"200":0,"201":0,"205":0,"207":0,"223":0,"224":0,"226":0,"227":0,"228":0,"230":0,"242":0,"243":0,"245":0,"247":0,"263":0,"270":0,"271":0,"272":0,"273":0,"275":0,"297":0,"300":0,"302":0,"303":0,"305":0,"307":0,"311":0,"314":0,"317":0,"318":0,"320":0,"323":0,"332":0},"path":"/Volumes/Pylon/workspace/localmoney/contracts/evm/contracts/crosschain/GasEstimator.sol","s":{"1":0,"2":0,"3":0,"4":0,"5":0,"6":0,"7":0,"8":0,"9":0,"10":0,"11":0,"12":0,"13":0,"14":0,"15":0,"16":0,"17":0,"18":0,"19":0,"20":0,"21":0,"22":0,"23":0,"24":0,"25":0,"26":0,"27":0,"28":0,"29":0,"30":0,"31":0,"32":0,"33":0,"34":0,"35":0,"36":0,"37":0,"38":0,"39":0,"40":0,"41":0},"b":{"1":[0,0],"2":[0,0],"3":[0,0],"4":[0,0],"5":[0,0],"6":[0,0],"7":[0,0],"8":[0,0],"9":[0,0],"10":[0,0],"11":[0,0],"12":[0,0],"13":[0,0],"14":[0,0],"15":[0,0],"16":[0,0],"17":[0,0],"18":[0,0],"19":[0,0],"20":[0,0],"21":[0,0],"22":[0,0],"23":[0,0],"24":[0,0],"25":[0,0]},"f":{"1":0,"2":0,"3":0,"4":0,"5":0,"6":0,"7":0,"8":0,"9":0,"10":0,"11":0},"fnMap":{"1":{"name":"constructor","line":67,"loc":{"start":{"line":67,"column":4},"end":{"line":69,"column":4}}},"2":{"name":"initialize","line":79,"loc":{"start":{"line":76,"column":4},"end":{"line":95,"column":4}}},"3":{"name":"_initializeDefaultGasCosts","line":100,"loc":{"start":{"line":100,"column":4},"end":{"line":130,"column":4}}},"4":{"name":"estimateBridgeFee","line":140,"loc":{"start":{"line":140,"column":4},"end":{"line":175,"column":4}}},"5":{"name":"estimateTokenBridgeGas","line":184,"loc":{"start":{"line":184,"column":4},"end":{"line":208,"column":4}}},"6":{"name":"updateGasCosts","line":222,"loc":{"start":{"line":217,"column":4},"end":{"line":231,"column":4}}},"7":{"name":"updateGasMultiplier","line":241,"loc":{"start":{"line":238,"column":4},"end":{"line":248,"column":4}}},"8":{"name":"batchUpdateGasCosts","line":262,"loc":{"start":{"line":257,"column":4},"end":{"line":277,"column":4}}},"9":{"name":"getComprehensiveEstimate","line":288,"loc":{"start":{"line":288,"column":4},"end":{"line":324,"column":4}}},"10":{"name":"isChainSupported","line":331,"loc":{"start":{"line":331,"column":4},"end":{"line":333,"column":4}}},"11":{"name":"_authorizeUpgrade","line":341,"loc":{"start":{"line":339,"column":4},"end":{"line":341,"column":46}}}},"statementMap":{"1":{"start":{"line":68,"column":8},"end":{"line":68,"column":29}},"2":{"start":{"line":80,"column":8},"end":{"line":80,"column":31}},"3":{"start":{"line":81,"column":8},"end":{"line":81,"column":29}},"4":{"start":{"line":83,"column":8},"end":{"line":83,"column":64}},"5":{"start":{"line":84,"column":8},"end":{"line":84,"column":64}},"6":{"start":{"line":89,"column":8},"end":{"line":89,"column":49}},"7":{"start":{"line":90,"column":8},"end":{"line":90,"column":41}},"8":{"start":{"line":91,"column":8},"end":{"line":91,"column":45}},"9":{"start":{"line":94,"column":8},"end":{"line":94,"column":35}},"10":{"start":{"line":145,"column":8},"end":{"line":145,"column":69}},"11":{"start":{"line":148,"column":8},"end":{"line":148,"column":58}},"12":{"start":{"line":151,"column":8},"end":{"line":151,"column":4824}},"13":{"start":{"line":153,"column":15},"end":{"line":153,"column":4958}},"14":{"start":{"line":155,"column":15},"end":{"line":155,"column":5084}},"15":{"start":{"line":157,"column":15},"end":{"line":157,"column":5260}},"16":{"start":{"line":162,"column":8},"end":{"line":162,"column":46}},"17":{"start":{"line":168,"column":8},"end":{"line":168,"column":80}},"18":{"start":{"line":174,"column":8},"end":{"line":174,"column":44}},"19":{"start":{"line":189,"column":8},"end":{"line":189,"column":69}},"20":{"start":{"line":192,"column":8},"end":{"line":192,"column":87}},"21":{"start":{"line":193,"column":8},"end":{"line":193,"column":62}},"22":{"start":{"line":196,"column":8},"end":{"line":196,"column":102}},"23":{"start":{"line":199,"column":8},"end":{"line":199,"column":29}},"24":{"start":{"line":200,"column":8},"end":{"line":200,"column":7036}},"25":{"start":{"line":207,"column":8},"end":{"line":207,"column":27}},"26":{"start":{"line":223,"column":8},"end":{"line":223,"column":47}},"27":{"start":{"line":224,"column":8},"end":{"line":224,"column":82}},"28":{"start":{"line":230,"column":8},"end":{"line":230,"column":67}},"29":{"start":{"line":242,"column":8},"end":{"line":242,"column":47}},"30":{"start":{"line":243,"column":8},"end":{"line":243,"column":79}},"31":{"start":{"line":247,"column":8},"end":{"line":247,"column":54}},"32":{"start":{"line":263,"column":8},"end":{"line":263,"column":9130}},"33":{"start":{"line":270,"column":8},"end":{"line":270,"column":9361}},"34":{"start":{"line":275,"column":12},"end":{"line":275,"column":90}},"35":{"start":{"line":297,"column":8},"end":{"line":297,"column":81}},"36":{"start":{"line":302,"column":8},"end":{"line":302,"column":10515}},"37":{"start":{"line":304,"column":15},"end":{"line":304,"column":10650}},"38":{"start":{"line":306,"column":15},"end":{"line":306,"column":10777}},"39":{"start":{"line":317,"column":8},"end":{"line":317,"column":11236}},"40":{"start":{"line":323,"column":8},"end":{"line":323,"column":49}},"41":{"start":{"line":332,"column":8},"end":{"line":332,"column":40}}},"branchMap":{"1":{"line":79,"type":"if","locations":[{"start":{"line":79,"column":15},"end":{"line":79,"column":15}},{"start":{"line":79,"column":15},"end":{"line":79,"column":15}}]},"2":{"line":83,"type":"if","locations":[{"start":{"line":83,"column":8},"end":{"line":83,"column":8}},{"start":{"line":83,"column":8},"end":{"line":83,"column":8}}]},"3":{"line":84,"type":"if","locations":[{"start":{"line":84,"column":8},"end":{"line":84,"column":8}},{"start":{"line":84,"column":8},"end":{"line":84,"column":8}}]},"4":{"line":145,"type":"if","locations":[{"start":{"line":145,"column":8},"end":{"line":145,"column":8}},{"start":{"line":145,"column":8},"end":{"line":145,"column":8}}]},"5":{"line":151,"type":"if","locations":[{"start":{"line":151,"column":8},"end":{"line":151,"column":8}},{"start":{"line":151,"column":8},"end":{"line":151,"column":8}}]},"6":{"line":153,"type":"if","locations":[{"start":{"line":153,"column":15},"end":{"line":153,"column":15}},{"start":{"line":153,"column":15},"end":{"line":153,"column":15}}]},"7":{"line":155,"type":"if","locations":[{"start":{"line":155,"column":15},"end":{"line":155,"column":15}},{"start":{"line":155,"column":15},"end":{"line":155,"column":15}}]},"8":{"line":157,"type":"if","locations":[{"start":{"line":157,"column":15},"end":{"line":157,"column":15}},{"start":{"line":157,"column":15},"end":{"line":157,"column":15}}]},"9":{"line":189,"type":"if","locations":[{"start":{"line":189,"column":8},"end":{"line":189,"column":8}},{"start":{"line":189,"column":8},"end":{"line":189,"column":8}}]},"10":{"line":193,"type":"if","locations":[{"start":{"line":193,"column":8},"end":{"line":193,"column":8}},{"start":{"line":193,"column":8},"end":{"line":193,"column":8}}]},"11":{"line":200,"type":"if","locations":[{"start":{"line":200,"column":8},"end":{"line":200,"column":8}},{"start":{"line":200,"column":8},"end":{"line":200,"column":8}}]},"12":{"line":222,"type":"if","locations":[{"start":{"line":222,"column":15},"end":{"line":222,"column":15}},{"start":{"line":222,"column":15},"end":{"line":222,"column":15}}]},"13":{"line":223,"type":"if","locations":[{"start":{"line":223,"column":8},"end":{"line":223,"column":8}},{"start":{"line":223,"column":8},"end":{"line":223,"column":8}}]},"14":{"line":224,"type":"if","locations":[{"start":{"line":224,"column":8},"end":{"line":224,"column":8}},{"start":{"line":224,"column":8},"end":{"line":224,"column":8}}]},"15":{"line":241,"type":"if","locations":[{"start":{"line":241,"column":15},"end":{"line":241,"column":15}},{"start":{"line":241,"column":15},"end":{"line":241,"column":15}}]},"16":{"line":242,"type":"if","locations":[{"start":{"line":242,"column":8},"end":{"line":242,"column":8}},{"start":{"line":242,"column":8},"end":{"line":242,"column":8}}]},"17":{"line":243,"type":"if","locations":[{"start":{"line":243,"column":8},"end":{"line":243,"column":8}},{"start":{"line":243,"column":8},"end":{"line":243,"column":8}}]},"18":{"line":262,"type":"if","locations":[{"start":{"line":262,"column":15},"end":{"line":262,"column":15}},{"start":{"line":262,"column":15},"end":{"line":262,"column":15}}]},"19":{"line":263,"type":"if","locations":[{"start":{"line":263,"column":8},"end":{"line":263,"column":8}},{"start":{"line":263,"column":8},"end":{"line":263,"column":8}}]},"20":{"line":297,"type":"if","locations":[{"start":{"line":297,"column":8},"end":{"line":297,"column":8}},{"start":{"line":297,"column":8},"end":{"line":297,"column":8}}]},"21":{"line":302,"type":"if","locations":[{"start":{"line":302,"column":8},"end":{"line":302,"column":8}},{"start":{"line":302,"column":8},"end":{"line":302,"column":8}}]},"22":{"line":304,"type":"if","locations":[{"start":{"line":304,"column":15},"end":{"line":304,"column":15}},{"start":{"line":304,"column":15},"end":{"line":304,"column":15}}]},"23":{"line":306,"type":"if","locations":[{"start":{"line":306,"column":15},"end":{"line":306,"column":15}},{"start":{"line":306,"column":15},"end":{"line":306,"column":15}}]},"24":{"line":317,"type":"if","locations":[{"start":{"line":317,"column":8},"end":{"line":317,"column":8}},{"start":{"line":317,"column":8},"end":{"line":317,"column":8}}]},"25":{"line":341,"type":"if","locations":[{"start":{"line":341,"column":24},"end":{"line":341,"column":24}},{"start":{"line":341,"column":24},"end":{"line":341,"column":24}}]}}},"contracts/crosschain/interfaces/IAxelarBridge.sol":{"l":{},"path":"/Volumes/Pylon/workspace/localmoney/contracts/evm/contracts/crosschain/interfaces/IAxelarBridge.sol","s":{},"b":{},"f":{},"fnMap":{},"statementMap":{},"branchMap":{}},"contracts/crosschain/interfaces/IBridgedToken.sol":{"l":{},"path":"/Volumes/Pylon/workspace/localmoney/contracts/evm/contracts/crosschain/interfaces/IBridgedToken.sol","s":{},"b":{},"f":{},"fnMap":{},"statementMap":{},"branchMap":{}},"contracts/crosschain/interfaces/ICrossChainEscrow.sol":{"l":{},"path":"/Volumes/Pylon/workspace/localmoney/contracts/evm/contracts/crosschain/interfaces/ICrossChainEscrow.sol","s":{},"b":{},"f":{},"fnMap":{},"statementMap":{},"branchMap":{}},"contracts/crosschain/interfaces/ISatelliteContract.sol":{"l":{},"path":"/Volumes/Pylon/workspace/localmoney/contracts/evm/contracts/crosschain/interfaces/ISatelliteContract.sol","s":{},"b":{},"f":{},"fnMap":{},"statementMap":{},"branchMap":{}},"contracts/crosschain/interfaces/ITokenBridge.sol":{"l":{},"path":"/Volumes/Pylon/workspace/localmoney/contracts/evm/contracts/crosschain/interfaces/ITokenBridge.sol","s":{},"b":{},"f":{},"fnMap":{},"statementMap":{},"branchMap":{}},"contracts/crosschain/ITSTokenRegistry.sol":{"l":{"71":0,"79":0,"80":0,"82":0,"83":0,"85":0,"86":0,"87":0,"90":0,"91":0,"92":0,"93":0,"94":0,"103":0,"104":0,"105":0,"123":0,"124":0,"125":0,"126":0,"129":0,"131":0,"142":0,"144":0,"158":0,"159":0,"161":0,"162":0,"164":0,"178":0,"179":0,"181":0,"183":0,"191":0,"192":0,"194":0,"195":0,"203":0,"204":0,"206":0,"207":0,"216":0,"217":0,"230":0,"231":0,"245":0,"246":0,"258":0,"259":0,"260":0,"262":0},"path":"/Volumes/Pylon/workspace/localmoney/contracts/evm/contracts/crosschain/ITSTokenRegistry.sol","s":{"1":0,"2":0,"3":0,"4":0,"5":0,"6":0,"7":0,"8":0,"9":0,"10":0,"11":0,"12":0,"13":0,"14":0,"15":0,"16":0,"17":0,"18":0,"19":0,"20":0,"21":0,"22":0,"23":0,"24":0,"25":0,"26":0,"27":0,"28":0,"29":0,"30":0,"31":0,"32":0,"33":0,"34":0,"35":0,"36":0,"37":0,"38":0,"39":0,"40":0,"41":0},"b":{"1":[0,0],"2":[0,0],"3":[0,0],"4":[0,0],"5":[0,0],"6":[0,0],"7":[0,0],"8":[0,0],"9":[0,0],"10":[0,0],"11":[0,0],"12":[0,0],"13":[0,0],"14":[0,0],"15":[0,0],"16":[0,0],"17":[0,0],"18":[0,0],"19":[0,0],"20":[0,0],"21":[0,0],"22":[0,0],"23":[0,0],"24":[0,0],"25":[0,0],"26":[0,0]},"f":{"1":0,"2":0,"3":0,"4":0,"5":0,"6":0,"7":0,"8":0,"9":0,"10":0,"11":0,"12":0,"13":0},"fnMap":{"1":{"name":"constructor","line":70,"loc":{"start":{"line":70,"column":4},"end":{"line":72,"column":4}}},"2":{"name":"initialize","line":78,"loc":{"start":{"line":78,"column":4},"end":{"line":95,"column":4}}},"3":{"name":"_registerChain","line":102,"loc":{"start":{"line":102,"column":4},"end":{"line":106,"column":4}}},"4":{"name":"registerToken","line":122,"loc":{"start":{"line":116,"column":4},"end":{"line":145,"column":4}}},"5":{"name":"updateTokenLimits","line":157,"loc":{"start":{"line":153,"column":4},"end":{"line":165,"column":4}}},"6":{"name":"setChainTokenMapping","line":177,"loc":{"start":{"line":173,"column":4},"end":{"line":184,"column":4}}},"7":{"name":"pauseToken","line":190,"loc":{"start":{"line":190,"column":4},"end":{"line":196,"column":4}}},"8":{"name":"unpauseToken","line":202,"loc":{"start":{"line":202,"column":4},"end":{"line":208,"column":4}}},"9":{"name":"getTokenInfo","line":215,"loc":{"start":{"line":215,"column":4},"end":{"line":218,"column":4}}},"10":{"name":"isValidBridgeAmount","line":226,"loc":{"start":{"line":226,"column":4},"end":{"line":237,"column":4}}},"11":{"name":"getChainName","line":244,"loc":{"start":{"line":244,"column":4},"end":{"line":247,"column":4}}},"12":{"name":"registerChain","line":257,"loc":{"start":{"line":254,"column":4},"end":{"line":263,"column":4}}},"13":{"name":"_authorizeUpgrade","line":271,"loc":{"start":{"line":269,"column":4},"end":{"line":271,"column":46}}}},"statementMap":{"1":{"start":{"line":71,"column":8},"end":{"line":71,"column":29}},"2":{"start":{"line":79,"column":8},"end":{"line":79,"column":31}},"3":{"start":{"line":80,"column":8},"end":{"line":80,"column":29}},"4":{"start":{"line":82,"column":8},"end":{"line":82,"column":66}},"5":{"start":{"line":85,"column":8},"end":{"line":85,"column":49}},"6":{"start":{"line":86,"column":8},"end":{"line":86,"column":41}},"7":{"start":{"line":87,"column":8},"end":{"line":87,"column":52}},"8":{"start":{"line":90,"column":8},"end":{"line":90,"column":37}},"9":{"start":{"line":91,"column":8},"end":{"line":91,"column":41}},"10":{"start":{"line":92,"column":8},"end":{"line":92,"column":35}},"11":{"start":{"line":93,"column":8},"end":{"line":93,"column":36}},"12":{"start":{"line":94,"column":8},"end":{"line":94,"column":36}},"13":{"start":{"line":105,"column":8},"end":{"line":105,"column":48}},"14":{"start":{"line":123,"column":8},"end":{"line":123,"column":60}},"15":{"start":{"line":124,"column":8},"end":{"line":124,"column":71}},"16":{"start":{"line":125,"column":8},"end":{"line":125,"column":72}},"17":{"start":{"line":126,"column":8},"end":{"line":126,"column":58}},"18":{"start":{"line":129,"column":8},"end":{"line":129,"column":75}},"19":{"start":{"line":144,"column":8},"end":{"line":144,"column":62}},"20":{"start":{"line":158,"column":8},"end":{"line":158,"column":66}},"21":{"start":{"line":159,"column":8},"end":{"line":159,"column":72}},"22":{"start":{"line":164,"column":8},"end":{"line":164,"column":60}},"23":{"start":{"line":178,"column":8},"end":{"line":178,"column":71}},"24":{"start":{"line":179,"column":8},"end":{"line":179,"column":65}},"25":{"start":{"line":183,"column":8},"end":{"line":183,"column":62}},"26":{"start":{"line":191,"column":8},"end":{"line":191,"column":66}},"27":{"start":{"line":192,"column":8},"end":{"line":192,"column":63}},"28":{"start":{"line":195,"column":8},"end":{"line":195,"column":31}},"29":{"start":{"line":203,"column":8},"end":{"line":203,"column":66}},"30":{"start":{"line":204,"column":8},"end":{"line":204,"column":58}},"31":{"start":{"line":207,"column":8},"end":{"line":207,"column":33}},"32":{"start":{"line":216,"column":8},"end":{"line":216,"column":66}},"33":{"start":{"line":217,"column":8},"end":{"line":217,"column":28}},"34":{"start":{"line":230,"column":8},"end":{"line":230,"column":45}},"35":{"start":{"line":231,"column":8},"end":{"line":231,"column":7698}},"36":{"start":{"line":245,"column":8},"end":{"line":245,"column":73}},"37":{"start":{"line":246,"column":8},"end":{"line":246,"column":37}},"38":{"start":{"line":258,"column":8},"end":{"line":258,"column":65}},"39":{"start":{"line":259,"column":8},"end":{"line":259,"column":47}},"40":{"start":{"line":260,"column":8},"end":{"line":260,"column":73}},"41":{"start":{"line":262,"column":8},"end":{"line":262,"column":41}}},"branchMap":{"1":{"line":78,"type":"if","locations":[{"start":{"line":78,"column":56},"end":{"line":78,"column":56}},{"start":{"line":78,"column":56},"end":{"line":78,"column":56}}]},"2":{"line":82,"type":"if","locations":[{"start":{"line":82,"column":8},"end":{"line":82,"column":8}},{"start":{"line":82,"column":8},"end":{"line":82,"column":8}}]},"3":{"line":122,"type":"if","locations":[{"start":{"line":122,"column":15},"end":{"line":122,"column":15}},{"start":{"line":122,"column":15},"end":{"line":122,"column":15}}]},"4":{"line":123,"type":"if","locations":[{"start":{"line":123,"column":8},"end":{"line":123,"column":8}},{"start":{"line":123,"column":8},"end":{"line":123,"column":8}}]},"5":{"line":124,"type":"if","locations":[{"start":{"line":124,"column":8},"end":{"line":124,"column":8}},{"start":{"line":124,"column":8},"end":{"line":124,"column":8}}]},"6":{"line":125,"type":"if","locations":[{"start":{"line":125,"column":8},"end":{"line":125,"column":8}},{"start":{"line":125,"column":8},"end":{"line":125,"column":8}}]},"7":{"line":126,"type":"if","locations":[{"start":{"line":126,"column":8},"end":{"line":126,"column":8}},{"start":{"line":126,"column":8},"end":{"line":126,"column":8}}]},"8":{"line":157,"type":"if","locations":[{"start":{"line":157,"column":15},"end":{"line":157,"column":15}},{"start":{"line":157,"column":15},"end":{"line":157,"column":15}}]},"9":{"line":158,"type":"if","locations":[{"start":{"line":158,"column":8},"end":{"line":158,"column":8}},{"start":{"line":158,"column":8},"end":{"line":158,"column":8}}]},"10":{"line":159,"type":"if","locations":[{"start":{"line":159,"column":8},"end":{"line":159,"column":8}},{"start":{"line":159,"column":8},"end":{"line":159,"column":8}}]},"11":{"line":177,"type":"if","locations":[{"start":{"line":177,"column":15},"end":{"line":177,"column":15}},{"start":{"line":177,"column":15},"end":{"line":177,"column":15}}]},"12":{"line":178,"type":"if","locations":[{"start":{"line":178,"column":8},"end":{"line":178,"column":8}},{"start":{"line":178,"column":8},"end":{"line":178,"column":8}}]},"13":{"line":179,"type":"if","locations":[{"start":{"line":179,"column":8},"end":{"line":179,"column":8}},{"start":{"line":179,"column":8},"end":{"line":179,"column":8}}]},"14":{"line":190,"type":"if","locations":[{"start":{"line":190,"column":48},"end":{"line":190,"column":48}},{"start":{"line":190,"column":48},"end":{"line":190,"column":48}}]},"15":{"line":191,"type":"if","locations":[{"start":{"line":191,"column":8},"end":{"line":191,"column":8}},{"start":{"line":191,"column":8},"end":{"line":191,"column":8}}]},"16":{"line":192,"type":"if","locations":[{"start":{"line":192,"column":8},"end":{"line":192,"column":8}},{"start":{"line":192,"column":8},"end":{"line":192,"column":8}}]},"17":{"line":202,"type":"if","locations":[{"start":{"line":202,"column":50},"end":{"line":202,"column":50}},{"start":{"line":202,"column":50},"end":{"line":202,"column":50}}]},"18":{"line":203,"type":"if","locations":[{"start":{"line":203,"column":8},"end":{"line":203,"column":8}},{"start":{"line":203,"column":8},"end":{"line":203,"column":8}}]},"19":{"line":204,"type":"if","locations":[{"start":{"line":204,"column":8},"end":{"line":204,"column":8}},{"start":{"line":204,"column":8},"end":{"line":204,"column":8}}]},"20":{"line":216,"type":"if","locations":[{"start":{"line":216,"column":8},"end":{"line":216,"column":8}},{"start":{"line":216,"column":8},"end":{"line":21
[...]
"column":84}},"139":{"start":{"line":766,"column":8},"end":{"line":766,"column":37}},"140":{"start":{"line":775,"column":8},"end":{"line":775,"column":54}},"141":{"start":{"line":776,"column":8},"end":{"line":776,"column":31}},"142":{"start":{"line":778,"column":8},"end":{"line":778,"column":29943}},"143":{"start":{"line":779,"column":12},"end":{"line":779,"column":30003}},"144":{"start":{"line":788,"column":8},"end":{"line":788,"column":51}},"145":{"start":{"line":804,"column":8},"end":{"line":804,"column":30760}},"146":{"start":{"line":811,"column":8},"end":{"line":811,"column":67}},"147":{"start":{"line":821,"column":8},"end":{"line":821,"column":76}},"148":{"start":{"line":822,"column":8},"end":{"line":822,"column":71}},"149":{"start":{"line":823,"column":8},"end":{"line":823,"column":75}},"150":{"start":{"line":825,"column":8},"end":{"line":825,"column":62}},"151":{"start":{"line":834,"column":8},"end":{"line":834,"column":80}},"152":{"start":{"line":835,"column":8},"end":{"line":835,"column":78}},"153":{"start":{"line":836,"column":8},"end":{"line":836,"column":82}},"154":{"start":{"line":838,"column":8},"end":{"line":838,"column":76}},"155":{"start":{"line":852,"column":8},"end":{"line":852,"column":73}},"156":{"start":{"line":853,"column":8},"end":{"line":853,"column":91}},"157":{"start":{"line":857,"column":8},"end":{"line":857,"column":116}},"158":{"start":{"line":860,"column":8},"end":{"line":860,"column":64}},"159":{"start":{"line":861,"column":8},"end":{"line":861,"column":86}},"160":{"start":{"line":862,"column":8},"end":{"line":862,"column":97}},"161":{"start":{"line":870,"column":8},"end":{"line":870,"column":22}}},"branchMap":{"1":{"line":105,"type":"if","locations":[{"start":{"line":105,"column":8},"end":{"line":105,"column":8}},{"start":{"line":105,"column":8},"end":{"line":105,"column":8}}]},"2":{"line":105,"type":"cond-expr","locations":[{"start":{"line":105,"column":12},"end":{"line":105,"column":24}},{"start":{"line":105,"column":29},"end":{"line":105,"column":51}}]},"3":{"line":106,"type":"if","locations":[{"start":{"line":106,"column":8},"end":{"line":106,"column":8}},{"start":{"line":106,"column":8},"end":{"line":106,"column":8}}]},"4":{"line":113,"type":"if","locations":[{"start":{"line":113,"column":8},"end":{"line":113,"column":8}},{"start":{"line":113,"column":8},"end":{"line":113,"column":8}}]},"5":{"line":121,"type":"if","locations":[{"start":{"line":121,"column":8},"end":{"line":121,"column":8}},{"start":{"line":121,"column":8},"end":{"line":121,"column":8}}]},"6":{"line":128,"type":"if","locations":[{"start":{"line":128,"column":8},"end":{"line":128,"column":8}},{"start":{"line":128,"column":8},"end":{"line":128,"column":8}}]},"7":{"line":146,"type":"if","locations":[{"start":{"line":146,"column":15},"end":{"line":146,"column":15}},{"start":{"line":146,"column":15},"end":{"line":146,"column":15}}]},"8":{"line":150,"type":"if","locations":[{"start":{"line":150,"column":8},"end":{"line":150,"column":8}},{"start":{"line":150,"column":8},"end":{"line":150,"column":8}}]},"9":{"line":151,"type":"if","locations":[{"start":{"line":151,"column":8},"end":{"line":151,"column":8}},{"start":{"line":151,"column":8},"end":{"line":151,"column":8}}]},"10":{"line":152,"type":"if","locations":[{"start":{"line":152,"column":8},"end":{"line":152,"column":8}},{"start":{"line":152,"column":8},"end":{"line":152,"column":8}}]},"11":{"line":160,"type":"if","locations":[{"start":{"line":160,"column":8},"end":{"line":160,"column":8}},{"start":{"line":160,"column":8},"end":{"line":160,"column":8}}]},"12":{"line":163,"type":"if","locations":[{"start":{"line":163,"column":8},"end":{"line":163,"column":8}},{"start":{"line":163,"column":8},"end":{"line":163,"column":8}}]},"13":{"line":180,"type":"if","locations":[{"start":{"line":180,"column":15},"end":{"line":180,"column":15}},{"start":{"line":180,"column":15},"end":{"line":180,"column":15}}]},"14":{"line":180,"type":"if","locations":[{"start":{"line":180,"column":28},"end":{"line":180,"column":28}},{"start":{"line":180,"column":28},"end":{"line":180,"column":28}}]},"15":{"line":186,"type":"if","locations":[{"start":{"line":186,"column":8},"end":{"line":186,"column":8}},{"start":{"line":186,"column":8},"end":{"line":186,"column":8}}]},"16":{"line":187,"type":"if","locations":[{"start":{"line":187,"column":8},"end":{"line":187,"column":8}},{"start":{"line":187,"column":8},"end":{"line":187,"column":8}}]},"17":{"line":187,"type":"cond-expr","locations":[{"start":{"line":187,"column":12},"end":{"line":187,"column":36}},{"start":{"line":187,"column":41},"end":{"line":187,"column":65}}]},"18":{"line":190,"type":"if","locations":[{"start":{"line":190,"column":8},"end":{"line":190,"column":8}},{"start":{"line":190,"column":8},"end":{"line":190,"column":8}}]},"19":{"line":193,"type":"if","locations":[{"start":{"line":193,"column":8},"end":{"line":193,"column":8}},{"start":{"line":193,"column":8},"end":{"line":193,"column":8}}]},"20":{"line":247,"type":"if","locations":[{"start":{"line":247,"column":8},"end":{"line":247,"column":8}},{"start":{"line":247,"column":8},"end":{"line":247,"column":8}}]},"21":{"line":271,"type":"if","locations":[{"start":{"line":271,"column":8},"end":{"line":271,"column":8}},{"start":{"line":271,"column":8},"end":{"line":271,"column":8}}]},"22":{"line":272,"type":"if","locations":[{"start":{"line":272,"column":8},"end":{"line":272,"column":8}},{"start":{"line":272,"column":8},"end":{"line":272,"column":8}}]},"23":{"line":273,"type":"if","locations":[{"start":{"line":273,"column":8},"end":{"line":273,"column":8}},{"start":{"line":273,"column":8},"end":{"line":273,"column":8}}]},"24":{"line":274,"type":"if","locations":[{"start":{"line":274,"column":8},"end":{"line":274,"column":8}},{"start":{"line":274,"column":8},"end":{"line":274,"column":8}}]},"25":{"line":281,"type":"if","locations":[{"start":{"line":281,"column":12},"end":{"line":281,"column":12}},{"start":{"line":281,"column":12},"end":{"line":281,"column":12}}]},"26":{"line":286,"type":"if","locations":[{"start":{"line":286,"column":12},"end":{"line":286,"column":12}},{"start":{"line":286,"column":12},"end":{"line":286,"column":12}}]},"27":{"line":309,"type":"if","locations":[{"start":{"line":309,"column":8},"end":{"line":309,"column":8}},{"start":{"line":309,"column":8},"end":{"line":309,"column":8}}]},"28":{"line":310,"type":"if","locations":[{"start":{"line":310,"column":8},"end":{"line":310,"column":8}},{"start":{"line":310,"column":8},"end":{"line":310,"column":8}}]},"29":{"line":311,"type":"if","locations":[{"start":{"line":311,"column":8},"end":{"line":311,"column":8}},{"start":{"line":311,"column":8},"end":{"line":311,"column":8}}]},"30":{"line":312,"type":"if","locations":[{"start":{"line":312,"column":8},"end":{"line":312,"column":8}},{"start":{"line":312,"column":8},"end":{"line":312,"column":8}}]},"31":{"line":315,"type":"if","locations":[{"start":{"line":315,"column":8},"end":{"line":315,"column":8}},{"start":{"line":315,"column":8},"end":{"line":315,"column":8}}]},"32":{"line":327,"type":"if","locations":[{"start":{"line":327,"column":8},"end":{"line":327,"column":8}},{"start":{"line":327,"column":8},"end":{"line":327,"column":8}}]},"33":{"line":329,"type":"if","locations":[{"start":{"line":329,"column":12},"end":{"line":329,"column":12}},{"start":{"line":329,"column":12},"end":{"line":329,"column":12}}]},"34":{"line":336,"type":"if","locations":[{"start":{"line":336,"column":12},"end":{"line":336,"column":12}},{"start":{"line":336,"column":12},"end":{"line":336,"column":12}}]},"35":{"line":356,"type":"if","locations":[{"start":{"line":356,"column":8},"end":{"line":356,"column":8}},{"start":{"line":356,"column":8},"end":{"line":356,"column":8}}]},"36":{"line":357,"type":"if","locations":[{"start":{"line":357,"column":8},"end":{"line":357,"column":8}},{"start":{"line":357,"column":8},"end":{"line":357,"column":8}}]},"37":{"line":358,"type":"if","locations":[{"start":{"line":358,"column":8},"end":{"line":358,"column":8}},{"start":{"line":358,"column":8},"end":{"line":358,"column":8}}]},"38":{"line":361,"type":"if","locations":[{"start":{"line":361,"column":8},"end":{"line":361,"column":8}},{"start":{"line":361,"column":8},"end":{"line":361,"column":8}}]},"39":{"line":381,"type":"if","locations":[{"start":{"line":381,"column":8},"end":{"line":381,"column":8}},{"start":{"line":381,"column":8},"end":{"line":381,"column":8}}]},"40":{"line":382,"type":"if","locations":[{"start":{"line":382,"column":8},"end":{"line":382,"column":8}},{"start":{"line":382,"column":8},"end":{"line":382,"column":8}}]},"41":{"line":383,"type":"if","locations":[{"start":{"line":383,"column":8},"end":{"line":383,"column":8}},{"start":{"line":383,"column":8},"end":{"line":383,"column":8}}]},"42":{"line":387,"type":"if","locations":[{"start":{"line":387,"column":8},"end":{"line":387,"column":8}},{"start":{"line":387,"column":8},"end":{"line":387,"column":8}}]},"43":{"line":419,"type":"if","locations":[{"start":{"line":419,"column":52},"end":{"line":419,"column":52}},{"start":{"line":419,"column":52},"end":{"line":419,"column":52}}]},"44":{"line":419,"type":"if","locations":[{"start":{"line":419,"column":65},"end":{"line":419,"column":65}},{"start":{"line":419,"column":65},"end":{"line":419,"column":65}}]},"45":{"line":425,"type":"if","locations":[{"start":{"line":425,"column":8},"end":{"line":425,"column":8}},{"start":{"line":425,"column":8},"end":{"line":425,"column":8}}]},"46":{"line":440,"type":"if","locations":[{"start":{"line":440,"column":8},"end":{"line":440,"column":8}},{"start":{"line":440,"column":8},"end":{"line":440,"column":8}}]},"47":{"line":458,"type":"if","locations":[{"start":{"line":458,"column":59},"end":{"line":458,"column":59}},{"start":{"line":458,"column":59},"end":{"line":458,"column":59}}]},"48":{"line":463,"type":"if","locations":[{"start":{"line":463,"column":8},"end":{"line":463,"column":8}},{"start":{"line":463,"column":8},"end":{"line":463,"column":8}}]},"49":{"line":467,"type":"if","locations":[{"start":{"line":467,"column":8},"end":{"line":467,"column":8}},{"start":{"line":467,"column":8},"end":{"line":467,"column":8}}]},"50":{"line":500,"type":"if","locations":[{"start":{"line":500,"column":8},"end":{"line":500,"column":8}},{"start":{"line":500,"column":8},"end":{"line":500,"column":8}}]},"51":{"line":501,"type":"if","locations":[{"start":{"line":501,"column":8},"end":{"line":501,"column":8}},{"start":{"line":501,"column":8},"end":{"line":501,"column":8}}]},"52":{"line":506,"type":"if","locations":[{"start":{"line":506,"column":8},"end":{"line":506,"column":8}},{"start":{"line":506,"column":8},"end":{"line":506,"column":8}}]},"53":{"line":506,"type":"cond-expr","locations":[{"start":{"line":506,"column":12},"end":{"line":506,"column":24}},{"start":{"line":506,"column":29},"end":{"line":506,"column":51}}]},"54":{"line":507,"type":"if","locations":[{"start":{"line":507,"column":8},"end":{"line":507,"column":8}},{"start":{"line":507,"column":8},"end":{"line":507,"column":8}}]},"55":{"line":510,"type":"if","locations":[{"start":{"line":510,"column":8},"end":{"line":510,"column":8}},{"start":{"line":510,"column":8},"end":{"line":510,"column":8}}]},"56":{"line":513,"type":"if","locations":[{"start":{"line":513,"column":8},"end":{"line":513,"column":8}},{"start":{"line":513,"column":8},"end":{"line":513,"column":8}}]},"57":{"line":516,"type":"if","locations":[{"start":{"line":516,"column":8},"end":{"line":516,"column":8}},{"start":{"line":516,"column":8},"end":{"line":516,"column":8}}]},"58":{"line":554,"type":"if","locations":[{"start":{"line":554,"column":8},"end":{"line":554,"column":8}},{"start":{"line":554,"column":8},"end":{"line":554,"column":8}}]},"59":{"line":572,"type":"if","locations":[{"start":{"line":572,"column":8},"end":{"line":572,"column":8}},{"start":{"line":572,"column":8},"end":{"line":572,"column":8}}]},"60":{"line":573,"type":"if","locations":[{"start":{"line":573,"column":8},"end":{"line":573,"column":8}},{"start":{"line":573,"column":8},"end":{"line":573,"column":8}}]},"61":{"line":578,"type":"if","locations":[{"start":{"line":578,"column":8},"end":{"line":578,"column":8}},{"start":{"line":578,"column":8},"end":{"line":578,"column":8}}]},"62":{"line":579,"type":"if","locations":[{"start":{"line":579,"column":8},"end":{"line":579,"column":8}},{"start":{"line":579,"column":8},"end":{"line":579,"column":8}}]},"63":{"line":582,"type":"if","locations":[{"start":{"line":582,"column":8},"end":{"line":582,"column":8}},{"start":{"line":582,"column":8},"end":{"line":582,"column":8}}]},"64":{"line":587,"type":"if","locations":[{"start":{"line":587,"column":8},"end":{"line":587,"column":8}},{"start":{"line":587,"column":8},"end":{"line":587,"column":8}}]},"65":{"line":604,"type":"if","locations":[{"start":{"line":604,"column":8},"end":{"line":604,"column":8}},{"start":{"line":604,"column":8},"end":{"line":604,"column":8}}]},"66":{"line":605,"type":"if","locations":[{"start":{"line":605,"column":8},"end":{"line":605,"column":8}},{"start":{"line":605,"column":8},"end":{"line":605,"column":8}}]},"67":{"line":612,"type":"if","locations":[{"start":{"line":612,"column":8},"end":{"line":612,"column":8}},{"start":{"line":612,"column":8},"end":{"line":612,"column":8}}]},"68":{"line":613,"type":"if","locations":[{"start":{"line":613,"column":8},"end":{"line":613,"column":8}},{"start":{"line":613,"column":8},"end":{"line":613,"column":8}}]},"69":{"line":616,"type":"if","locations":[{"start":{"line":616,"column":8},"end":{"line":616,"column":8}},{"start":{"line":616,"column":8},"end":{"line":616,"column":8}}]},"70":{"line":621,"type":"if","locations":[{"start":{"line":621,"column":8},"end":{"line":621,"column":8}},{"start":{"line":621,"column":8},"end":{"line":621,"column":8}}]},"71":{"line":646,"type":"if","locations":[{"start":{"line":646,"column":8},"end":{"line":646,"column":8}},{"start":{"line":646,"column":8},"end":{"line":646,"column":8}}]},"72":{"line":680,"type":"if","locations":[{"start":{"line":680,"column":8},"end":{"line":680,"column":8}},{"start":{"line":680,"column":8},"end":{"line":680,"column":8}}]},"73":{"line":680,"type":"cond-expr","locations":[{"start":{"line":680,"column":12},"end":{"line":680,"column":24}},{"start":{"line":680,"column":29},"end":{"line":680,"column":51}}]},"74":{"line":703,"type":"if","locations":[{"start":{"line":703,"column":12},"end":{"line":703,"column":12}},{"start":{"line":703,"column":12},"end":{"line":703,"column":12}}]},"75":{"line":703,"type":"cond-expr","locations":[{"start":{"line":703,"column":16},"end":{"line":703,"column":38}},{"start":{"line":703,"column":43},"end":{"line":703,"column":66}}]},"76":{"line":713,"type":"if","locations":[{"start":{"line":713,"column":12},"end":{"line":713,"column":12}},{"start":{"line":713,"column":12},"end":{"line":713,"column":12}}]},"77":{"line":713,"type":"cond-expr","locations":[{"start":{"line":713,"column":16},"end":{"line":713,"column":38}},{"start":{"line":713,"column":43},"end":{"line":713,"column":66}}]},"78":{"line":732,"type":"if","locations":[{"start":{"line":732,"column":12},"end":{"line":732,"column":12}},{"start":{"line":732,"column":12},"end":{"line":732,"column":12}}]},"79":{"line":732,"type":"cond-expr","locations":[{"start":{"line":732,"column":17},"end":{"line":732,"column":39}},{"start":{"line":732,"column":44},"end":{"line":732,"column":67}}]},"80":{"line":733,"type":"cond-expr","locations":[{"start":{"line":733,"column":17},"end":{"line":733,"column":60}},{"start":{"line":734,"column":17},"end":{"line":734,"column":61}}]},"81":{"line":733,"type":"cond-expr","locations":[{"start":{"line":733,"column":17},"end":{"line":734,"column":61}},{"start":{"line":735,"column":17},"end":{"line":735,"column":58}}]},"82":{"line":733,"type":"cond-expr","locations":[{"start":{"line":733,"column":17},"end":{"line":735,"column":58}},{"start":{"line":736,"column":17},"end":{"line":736,"column":59}}]},"83":{"line":746,"type":"if","locations":[{"start":{"line":746,"column":12},"end":{"line":746,"column":12}},{"start":{"line":746,"column":12},"end":{"line":746,"column":12}}]},"84":{"line":746,"type":"cond-expr","locations":[{"start":{"line":746,"column":17},"end":{"line":746,"column":39}},{"start":{"line":746,"column":44},"end":{"line":746,"column":67}}]},"85":{"line":747,"type":"cond-expr","locations":[{"start":{"line":747,"column":17},"end":{"line":747,"column":60}},{"start":{"line":748,"column":17},"end":{"line":748,"column":61}}]},"86":{"line":747,"type":"cond-expr","locations":[{"start":{"line":747,"column":17},"end":{"line":748,"column":61}},{"start":{"line":749,"column":17},"end":{"line":749,"column":58}}]},"87":{"line":747,"type":"cond-expr","locations":[{"start":{"line":747,"column":17},"end":{"line":749,"column":58}},{"start":{"line":750,"column":17},"end":{"line":750,"column":59}}]},"88":{"line":765,"type":"if","locations":[{"start":{"line":765,"column":8},"end":{"line":765,"column":8}},{"start":{"line":765,"column":8},"end":{"line":765,"column":8}}]},"89":{"line":765,"type":"cond-expr","locations":[{"start":{"line":765,"column":12},"end":{"line":765,"column":24}},{"start":{"line":765,"column":29},"end":{"line":765,"column":51}}]},"90":{"line":779,"type":"if","locations":[{"start":{"line":779,"column":12},"end":{"line":779,"column":12}},{"start":{"line":779,"column":12},"end":{"line":779,"column":12}}]},"91":{"line":779,"type":"cond-expr","locations":[{"start":{"line":779,"column":17},"end":{"line":779,"column":39}},{"start":{"line":779,"column":44},"end":{"line":779,"column":67}}]},"92":{"line":780,"type":"cond-expr","locations":[{"start":{"line":780,"column":17},"end":{"line":780,"column":60}},{"start":{"line":781,"column":17},"end":{"line":781,"column":61}}]},"93":{"line":780,"type":"cond-expr","locations":[{"start":{"line":780,"column":17},"end":{"line":781,"column":61}},{"start":{"line":782,"column":17},"end":{"line":782,"column":58}}]},"94":{"line":780,"type":"cond-expr","locations":[{"start":{"line":780,"column":17},"end":{"line":782,"column":58}},{"start":{"line":783,"column":17},"end":{"line":783,"column":59}}]},"95":{"line":821,"type":"if","locations":[{"start":{"line":821,"column":8},"end":{"line":821,"column":8}},{"start":{"line":821,"column":8},"end":{"line":821,"column":8}}]},"96":{"line":822,"type":"if","locations":[{"start":{"line":822,"column":8},"end":{"line":822,"column":8}},{"start":{"line":822,"column":8},"end":{"line":822,"column":8}}]},"97":{"line":823,"type":"if","locations":[{"start":{"line":823,"column":8},"end":{"line":823,"column":8}},{"start":{"line":823,"column":8},"end":{"line":823,"column":8}}]},"98":{"line":834,"type":"if","locations":[{"start":{"line":834,"column":8},"end":{"line":834,"column":8}},{"start":{"line":834,"column":8},"end":{"line":834,"column":8}}]},"99":{"line":835,"type":"if","locations":[{"start":{"line":835,"column":8},"end":{"line":835,"column":8}},{"start":{"line":835,"column":8},"end":{"line":835,"column":8}}]},"100":{"line":836,"type":"if","locations":[{"start":{"line":836,"column":8},"end":{"line":836,"column":8}},{"start":{"line":836,"column":8},"end":{"line":836,"column":8}}]},"101":{"line":852,"type":"if","locations":[{"start":{"line":852,"column":8},"end":{"line":852,"column":8}},{"start":{"line":852,"column":8},"end":{"line":852,"column":8}}]},"102":{"line":853,"type":"if","locations":[{"start":{"line":853,"column":8},"end":{"line":853,"column":8}},{"start":{"line":853,"column":8},"end":{"line":853,"column":8}}]},"103":{"line":857,"type":"if","locations":[{"start":{"line":857,"column":8},"end":{"line":857,"column":8}},{"start":{"line":857,"column":8},"end":{"line":857,"column":8}}]},"104":{"line":861,"type":"if","locations":[{"start":{"line":861,"column":8},"end":{"line":861,"column":8}},{"start":{"line":861,"column":8},"end":{"line":861,"column":8}}]},"105":{"line":862,"type":"if","locations":[{"start":{"line":862,"column":8},"end":{"line":862,"column":8}},{"start":{"line":862,"column":8},"end":{"line":862,"column":8}}]}}}}